-rw-------    1 1002     1001          203 Oct 31 22:01 A9801220101031000000.AVL
-rw-------    1 1002     1001          103 Oct 31 22:01 A9801220101031000000.CHK
-rw-------    1 1002     1001           25 Oct 31 22:01 A9801220101031000000.SUM
-rw-------    1 1002     1001          609 Oct 31 22:01 A9801220101031000001.AVL
-rw-------    1 1002     1001          103 Oct 31 22:01 A9801220101031000001.CHK
-rw-------    1 1002     1001            0 Oct 31 22:01 A9801220101031000002.AVL
-rw-------    1 1002     1001          103 Oct 31 22:01 A9801220101031000002.CHK
-rw-------    1 1002     1001          406 Oct 31 22:01 A9801220101031000003.AVL
-rw-------    1 1002     1001          103 Oct 31 22:01 A9801220101031000003.CHK
-rw-------    1 1002     1001            0 Oct 31 22:01 A9801220101031000004.AVL
-rw-------    1 1002     1001          103 Oct 31 22:01 A9801220101031000004.CHK
-rw-------    1 1002     1001          203 Oct 31 22:01 A9801220101031000005.AVL
-rw-------    1 1002     1001          103 Oct 31 22:01 A9801220101031000005.CHK
-rw-------    1 1002     1001          203 Oct 31 22:01 A9801220101031000006.AVL
-rw-------    1 1002     1001          103 Oct 31 22:01 A9801220101031000006.CHK
-rw-------    1 1002     1001          812 Oct 31 22:01 A9801220101031000007.AVL
-rw-------    1 1002     1001          103 Oct 31 22:01 A9801220101031000007.CHK
-rw-------    1 1002     1001          609 Oct 31 22:01 A9801220101031000008.AVL
-rw-------    1 1002     1001          103 Oct 31 22:01 A9801220101031000008.CHK
-rw-------    1 1002     1001            0 Oct 31 22:01 A9801220101031000009.AVL
-rw-------    1 1002     1001          103 Oct 31 22:01 A9801220101031000009.CHK
-rw-------    1 1002     1001          609 Oct 31 22:01 A9801220101031000010.AVL
-rw-------    1 1002     1001          103 Oct 31 22:01 A9801220101031000010.CHK
-rw-------    1 1002     1001          203 Oct 31 22:01 A9801220101031000011.AVL
-rw-------    1 1002     1001          103 Oct 31 22:01 A9801220101031000011.CHK
-rw-------    1 1002     1001            0 Oct 31 22:01 A9801220101031000012.AVL
-rw-------    1 1002     1001          103 Oct 31 22:01 A9801220101031000012.CHK
-rw-------    1 1002     1001          203 Oct 31 22:01 A9801220101031000013.AVL
-rw-------    1 1002     1001          103 Oct 31 22:01 A9801220101031000013.CHK
-rw-------    1 1002     1001            0 Oct 31 22:01 A9801220101031000014.AVL
-rw-------    1 1002     1001          103 Oct 31 22:01 A9801220101031000014.CHK
-rw-------    1 1002     1001            0 Oct 31 22:01 A9801220101031000015.AVL
-rw-------    1 1002     1001          103 Oct 31 22:01 A9801220101031000015.CHK
-rw-------    1 1002     1001            0 Oct 31 22:01 A9801220101031000016.AVL
-rw-------    1 1002     1001          103 Oct 31 22:01 A9801220101031000016.CHK
-rw-------    1 1002     1001          203 Oct 31 22:01 A9801220101031000017.AVL
-rw-------    1 1002     1001          103 Oct 31 22:01 A9801220101031000017.CHK
-rw-------    1 1002     1001          203 Oct 31 22:01 A9801220101031000018.AVL
-rw-------    1 1002     1001          103 Oct 31 22:01 A9801220101031000018.CHK
-rw-------    1 1002     1001            0 Oct 31 22:01 A9801220101031000019.AVL
-rw-------    1 1002     1001          103 Oct 31 22:01 A9801220101031000019.CHK
-rw-------    1 1002     1001          203 Oct 31 22:01 A9801220101031000020.AVL
-rw-------    1 1002     1001          103 Oct 31 22:01 A9801220101031000020.CHK
-rw-------    1 1002     1001            0 Oct 31 22:01 A9801220101031000021.AVL
-rw-------    1 1002     1001          103 Oct 31 22:01 A9801220101031000021.CHK
-rw-------    1 1002     1001            0 Oct 31 22:01 A9801220101031000022.AVL
-rw-------    1 1002     1001          103 Oct 31 22:01 A9801220101031000022.CHK
-rw-------    1 1002     1001            0 Oct 31 22:01 A9801220101031000023.AVL
-rw-------    1 1002     1001          103 Oct 31 22:01 A9801220101031000023.CHK
-rw-------    1 1002     1001            0 Oct 31 22:01 A9801220101031000024.AVL
-rw-------    1 1002     1001          103 Oct 31 22:01 A9801220101031000024.CHK
-rw-------    1 1002     1001            0 Oct 31 22:01 A9801220101031000025.AVL
-rw-------    1 1002     1001          103 Oct 31 22:01 A9801220101031000025.CHK
-rw-------    1 1002     1001            0 Oct 31 22:01 A9801220101031000026.AVL
-rw-------    1 1002     1001          103 Oct 31 22:01 A9801220101031000026.CHK
-rw-------    1 1002     1001          406 Oct 31 22:01 A9801220101031000027.AVL
-rw-------    1 1002     1001          103 Oct 31 22:01 A9801220101031000027.CHK
-rw-------    1 1002     1001            0 Oct 31 22:01 A9801220101031000028.AVL
-rw-------    1 1002     1001          103 Oct 31 22:01 A9801220101031000028.CHK
-rw-------    1 1002     1001          406 Oct 31 22:01 A9801220101031000029.AVL
-rw-------    1 1002     1001          103 Oct 31 22:01 A9801220101031000029.CHK
-rw-------    1 1002     1001          203 Oct 31 22:01 A9801220101031000030.AVL
-rw-------    1 1002     1001          103 Oct 31 22:01 A9801220101031000030.CHK
-rw-------    1 1002     1001          203 Oct 31 22:01 A9801220101031000031.AVL
-rw-------    1 1002     1001          103 Oct 31 22:01 A9801220101031000031.CHK
-rw-------    1 1002     1001            0 Oct 31 22:01 A9801220101031000032.AVL
-rw-------    1 1002     1001          103 Oct 31 22:01 A9801220101031000032.CHK
-rw-------    1 1002     1001            0 Oct 31 22:01 A9801220101031000033.AVL
-rw-------    1 1002     1001          103 Oct 31 22:01 A9801220101031000033.CHK
-rw-------    1 1002     1001          203 Oct 31 22:01 A9801220101031000034.AVL
-rw-------    1 1002     1001          103 Oct 31 22:01 A9801220101031000034.CHK
-rw-------    1 1002     1001            0 Oct 31 22:01 A9801220101031000035.AVL
-rw-------    1 1002     1001          103 Oct 31 22:01 A9801220101031000035.CHK
-rw-------    1 1002     1001            0 Oct 31 22:01 A9801220101031000036.AVL
-rw-------    1 1002     1001          103 Oct 31 22:01 A9801220101031000036.CHK
-rw-------    1 1002     1001            0 Oct 31 22:01 A9801220101031000037.AVL
-rw-------    1 1002     1001          103 Oct 31 22:01 A9801220101031000037.CHK
-rw-------    1 1002     1001            0 Oct 31 22:01 A9801220101031000038.AVL
-rw-------    1 1002     1001          103 Oct 31 22:01 A9801220101031000038.CHK
-rw-------    1 1002     1001            0 Oct 31 22:01 A9801220101031000039.AVL
-rw-------    1 1002     1001          103 Oct 31 22:01 A9801220101031000039.CHK
-rw-------    1 1002     1001            0 Oct 31 22:01 A9801220101031000040.AVL
-rw-------    1 1002     1001          103 Oct 31 22:01 A9801220101031000040.CHK
-rw-------    1 1002     1001          406 Oct 31 22:01 A9801220101031000041.AVL
-rw-------    1 1002     1001          103 Oct 31 22:01 A9801220101031000041.CHK
-rw-------    1 1002     1001            0 Oct 31 22:01 A9801220101031000042.AVL
-rw-------    1 1002     1001          103 Oct 31 22:01 A9801220101031000042.CHK
-rw-------    1 1002     1001            0 Oct 31 22:01 A9801220101031000043.AVL
-rw-------    1 1002     1001          103 Oct 31 22:01 A9801220101031000043.CHK
-rw-------    1 1002     1001            0 Oct 31 22:01 A9801220101031000044.AVL
-rw-------    1 1002     1001          103 Oct 31 22:01 A9801220101031000044.CHK
-rw-------    1 1002     1001            0 Oct 31 22:01 A9801220101031000045.AVL
-rw-------    1 1002     1001          103 Oct 31 22:01 A9801220101031000045.CHK
-rw-------    1 1002     1001            0 Oct 31 22:01 A9801220101031000046.AVL
-rw-------    1 1002     1001          103 Oct 31 22:01 A9801220101031000046.CHK
-rw-------    1 1002     1001            0 Oct 31 22:01 A9801220101031000047.AVL
-rw-------    1 1002     1001          103 Oct 31 22:01 A9801220101031000047.CHK
-rw-------    1 1002     1001            0 Oct 31 22:01 A9801220101031000048.AVL
-rw-------    1 1002     1001          103 Oct 31 22:01 A9801220101031000048.CHK
-rw-------    1 1002     1001            0 Oct 31 22:01 A9801220101031000049.AVL
-rw-------    1 1002     1001          103 Oct 31 22:01 A9801220101031000049.CHK
-rw-------    1 1002     1001            0 Oct 31 22:01 A9801220101031000050.AVL
-rw-------    1 1002     1001          103 Oct 31 22:01 A9801220101031000050.CHK
-rw-------    1 1002     1001            0 Oct 31 22:01 A9801220101031000051.AVL
-rw-------    1 1002     1001          103 Oct 31 22:01 A9801220101031000051.CHK
-rw-------    1 1002     1001            0 Oct 31 22:01 A9801220101031000052.AVL
-rw-------    1 1002     1001          103 Oct 31 22:01 A9801220101031000052.CHK
-rw-------    1 1002     1001            0 Oct 31 22:01 A9801220101031000053.AVL
-rw-------    1 1002     1001          103 Oct 31 22:01 A9801220101031000053.CHK
-rw-------    1 1002     1001            0 Oct 31 22:01 A9801220101031000054.AVL
-rw-------    1 1002     1001          103 Oct 31 22:01 A9801220101031000054.CHK
-rw-------    1 1002     1001            0 Oct 31 22:01 A9801220101031000055.AVL
-rw-------    1 1002     1001          103 Oct 31 22:01 A9801220101031000055.CHK
-rw-------    1 1002     1001            0 Oct 31 22:01 A9801220101031000056.AVL
-rw-------    1 1002     1001          103 Oct 31 22:01 A9801220101031000056.CHK
-rw-------    1 1002     1001            0 Oct 31 22:01 A9801220101031000057.AVL
-rw-------    1 1002     1001          103 Oct 31 22:01 A9801220101031000057.CHK
-rw-------    1 1002     1001            0 Oct 31 22:01 A9801220101031000058.AVL
-rw-------    1 1002     1001          103 Oct 31 22:01 A9801220101031000058.CHK
-rw-------    1 1002     1001            0 Oct 31 22:01 A9801220101031000059.AVL
-rw-------    1 1002     1001          103 Oct 31 22:01 A9801220101031000059.CHK
-rw-------    1 1002     1001          406 Oct 31 22:01 A9801220101031000060.AVL
-rw-------    1 1002     1001          103 Oct 31 22:01 A9801220101031000060.CHK
-rw-------    1 1002     1001          203 Oct 31 22:01 A9801220101031000061.AVL
-rw-------    1 1002     1001          103 Oct 31 22:01 A9801220101031000061.CHK
-rw-------    1 1002     1001            0 Oct 31 22:01 A9801220101031000062.AVL
-rw-------    1 1002     1001          103 Oct 31 22:01 A9801220101031000062.CHK
-rw-------    1 1002     1001            0 Oct 31 22:01 A9801220101031000063.AVL
-rw-------    1 1002     1001          103 Oct 31 22:01 A9801220101031000063.CHK
-rw-------    1 1002     1001            0 Oct 31 22:01 A9801220101031000064.AVL
-rw-------    1 1002     1001          103 Oct 31 22:01 A9801220101031000064.CHK
-rw-------    1 1002     1001            0 Oct 31 22:01 A9801220101031000065.AVL
-rw-------    1 1002     1001          103 Oct 31 22:01 A9801220101031000065.CHK
-rw-------    1 1002     1001            0 Oct 31 22:01 A9801220101031000066.AVL
-rw-------    1 1002     1001          103 Oct 31 22:01 A9801220101031000066.CHK
-rw-------    1 1002     1001          203 Oct 31 22:01 A9801220101031000067.AVL
-rw-------    1 1002     1001          103 Oct 31 22:01 A9801220101031000067.CHK
-rw-------    1 1002     1001            0 Oct 31 22:01 A9801220101031000068.AVL
-rw-------    1 1002     1001          103 Oct 31 22:01 A9801220101031000068.CHK
-rw-------    1 1002     1001          203 Oct 31 22:01 A9801220101031000069.AVL
-rw-------    1 1002     1001          103 Oct 31 22:01 A9801220101031000069.CHK
-rw-------    1 1002     1001            0 Oct 31 22:01 A9801220101031000070.AVL
-rw-------    1 1002     1001          103 Oct 31 22:01 A9801220101031000070.CHK
-rw-------    1 1002     1001            0 Oct 31 22:01 A9801220101031000071.AVL
-rw-------    1 1002     1001          103 Oct 31 22:01 A9801220101031000071.CHK
-rw-------    1 1002     1001            0 Oct 31 22:01 A9801220101031000072.AVL
-rw-------    1 1002     1001          103 Oct 31 22:01 A9801220101031000072.CHK
-rw-------    1 1002     1001            0 Oct 31 22:01 A9801220101031000073.AVL
-rw-------    1 1002     1001          103 Oct 31 22:01 A9801220101031000073.CHK
-rw-------    1 1002     1001            0 Oct 31 22:01 A9801220101031000074.AVL
-rw-------    1 1002     1001          103 Oct 31 22:01 A9801220101031000074.CHK
-rw-------    1 1002     1001            0 Oct 31 22:01 A9801220101031000075.AVL
-rw-------    1 1002     1001          103 Oct 31 22:01 A9801220101031000075.CHK
-rw-------    1 1002     1001          406 Oct 31 22:01 A9801220101031000076.AVL
-rw-------    1 1002     1001          103 Oct 31 22:01 A9801220101031000076.CHK
-rw-------    1 1002     1001            0 Oct 31 22:01 A9801220101031000077.AVL
-rw-------    1 1002     1001          103 Oct 31 22:01 A9801220101031000077.CHK
-rw-------    1 1002     1001            0 Oct 31 22:01 A9801220101031000078.AVL
-rw-------    1 1002     1001          103 Oct 31 22:01 A9801220101031000078.CHK
-rw-------    1 1002     1001          203 Oct 31 22:01 A9801220101031000079.AVL
-rw-------    1 1002     1001          103 Oct 31 22:01 A9801220101031000079.CHK
-rw-------    1 1002     1001            0 Oct 31 22:01 A9801220101031000080.AVL
-rw-------    1 1002     1001          103 Oct 31 22:01 A9801220101031000080.CHK
-rw-------    1 1002     1001          203 Oct 31 22:01 A9801220101031000081.AVL
-rw-------    1 1002     1001          103 Oct 31 22:01 A9801220101031000081.CHK
-rw-------    1 1002     1001            0 Oct 31 22:01 A9801220101031000082.AVL
-rw-------    1 1002     1001          103 Oct 31 22:01 A9801220101031000082.CHK
-rw-------    1 1002     1001          203 Oct 31 22:01 A9801220101031000083.AVL
-rw-------    1 1002     1001          103 Oct 31 22:01 A9801220101031000083.CHK
-rw-------    1 1002     1001          203 Oct 31 22:01 A9801220101031000084.AVL
-rw-------    1 1002     1001          103 Oct 31 22:01 A9801220101031000084.CHK
-rw-------    1 1002     1001            0 Oct 31 22:01 A9801220101031000085.AVL
-rw-------    1 1002     1001          103 Oct 31 22:01 A9801220101031000085.CHK
-rw-------    1 1002     1001          203 Oct 31 22:01 A9801220101031000086.AVL
-rw-------    1 1002     1001          103 Oct 31 22:01 A9801220101031000086.CHK
-rw-------    1 1002     1001          406 Oct 31 22:01 A9801220101031000087.AVL
-rw-------    1 1002     1001          103 Oct 31 22:01 A9801220101031000087.CHK
-rw-------    1 1002     1001          203 Oct 31 22:01 A9801220101031000088.AVL
-rw-------    1 1002     1001          103 Oct 31 22:01 A9801220101031000088.CHK
-rw-------    1 1002     1001          406 Oct 31 22:01 A9801220101031000089.AVL
-rw-------    1 1002     1001          103 Oct 31 22:01 A9801220101031000089.CHK
-rw-------    1 1002     1001          203 Oct 31 22:01 A9801220101031000090.AVL
-rw-------    1 1002     1001          103 Oct 31 22:01 A9801220101031000090.CHK
-rw-------    1 1002     1001          203 Oct 31 22:01 A9801220101031000091.AVL
-rw-------    1 1002     1001          103 Oct 31 22:01 A9801220101031000091.CHK
-rw-------    1 1002     1001            0 Oct 31 22:01 A9801220101031000092.AVL
-rw-------    1 1002     1001          103 Oct 31 22:01 A9801220101031000092.CHK
-rw-------    1 1002     1001            0 Oct 31 22:01 A9801220101031000093.AVL
-rw-------    1 1002     1001          103 Oct 31 22:01 A9801220101031000093.CHK
-rw-------    1 1002     1001            0 Oct 31 22:01 A9801220101031000094.AVL
-rw-------    1 1002     1001          103 Oct 31 22:01 A9801220101031000094.CHK
-rw-------    1 1002     1001            0 Oct 31 22:01 A9801220101031000095.AVL
-rw-------    1 1002     1001          103 Oct 31 22:01 A9801220101031000095.CHK
-rw-------    1 1002     1001          203 Oct 31 22:01 A9801220101031000096.AVL
-rw-------    1 1002     1001          103 Oct 31 22:01 A9801220101031000096.CHK
-rw-------    1 1002     1001          406 Oct 31 22:01 A9801220101031000097.AVL
-rw-------    1 1002     1001          103 Oct 31 22:01 A9801220101031000097.CHK
-rw-------    1 1002     1001          203 Oct 31 22:01 A9801220101031000098.AVL
-rw-------    1 1002     1001          103 Oct 31 22:01 A9801220101031000098.CHK
-rw-------    1 1002     1001            0 Oct 31 22:01 A9801220101031000099.AVL
-rw-------    1 1002     1001          103 Oct 31 22:01 A9801220101031000099.CHK
-rw-------    1 1002     1001          203 Oct 31 22:01 A9801220101031000100.AVL
-rw-------    1 1002     1001          103 Oct 31 22:01 A9801220101031000100.CHK
-rw-------    1 1002     1001          406 Oct 31 22:01 A9801220101031000101.AVL
-rw-------    1 1002     1001          103 Oct 31 22:01 A9801220101031000101.CHK
-rw-------    1 1002     1001          406 Oct 31 22:01 A9801220101031000102.AVL
-rw-------    1 1002     1001          103 Oct 31 22:01 A9801220101031000102.CHK
-rw-------    1 1002     1001          203 Oct 31 22:01 A9801220101031000103.AVL
-rw-------    1 1002     1001          103 Oct 31 22:01 A9801220101031000103.CHK
-rw-------    1 1002     1001          203 Oct 31 22:01 A9801220101031000104.AVL
-rw-------    1 1002     1001          103 Oct 31 22:01 A9801220101031000104.CHK
-rw-------    1 1002     1001          203 Oct 31 22:01 A9801220101031000105.AVL
-rw-------    1 1002     1001          103 Oct 31 22:01 A9801220101031000105.CHK
-rw-------    1 1002     1001            0 Oct 31 22:01 A9801220101031000106.AVL
-rw-------    1 1002     1001          103 Oct 31 22:01 A9801220101031000106.CHK
-rw-------    1 1002     1001            0 Oct 31 22:01 A9801220101031000107.AVL
-rw-------    1 1002     1001          103 Oct 31 22:01 A9801220101031000107.CHK
-rw-------    1 1002     1001          609 Oct 31 22:01 A9801220101031000108.AVL
-rw-------    1 1002     1001          103 Oct 31 22:01 A9801220101031000108.CHK
-rw-------    1 1002     1001          609 Oct 31 22:01 A9801220101031000109.AVL
-rw-------    1 1002     1001          103 Oct 31 22:01 A9801220101031000109.CHK
-rw-------    1 1002     1001          203 Oct 31 22:01 A9801220101031000110.AVL
-rw-------    1 1002     1001          103 Oct 31 22:01 A9801220101031000110.CHK
-rw-------    1 1002     1001          609 Oct 31 22:01 A9801220101031000111.AVL
-rw-------    1 1002     1001          103 Oct 31 22:01 A9801220101031000111.CHK
-rw-------    1 1002     1001            0 Oct 31 22:01 A9801220101031000112.AVL
-rw-------    1 1002     1001          103 Oct 31 22:01 A9801220101031000112.CHK
-rw-------    1 1002     1001            0 Oct 31 22:01 A9801220101031000113.AVL
-rw-------    1 1002     1001          103 Oct 31 22:01 A9801220101031000113.CHK
-rw-------    1 1002     1001            0 Oct 31 22:01 A9801220101031000114.AVL
-rw-------    1 1002     1001          103 Oct 31 22:01 A9801220101031000114.CHK
-rw-------    1 1002     1001         1421 Oct 31 22:01 A9801220101031000115.AVL
-rw-------    1 1002     1001          103 Oct 31 22:01 A9801220101031000115.CHK
-rw-------    1 1002     1001            0 Oct 31 22:01 A9801220101031000116.AVL
-rw-------    1 1002     1001          103 Oct 31 22:01 A9801220101031000116.CHK
-rw-------    1 1002     1001          203 Oct 31 22:01 A9801220101031000117.AVL
-rw-------    1 1002     1001          103 Oct 31 22:01 A9801220101031000117.CHK
-rw-------    1 1002     1001            0 Oct 31 22:01 A9801220101031000118.AVL
-rw-------    1 1002     1001          103 Oct 31 22:01 A9801220101031000118.CHK
-rw-------    1 1002     1001          203 Oct 31 22:01 A9801220101031000119.AVL
-rw-------    1 1002     1001          103 Oct 31 22:01 A9801220101031000119.CHK
-rw-------    1 1002     1001            0 Oct 31 22:01 A9801220101031000120.AVL
-rw-------    1 1002     1001          103 Oct 31 22:01 A9801220101031000120.CHK
-rw-------    1 1002     1001          609 Oct 31 22:01 A9801220101031000121.AVL
-rw-------    1 1002     1001          103 Oct 31 22:01 A9801220101031000121.CHK
-rw-------    1 1002     1001            0 Oct 31 22:01 A9801220101031000122.AVL
-rw-------    1 1002     1001          103 Oct 31 22:01 A9801220101031000122.CHK
-rw-------    1 1002     1001          609 Oct 31 22:01 A9801220101031000123.AVL
-rw-------    1 1002     1001          103 Oct 31 22:01 A9801220101031000123.CHK
-rw-------    1 1002     1001            0 Oct 31 22:01 A9801220101031000124.AVL
-rw-------    1 1002     1001          103 Oct 31 22:01 A9801220101031000124.CHK
-rw-------    1 1002     1001            0 Oct 31 22:01 A9801220101031000125.AVL
-rw-------    1 1002     1001          103 Oct 31 22:01 A9801220101031000125.CHK
-rw-------    1 1002     1001            0 Oct 31 22:01 A9801220101031000126.AVL
-rw-------    1 1002     1001          103 Oct 31 22:01 A9801220101031000126.CHK
-rw-------    1 1002     1001          406 Oct 31 22:01 A9801220101031000127.AVL
-rw-------    1 1002     1001          103 Oct 31 22:01 A9801220101031000127.CHK
-rw-------    1 1002     1001            0 Oct 31 22:01 A9801220101031000128.AVL
-rw-------    1 1002     1001          103 Oct 31 22:01 A9801220101031000128.CHK
-rw-------    1 1002     1001          406 Oct 31 22:01 A9801220101031000129.AVL
-rw-------    1 1002     1001          103 Oct 31 22:01 A9801220101031000129.CHK
-rw-------    1 1002     1001          203 Oct 31 22:01 A9801220101031000130.AVL
-rw-------    1 1002     1001          103 Oct 31 22:01 A9801220101031000130.CHK
-rw-------    1 1002     1001            0 Oct 31 22:01 A9801220101031000131.AVL
-rw-------    1 1002     1001          103 Oct 31 22:01 A9801220101031000131.CHK
-rw-------    1 1002     1001          406 Oct 31 22:01 A9801220101031000132.AVL
-rw-------    1 1002     1001          103 Oct 31 22:01 A9801220101031000132.CHK
-rw-------    1 1002     1001          812 Oct 31 22:01 A9801220101031000133.AVL
-rw-------    1 1002     1001          103 Oct 31 22:01 A9801220101031000133.CHK
-rw-------    1 1002     1001         1015 Oct 31 22:01 A9801220101031000134.AVL
-rw-------    1 1002     1001          103 Oct 31 22:01 A9801220101031000134.CHK
-rw-------    1 1002     1001          203 Oct 31 22:01 A9801220101031000135.AVL
-rw-------    1 1002     1001          103 Oct 31 22:01 A9801220101031000135.CHK
-rw-------    1 1002     1001          812 Oct 31 22:01 A9801220101031000136.AVL
-rw-------    1 1002     1001          103 Oct 31 22:01 A9801220101031000136.CHK
-rw-------    1 1002     1001          406 Oct 31 22:01 A9801220101031000137.AVL
-rw-------    1 1002     1001          103 Oct 31 22:01 A9801220101031000137.CHK
-rw-------    1 1002     1001          203 Oct 31 22:01 A9801220101031000138.AVL
-rw-------    1 1002     1001          103 Oct 31 22:01 A9801220101031000138.CHK
-rw-------    1 1002     1001          203 Oct 31 22:01 A9801220101031000139.AVL
-rw-------    1 1002     1001          103 Oct 31 22:01 A9801220101031000139.CHK
-rw-------    1 1002     1001          406 Oct 31 22:01 A9801220101031000140.AVL
-rw-------    1 1002     1001          103 Oct 31 22:01 A9801220101031000140.CHK
-rw-------    1 1002     1001            0 Oct 31 22:01 A9801220101031000141.AVL
-rw-------    1 1002     1001          103 Oct 31 22:01 A9801220101031000141.CHK
-rw-------    1 1002     1001          609 Oct 31 22:01 A9801220101031000142.AVL
-rw-------    1 1002     1001          103 Oct 31 22:01 A9801220101031000142.CHK
-rw-------    1 1002     1001          406 Oct 31 22:01 A9801220101031000143.AVL
-rw-------    1 1002     1001          103 Oct 31 22:01 A9801220101031000143.CHK
-rw-------    1 1002     1001          203 Oct 31 22:01 A9801220101031000144.AVL
-rw-------    1 1002     1001          103 Oct 31 22:01 A9801220101031000144.CHK
-rw-------    1 1002     1001          406 Oct 31 22:01 A9801220101031000145.AVL
-rw-------    1 1002     1001          103 Oct 31 22:01 A9801220101031000145.CHK
-rw-------    1 1002     1001          406 Oct 31 22:01 A9801220101031000146.AVL
-rw-------    1 1002     1001          103 Oct 31 22:01 A9801220101031000146.CHK
-rw-------    1 1002     1001         1218 Oct 31 22:01 A9801220101031000147.AVL
-rw-------    1 1002     1001          103 Oct 31 22:01 A9801220101031000147.CHK
-rw-------    1 1002     1001          203 Oct 31 22:01 A9801220101031000148.AVL
-rw-------    1 1002     1001          103 Oct 31 22:01 A9801220101031000148.CHK
-rw-------    1 1002     1001            0 Oct 31 22:01 A9801220101031000149.AVL
-rw-------    1 1002     1001          103 Oct 31 22:01 A9801220101031000149.CHK
-rw-------    1 1002     1001          203 Oct 31 22:01 A9801220101031000150.AVL
-rw-------    1 1002     1001          103 Oct 31 22:01 A9801220101031000150.CHK
-rw-------    1 1002     1001          812 Oct 31 22:01 A9801220101031000151.AVL
-rw-------    1 1002     1001          103 Oct 31 22:01 A9801220101031000151.CHK
-rw-------    1 1002     1001          609 Oct 31 22:01 A9801220101031000152.AVL
-rw-------    1 1002     1001          103 Oct 31 22:01 A9801220101031000152.CHK
-rw-------    1 1002     1001            0 Oct 31 22:01 A9801220101031000153.AVL
-rw-------    1 1002     1001          103 Oct 31 22:01 A9801220101031000153.CHK
-rw-------    1 1002     1001            0 Oct 31 22:01 A9801220101031000154.AVL
-rw-------    1 1002     1001          103 Oct 31 22:01 A9801220101031000154.CHK
-rw-------    1 1002     1001          406 Oct 31 22:01 A9801220101031000155.AVL
-rw-------    1 1002     1001          103 Oct 31 22:01 A9801220101031000155.CHK
-rw-------    1 1002     1001          609 Oct 31 22:01 A9801220101031000156.AVL
-rw-------    1 1002     1001          103 Oct 31 22:01 A9801220101031000156.CHK
-rw-------    1 1002     1001         1218 Oct 31 22:01 A9801220101031000157.AVL
-rw-------    1 1002     1001          103 Oct 31 22:01 A9801220101031000157.CHK
-rw-------    1 1002     1001          609 Oct 31 22:01 A9801220101031000158.AVL
-rw-------    1 1002     1001          103 Oct 31 22:01 A9801220101031000158.CHK
-rw-------    1 1002     1001         1218 Oct 31 22:01 A9801220101031000159.AVL
-rw-------    1 1002     1001          103 Oct 31 22:01 A9801220101031000159.CHK
-rw-------    1 1002     1001          812 Oct 31 22:01 A9801220101031000160.AVL
-rw-------    1 1002     1001          103 Oct 31 22:01 A9801220101031000160.CHK
-rw-------    1 1002     1001         1218 Oct 31 22:01 A9801220101031000161.AVL
-rw-------    1 1002     1001          103 Oct 31 22:01 A9801220101031000161.CHK
-rw-------    1 1002     1001            0 Oct 31 22:01 A9801220101031000162.AVL
-rw-------    1 1002     1001          103 Oct 31 22:01 A9801220101031000162.CHK
-rw-------    1 1002     1001          609 Oct 31 22:01 A9801220101031000163.AVL
-rw-------    1 1002     1001          103 Oct 31 22:01 A9801220101031000163.CHK
-rw-------    1 1002     1001          609 Oct 31 22:01 A9801220101031000164.AVL
-rw-------    1 1002     1001          103 Oct 31 22:01 A9801220101031000164.CHK
-rw-------    1 1002     1001            0 Oct 31 22:01 A9801220101031000165.AVL
-rw-------    1 1002     1001          103 Oct 31 22:01 A9801220101031000165.CHK
-rw-------    1 1002     1001            0 Oct 31 22:01 A9801220101031000166.AVL
-rw-------    1 1002     1001          103 Oct 31 22:01 A9801220101031000166.CHK
-rw-------    1 1002     1001            0 Oct 31 22:01 A9801220101031000167.AVL
-rw-------    1 1002     1001          103 Oct 31 22:01 A9801220101031000167.CHK
-rw-------    1 1002     1001            0 Oct 31 22:01 A9801220101031000168.AVL
-rw-------    1 1002     1001          103 Oct 31 22:01 A9801220101031000168.CHK
-rw-------    1 1002     1001          406 Oct 31 22:01 A9801220101031000169.AVL
-rw-------    1 1002     1001          103 Oct 31 22:01 A9801220101031000169.CHK
-rw-------    1 1002     1001          203 Oct 31 22:01 A9801220101031000170.AVL
-rw-------    1 1002     1001          103 Oct 31 22:01 A9801220101031000170.CHK
-rw-------    1 1002     1001          406 Oct 31 22:01 A9801220101031000171.AVL
-rw-------    1 1002     1001          103 Oct 31 22:01 A9801220101031000171.CHK
-rw-------    1 1002     1001          812 Oct 31 22:01 A9801220101031000172.AVL
-rw-------    1 1002     1001          103 Oct 31 22:01 A9801220101031000172.CHK
-rw-------    1 1002     1001          203 Oct 31 22:01 A9801220101031000173.AVL
-rw-------    1 1002     1001          103 Oct 31 22:01 A9801220101031000173.CHK
-rw-------    1 1002     1001          203 Oct 31 22:01 A9801220101031000174.AVL
-rw-------    1 1002     1001          103 Oct 31 22:01 A9801220101031000174.CHK
-rw-------    1 1002     1001          203 Oct 31 22:01 A9801220101031000175.AVL
-rw-------    1 1002     1001          103 Oct 31 22:01 A9801220101031000175.CHK
-rw-------    1 1002     1001          812 Oct 31 22:01 A9801220101031000176.AVL
-rw-------    1 1002     1001          103 Oct 31 22:01 A9801220101031000176.CHK
-rw-------    1 1002     1001            0 Oct 31 22:01 A9801220101031000177.AVL
-rw-------    1 1002     1001          103 Oct 31 22:01 A9801220101031000177.CHK
-rw-------    1 1002     1001          609 Oct 31 22:01 A9801220101031000178.AVL
-rw-------    1 1002     1001          103 Oct 31 22:01 A9801220101031000178.CHK
-rw-------    1 1002     1001          203 Oct 31 22:01 A9801220101031000179.AVL
-rw-------    1 1002     1001          103 Oct 31 22:01 A9801220101031000179.CHK
-rw-------    1 1002     1001            0 Oct 31 22:01 A9801220101031000180.AVL
-rw-------    1 1002     1001          103 Oct 31 22:01 A9801220101031000180.CHK
-rw-------    1 1002     1001          609 Oct 31 22:01 A9801220101031000181.AVL
-rw-------    1 1002     1001          103 Oct 31 22:01 A9801220101031000181.CHK
-rw-------    1 1002     1001          406 Oct 31 22:01 A9801220101031000182.AVL
-rw-------    1 1002     1001          103 Oct 31 22:01 A9801220101031000182.CHK
-rw-------    1 1002     1001          812 Oct 31 22:01 A9801220101031000183.AVL
-rw-------    1 1002     1001          103 Oct 31 22:01 A9801220101031000183.CHK
-rw-------    1 1002     1001            0 Oct 31 22:01 A9801220101031000184.AVL
-rw-------    1 1002     1001          103 Oct 31 22:01 A9801220101031000184.CHK
-rw-------    1 1002     1001          406 Oct 31 22:01 A9801220101031000185.AVL
-rw-------    1 1002     1001          103 Oct 31 22:01 A9801220101031000185.CHK
-rw-------    1 1002     1001          609 Oct 31 22:01 A9801220101031000186.AVL
-rw-------    1 1002     1001          103 Oct 31 22:01 A9801220101031000186.CHK
-rw-------    1 1002     1001         1015 Oct 31 22:01 A9801220101031000187.AVL
-rw-------    1 1002     1001          103 Oct 31 22:01 A9801220101031000187.CHK
-rw-------    1 1002     1001            0 Oct 31 22:01 A9801220101031000188.AVL
-rw-------    1 1002     1001          103 Oct 31 22:01 A9801220101031000188.CHK
-rw-------    1 1002     1001          812 Oct 31 22:01 A9801220101031000189.AVL
-rw-------    1 1002     1001          103 Oct 31 22:01 A9801220101031000189.CHK
-rw-------    1 1002     1001          203 Oct 31 22:01 A9801220101031000190.AVL
-rw-------    1 1002     1001          103 Oct 31 22:01 A9801220101031000190.CHK
-rw-------    1 1002     1001            0 Oct 31 22:01 A9801220101031000191.AVL
-rw-------    1 1002     1001          103 Oct 31 22:01 A9801220101031000191.CHK
-rw-------    1 1002     1001          203 Oct 31 22:01 A9801220101031000192.AVL
-rw-------    1 1002     1001          103 Oct 31 22:01 A9801220101031000192.CHK
-rw-------    1 1002     1001            0 Oct 31 22:01 A9801220101031000193.AVL
-rw-------    1 1002     1001          103 Oct 31 22:01 A9801220101031000193.CHK
-rw-------    1 1002     1001          609 Oct 31 22:01 A9801220101031000194.AVL
-rw-------    1 1002     1001          103 Oct 31 22:01 A9801220101031000194.CHK
-rw-------    1 1002     1001            0 Oct 31 22:01 A9801220101031000195.AVL
-rw-------    1 1002     1001          103 Oct 31 22:01 A9801220101031000195.CHK
-rw-------    1 1002     1001          609 Oct 31 22:01 A9801220101031000196.AVL
-rw-------    1 1002     1001          103 Oct 31 22:01 A9801220101031000196.CHK
-rw-------    1 1002     1001          406 Oct 31 22:01 A9801220101031000197.AVL
-rw-------    1 1002     1001          103 Oct 31 22:01 A9801220101031000197.CHK
-rw-------    1 1002     1001          406 Oct 31 22:01 A9801220101031000198.AVL
-rw-------    1 1002     1001          103 Oct 31 22:01 A9801220101031000198.CHK
-rw-------    1 1002     1001          203 Oct 31 22:01 A9801220101031000199.AVL
-rw-------    1 1002     1001          103 Oct 31 22:01 A9801220101031000199.CHK
-rw-------    1 1002     1001          203 Oct 31 22:01 A9801220101031000200.AVL
-rw-------    1 1002     1001          103 Oct 31 22:01 A9801220101031000200.CHK
-rw-------    1 1002     1001            0 Oct 31 22:01 A9801220101031000201.AVL
-rw-------    1 1002     1001          103 Oct 31 22:01 A9801220101031000201.CHK
-rw-------    1 1002     1001          203 Oct 31 22:01 A9801220101031000202.AVL
-rw-------    1 1002     1001          103 Oct 31 22:01 A9801220101031000202.CHK
-rw-------    1 1002     1001          406 Oct 31 22:01 A9801220101031000203.AVL
-rw-------    1 1002     1001          103 Oct 31 22:01 A9801220101031000203.CHK
-rw-------    1 1002     1001            0 Oct 31 22:01 A9801220101031000204.AVL
-rw-------    1 1002     1001          103 Oct 31 22:01 A9801220101031000204.CHK
-rw-------    1 1002     1001          203 Oct 31 22:01 A9801220101031000205.AVL
-rw-------    1 1002     1001          103 Oct 31 22:01 A9801220101031000205.CHK
-rw-------    1 1002     1001          406 Oct 31 22:01 A9801220101031000206.AVL
-rw-------    1 1002     1001          103 Oct 31 22:01 A9801220101031000206.CHK
-rw-------    1 1002     1001          609 Oct 31 22:01 A9801220101031000207.AVL
-rw-------    1 1002     1001          103 Oct 31 22:01 A9801220101031000207.CHK
-rw-------    1 1002     1001          609 Oct 31 22:01 A9801220101031000208.AVL
-rw-------    1 1002     1001          103 Oct 31 22:01 A9801220101031000208.CHK
-rw-------    1 1002     1001          406 Oct 31 22:01 A9801220101031000209.AVL
-rw-------    1 1002     1001          103 Oct 31 22:01 A9801220101031000209.CHK
-rw-------    1 1002     1001            0 Oct 31 22:01 A9801220101031000210.AVL
-rw-------    1 1002     1001          103 Oct 31 22:01 A9801220101031000210.CHK
-rw-------    1 1002     1001          812 Oct 31 22:01 A9801220101031000211.AVL
-rw-------    1 1002     1001          103 Oct 31 22:01 A9801220101031000211.CHK
-rw-------    1 1002     1001          203 Oct 31 22:01 A9801220101031000212.AVL
-rw-------    1 1002     1001          103 Oct 31 22:01 A9801220101031000212.CHK
-rw-------    1 1002     1001            0 Oct 31 22:01 A9801220101031000213.AVL
-rw-------    1 1002     1001          103 Oct 31 22:01 A9801220101031000213.CHK
-rw-------    1 1002     1001          406 Oct 31 22:01 A9801220101031000214.AVL
-rw-------    1 1002     1001          103 Oct 31 22:01 A9801220101031000214.CHK
-rw-------    1 1002     1001          609 Oct 31 22:01 A9801220101031000215.AVL
-rw-------    1 1002     1001          103 Oct 31 22:01 A9801220101031000215.CHK
-rw-------    1 1002     1001          203 Oct 31 22:01 A9801220101031000216.AVL
-rw-------    1 1002     1001          103 Oct 31 22:01 A9801220101031000216.CHK
-rw-------    1 1002     1001          203 Oct 31 22:01 A9801220101031000217.AVL
-rw-------    1 1002     1001          103 Oct 31 22:01 A9801220101031000217.CHK
-rw-------    1 1002     1001            0 Oct 31 22:01 A9801220101031000218.AVL
-rw-------    1 1002     1001          103 Oct 31 22:01 A9801220101031000218.CHK
-rw-------    1 1002     1001          406 Oct 31 22:01 A9801220101031000219.AVL
-rw-------    1 1002     1001          103 Oct 31 22:01 A9801220101031000219.CHK
-rw-------    1 1002     1001          203 Oct 31 22:01 A9801220101031000220.AVL
-rw-------    1 1002     1001          103 Oct 31 22:01 A9801220101031000220.CHK
-rw-------    1 1002     1001          406 Oct 31 22:01 A9801220101031000221.AVL
-rw-------    1 1002     1001          103 Oct 31 22:01 A9801220101031000221.CHK
-rw-------    1 1002     1001          406 Oct 31 22:01 A9801220101031000222.AVL
-rw-------    1 1002     1001          103 Oct 31 22:01 A9801220101031000222.CHK
-rw-------    1 1002     1001         1218 Oct 31 22:01 A9801220101031000223.AVL
-rw-------    1 1002     1001          103 Oct 31 22:01 A9801220101031000223.CHK
-rw-------    1 1002     1001          406 Oct 31 22:01 A9801220101031000224.AVL
-rw-------    1 1002     1001          103 Oct 31 22:01 A9801220101031000224.CHK
-rw-------    1 1002     1001         1218 Oct 31 22:01 A9801220101031000225.AVL
-rw-------    1 1002     1001          103 Oct 31 22:01 A9801220101031000225.CHK
-rw-------    1 1002     1001         1218 Oct 31 22:01 A9801220101031000226.AVL
-rw-------    1 1002     1001          103 Oct 31 22:01 A9801220101031000226.CHK
-rw-------    1 1002     1001         1218 Oct 31 22:01 A9801220101031000227.AVL
-rw-------    1 1002     1001          103 Oct 31 22:01 A9801220101031000227.CHK
-rw-------    1 1002     1001          406 Oct 31 22:01 A9801220101031000228.AVL
-rw-------    1 1002     1001          103 Oct 31 22:01 A9801220101031000228.CHK
-rw-------    1 1002     1001          812 Oct 31 22:01 A9801220101031000229.AVL
-rw-------    1 1002     1001          103 Oct 31 22:01 A9801220101031000229.CHK
-rw-------    1 1002     1001            0 Oct 31 22:01 A9801220101031000230.AVL
-rw-------    1 1002     1001          103 Oct 31 22:01 A9801220101031000230.CHK
-rw-------    1 1002     1001         1015 Oct 31 22:01 A9801220101031000231.AVL
-rw-------    1 1002     1001          103 Oct 31 22:01 A9801220101031000231.CHK
-rw-------    1 1002     1001            0 Oct 31 22:01 A9801220101031000232.AVL
-rw-------    1 1002     1001          103 Oct 31 22:01 A9801220101031000232.CHK
-rw-------    1 1002     1001          203 Oct 31 22:01 A9801220101031000233.AVL
-rw-------    1 1002     1001          103 Oct 31 22:01 A9801220101031000233.CHK
-rw-------    1 1002     1001         1218 Oct 31 22:01 A9801220101031000234.AVL
-rw-------    1 1002     1001          103 Oct 31 22:01 A9801220101031000234.CHK
-rw-------    1 1002     1001          406 Oct 31 22:01 A9801220101031000235.AVL
-rw-------    1 1002     1001          103 Oct 31 22:01 A9801220101031000235.CHK
-rw-------    1 1002     1001          203 Oct 31 22:01 A9801220101031000236.AVL
-rw-------    1 1002     1001          103 Oct 31 22:01 A9801220101031000236.CHK
-rw-------    1 1002     1001         1218 Oct 31 22:01 A9801220101031000237.AVL
-rw-------    1 1002     1001          103 Oct 31 22:01 A9801220101031000237.CHK
-rw-------    1 1002     1001          609 Oct 31 22:01 A9801220101031000238.AVL
-rw-------    1 1002     1001          103 Oct 31 22:01 A9801220101031000238.CHK
-rw-------    1 1002     1001            0 Oct 31 22:01 A9801220101031000239.AVL
-rw-------    1 1002     1001          103 Oct 31 22:01 A9801220101031000239.CHK
-rw-------    1 1002     1001            0 Oct 31 22:01 A9801220101031000240.AVL
-rw-------    1 1002     1001          103 Oct 31 22:01 A9801220101031000240.CHK
-rw-------    1 1002     1001          203 Oct 31 22:01 A9801220101031000241.AVL
-rw-------    1 1002     1001          103 Oct 31 22:01 A9801220101031000241.CHK
-rw-------    1 1002     1001          609 Oct 31 22:01 A9801220101031000242.AVL
-rw-------    1 1002     1001          103 Oct 31 22:01 A9801220101031000242.CHK
-rw-------    1 1002     1001          609 Oct 31 22:01 A9801220101031000243.AVL
-rw-------    1 1002     1001          103 Oct 31 22:01 A9801220101031000243.CHK
-rw-------    1 1002     1001          609 Oct 31 22:01 A9801220101031000244.AVL
-rw-------    1 1002     1001          103 Oct 31 22:01 A9801220101031000244.CHK
-rw-------    1 1002     1001          406 Oct 31 22:01 A9801220101031000245.AVL
-rw-------    1 1002     1001          103 Oct 31 22:01 A9801220101031000245.CHK
-rw-------    1 1002     1001          406 Oct 31 22:01 A9801220101031000246.AVL
-rw-------    1 1002     1001          103 Oct 31 22:01 A9801220101031000246.CHK
-rw-------    1 1002     1001         1015 Oct 31 22:01 A9801220101031000247.AVL
-rw-------    1 1002     1001          103 Oct 31 22:01 A9801220101031000247.CHK
-rw-------    1 1002     1001          406 Oct 31 22:01 A9801220101031000248.AVL
-rw-------    1 1002     1001          103 Oct 31 22:01 A9801220101031000248.CHK
-rw-------    1 1002     1001          406 Oct 31 22:01 A9801220101031000249.AVL
-rw-------    1 1002     1001          103 Oct 31 22:01 A9801220101031000249.CHK
-rw-------    1 1002     1001          812 Oct 31 22:01 A9801220101031000250.AVL
-rw-------    1 1002     1001          103 Oct 31 22:01 A9801220101031000250.CHK
-rw-------    1 1002     1001         1015 Oct 31 22:01 A9801220101031000251.AVL
-rw-------    1 1002     1001          103 Oct 31 22:01 A9801220101031000251.CHK
-rw-------    1 1002     1001            0 Oct 31 22:01 A9801220101031000252.AVL
-rw-------    1 1002     1001          103 Oct 31 22:01 A9801220101031000252.CHK
-rw-------    1 1002     1001          609 Oct 31 22:01 A9801220101031000253.AVL
-rw-------    1 1002     1001          103 Oct 31 22:01 A9801220101031000253.CHK
-rw-------    1 1002     1001          609 Oct 31 22:01 A9801220101031000254.AVL
-rw-------    1 1002     1001          103 Oct 31 22:01 A9801220101031000254.CHK
-rw-------    1 1002     1001          406 Oct 31 22:01 A9801220101031000255.AVL
-rw-------    1 1002     1001          103 Oct 31 22:01 A9801220101031000255.CHK
-rw-------    1 1002     1001         1827 Oct 31 22:01 A9801220101031000256.AVL
-rw-------    1 1002     1001          103 Oct 31 22:01 A9801220101031000256.CHK
-rw-------    1 1002     1001          609 Oct 31 22:01 A9801220101031000257.AVL
-rw-------    1 1002     1001          103 Oct 31 22:01 A9801220101031000257.CHK
-rw-------    1 1002     1001         2030 Oct 31 22:01 A9801220101031000258.AVL
-rw-------    1 1002     1001          103 Oct 31 22:01 A9801220101031000258.CHK
-rw-------    1 1002     1001         3451 Oct 31 22:01 A9801220101031000259.AVL
-rw-------    1 1002     1001          103 Oct 31 22:01 A9801220101031000259.CHK
-rw-------    1 1002     1001         2639 Oct 31 22:01 A9801220101031000260.AVL
-rw-------    1 1002     1001          103 Oct 31 22:01 A9801220101031000260.CHK
-rw-------    1 1002     1001          406 Oct 31 22:01 A9801220101031000261.AVL
-rw-------    1 1002     1001          103 Oct 31 22:01 A9801220101031000261.CHK
-rw-------    1 1002     1001         2436 Oct 31 22:01 A9801220101031000262.AVL
-rw-------    1 1002     1001          103 Oct 31 22:01 A9801220101031000262.CHK
-rw-------    1 1002     1001         1218 Oct 31 22:01 A9801220101031000263.AVL
-rw-------    1 1002     1001          103 Oct 31 22:01 A9801220101031000263.CHK
-rw-------    1 1002     1001         1827 Oct 31 22:01 A9801220101031000264.AVL
-rw-------    1 1002     1001          103 Oct 31 22:01 A9801220101031000264.CHK
-rw-------    1 1002     1001         2233 Oct 31 22:01 A9801220101031000265.AVL
-rw-------    1 1002     1001          103 Oct 31 22:01 A9801220101031000265.CHK
-rw-------    1 1002     1001         3248 Oct 31 22:01 A9801220101031000266.AVL
-rw-------    1 1002     1001          103 Oct 31 22:01 A9801220101031000266.CHK
-rw-------    1 1002     1001         2436 Oct 31 22:01 A9801220101031000267.AVL
-rw-------    1 1002     1001          103 Oct 31 22:01 A9801220101031000267.CHK
-rw-------    1 1002     1001         2639 Oct 31 22:01 A9801220101031000268.AVL
-rw-------    1 1002     1001          103 Oct 31 22:01 A9801220101031000268.CHK
-rw-------    1 1002     1001         1624 Oct 31 22:01 A9801220101031000269.AVL
-rw-------    1 1002     1001          103 Oct 31 22:01 A9801220101031000269.CHK
-rw-------    1 1002     1001         1624 Oct 31 22:01 A9801220101031000270.AVL
-rw-------    1 1002     1001          103 Oct 31 22:01 A9801220101031000270.CHK
-rw-------    1 1002     1001          812 Oct 31 22:01 A9801220101031000271.AVL
-rw-------    1 1002     1001          103 Oct 31 22:01 A9801220101031000271.CHK
-rw-------    1 1002     1001         1421 Oct 31 22:01 A9801220101031000272.AVL
-rw-------    1 1002     1001          103 Oct 31 22:01 A9801220101031000272.CHK
-rw-------    1 1002     1001         2436 Oct 31 22:01 A9801220101031000273.AVL
-rw-------    1 1002     1001          103 Oct 31 22:01 A9801220101031000273.CHK
-rw-------    1 1002     1001          609 Oct 31 22:01 A9801220101031000274.AVL
-rw-------    1 1002     1001          103 Oct 31 22:01 A9801220101031000274.CHK
-rw-------    1 1002     1001         1624 Oct 31 22:01 A9801220101031000275.AVL
-rw-------    1 1002     1001          103 Oct 31 22:01 A9801220101031000275.CHK
-rw-------    1 1002     1001         1015 Oct 31 22:01 A9801220101031000276.AVL
-rw-------    1 1002     1001          103 Oct 31 22:01 A9801220101031000276.CHK
-rw-------    1 1002     1001         1421 Oct 31 22:01 A9801220101031000277.AVL
-rw-------    1 1002     1001          103 Oct 31 22:01 A9801220101031000277.CHK
-rw-------    1 1002     1001         2030 Oct 31 22:01 A9801220101031000278.AVL
-rw-------    1 1002     1001          103 Oct 31 22:01 A9801220101031000278.CHK
-rw-------    1 1002     1001         2030 Oct 31 22:01 A9801220101031000279.AVL
-rw-------    1 1002     1001          103 Oct 31 22:01 A9801220101031000279.CHK
-rw-------    1 1002     1001         3045 Oct 31 22:01 A9801220101031000280.AVL
-rw-------    1 1002     1001          103 Oct 31 22:01 A9801220101031000280.CHK
-rw-------    1 1002     1001         1421 Oct 31 22:01 A9801220101031000281.AVL
-rw-------    1 1002     1001          103 Oct 31 22:01 A9801220101031000281.CHK
-rw-------    1 1002     1001         1421 Oct 31 22:01 A9801220101031000282.AVL
-rw-------    1 1002     1001          103 Oct 31 22:01 A9801220101031000282.CHK
-rw-------    1 1002     1001         2030 Oct 31 22:01 A9801220101031000283.AVL
-rw-------    1 1002     1001          103 Oct 31 22:01 A9801220101031000283.CHK
-rw-------    1 1002     1001         2639 Oct 31 22:01 A9801220101031000284.AVL
-rw-------    1 1002     1001          103 Oct 31 22:01 A9801220101031000284.CHK
-rw-------    1 1002     1001         2030 Oct 31 22:01 A9801220101031000285.AVL
-rw-------    1 1002     1001          103 Oct 31 22:01 A9801220101031000285.CHK
-rw-------    1 1002     1001         3045 Oct 31 22:01 A9801220101031000286.AVL
-rw-------    1 1002     1001          103 Oct 31 22:01 A9801220101031000286.CHK
-rw-------    1 1002     1001         1624 Oct 31 22:01 A9801220101031000287.AVL
-rw-------    1 1002     1001          103 Oct 31 22:01 A9801220101031000287.CHK
-rw-------    1 1002     1001         1015 Oct 31 22:01 A9801220101031000288.AVL
-rw-------    1 1002     1001          103 Oct 31 22:01 A9801220101031000288.CHK
-rw-------    1 1002     1001         2030 Oct 31 22:01 A9801220101031000289.AVL
-rw-------    1 1002     1001          103 Oct 31 22:01 A9801220101031000289.CHK
-rw-------    1 1002     1001         3045 Oct 31 22:01 A9801220101031000290.AVL
-rw-------    1 1002     1001          103 Oct 31 22:01 A9801220101031000290.CHK
-rw-------    1 1002     1001         1827 Oct 31 22:01 A9801220101031000291.AVL
-rw-------    1 1002     1001          103 Oct 31 22:01 A9801220101031000291.CHK
-rw-------    1 1002     1001         2436 Oct 31 22:01 A9801220101031000292.AVL
-rw-------    1 1002     1001          103 Oct 31 22:01 A9801220101031000292.CHK
-rw-------    1 1002     1001         2030 Oct 31 22:01 A9801220101031000293.AVL
-rw-------    1 1002     1001          103 Oct 31 22:01 A9801220101031000293.CHK
-rw-------    1 1002     1001         2639 Oct 31 22:01 A9801220101031000294.AVL
-rw-------    1 1002     1001          103 Oct 31 22:01 A9801220101031000294.CHK
-rw-------    1 1002     1001         1218 Oct 31 22:01 A9801220101031000295.AVL
-rw-------    1 1002     1001          103 Oct 31 22:01 A9801220101031000295.CHK
-rw-------    1 1002     1001         2436 Oct 31 22:01 A9801220101031000296.AVL
-rw-------    1 1002     1001          103 Oct 31 22:01 A9801220101031000296.CHK
-rw-------    1 1002     1001         1827 Oct 31 22:01 A9801220101031000297.AVL
-rw-------    1 1002     1001          103 Oct 31 22:01 A9801220101031000297.CHK
-rw-------    1 1002     1001         1827 Oct 31 22:01 A9801220101031000298.AVL
-rw-------    1 1002     1001          103 Oct 31 22:01 A9801220101031000298.CHK
-rw-------    1 1002     1001         1827 Oct 31 22:01 A9801220101031000299.AVL
-rw-------    1 1002     1001          103 Oct 31 22:01 A9801220101031000299.CHK
-rw-------    1 1002     1001         1421 Oct 31 22:01 A9801220101031000300.AVL
-rw-------    1 1002     1001          103 Oct 31 22:01 A9801220101031000300.CHK
-rw-------    1 1002     1001         1624 Oct 31 22:01 A9801220101031000301.AVL
-rw-------    1 1002     1001          103 Oct 31 22:01 A9801220101031000301.CHK
-rw-------    1 1002     1001         1624 Oct 31 22:01 A9801220101031000302.AVL
-rw-------    1 1002     1001          103 Oct 31 22:01 A9801220101031000302.CHK
-rw-------    1 1002     1001         2233 Oct 31 22:01 A9801220101031000303.AVL
-rw-------    1 1002     1001          103 Oct 31 22:01 A9801220101031000303.CHK
-rw-------    1 1002     1001         2233 Oct 31 22:01 A9801220101031000304.AVL
-rw-------    1 1002     1001          103 Oct 31 22:01 A9801220101031000304.CHK
-rw-------    1 1002     1001         2030 Oct 31 22:01 A9801220101031000305.AVL
-rw-------    1 1002     1001          103 Oct 31 22:01 A9801220101031000305.CHK
-rw-------    1 1002     1001         1827 Oct 31 22:01 A9801220101031000306.AVL
-rw-------    1 1002     1001          103 Oct 31 22:01 A9801220101031000306.CHK
-rw-------    1 1002     1001         1015 Oct 31 22:01 A9801220101031000307.AVL
-rw-------    1 1002     1001          103 Oct 31 22:01 A9801220101031000307.CHK
-rw-------    1 1002     1001         1015 Oct 31 22:01 A9801220101031000308.AVL
-rw-------    1 1002     1001          103 Oct 31 22:01 A9801220101031000308.CHK
-rw-------    1 1002     1001         1218 Oct 31 22:01 A9801220101031000309.AVL
-rw-------    1 1002     1001          103 Oct 31 22:01 A9801220101031000309.CHK
-rw-------    1 1002     1001         2233 Oct 31 22:01 A9801220101031000310.AVL
-rw-------    1 1002     1001          103 Oct 31 22:01 A9801220101031000310.CHK
-rw-------    1 1002     1001         1624 Oct 31 22:01 A9801220101031000311.AVL
-rw-------    1 1002     1001          103 Oct 31 22:01 A9801220101031000311.CHK
-rw-------    1 1002     1001         2842 Oct 31 22:01 A9801220101031000312.AVL
-rw-------    1 1002     1001          103 Oct 31 22:01 A9801220101031000312.CHK
-rw-------    1 1002     1001         2639 Oct 31 22:01 A9801220101031000313.AVL
-rw-------    1 1002     1001          103 Oct 31 22:01 A9801220101031000313.CHK
-rw-------    1 1002     1001         2436 Oct 31 22:01 A9801220101031000314.AVL
-rw-------    1 1002     1001          103 Oct 31 22:01 A9801220101031000314.CHK
-rw-------    1 1002     1001         2842 Oct 31 22:01 A9801220101031000315.AVL
-rw-------    1 1002     1001          103 Oct 31 22:01 A9801220101031000315.CHK
-rw-------    1 1002     1001         1421 Oct 31 22:01 A9801220101031000316.AVL
-rw-------    1 1002     1001          103 Oct 31 22:01 A9801220101031000316.CHK
-rw-------    1 1002     1001         2030 Oct 31 22:01 A9801220101031000317.AVL
-rw-------    1 1002     1001          103 Oct 31 22:01 A9801220101031000317.CHK
-rw-------    1 1002     1001         3451 Oct 31 22:01 A9801220101031000318.AVL
-rw-------    1 1002     1001          103 Oct 31 22:01 A9801220101031000318.CHK
-rw-------    1 1002     1001         1218 Oct 31 22:01 A9801220101031000319.AVL
-rw-------    1 1002     1001          103 Oct 31 22:01 A9801220101031000319.CHK
-rw-------    1 1002     1001         1421 Oct 31 22:01 A9801220101031000320.AVL
-rw-------    1 1002     1001          103 Oct 31 22:01 A9801220101031000320.CHK
-rw-------    1 1002     1001         1827 Oct 31 22:01 A9801220101031000321.AVL
-rw-------    1 1002     1001          103 Oct 31 22:01 A9801220101031000321.CHK
-rw-------    1 1002     1001         1421 Oct 31 22:01 A9801220101031000322.AVL
-rw-------    1 1002     1001          103 Oct 31 22:01 A9801220101031000322.CHK
-rw-------    1 1002     1001         2233 Oct 31 22:01 A9801220101031000323.AVL
-rw-------    1 1002     1001          103 Oct 31 22:01 A9801220101031000323.CHK
-rw-------    1 1002     1001         1421 Oct 31 22:01 A9801220101031000324.AVL
-rw-------    1 1002     1001          103 Oct 31 22:01 A9801220101031000324.CHK
-rw-------    1 1002     1001         1218 Oct 31 22:01 A9801220101031000325.AVL
-rw-------    1 1002     1001          103 Oct 31 22:01 A9801220101031000325.CHK
-rw-------    1 1002     1001         2436 Oct 31 22:01 A9801220101031000326.AVL
-rw-------    1 1002     1001          103 Oct 31 22:01 A9801220101031000326.CHK
-rw-------    1 1002     1001         2842 Oct 31 22:01 A9801220101031000327.AVL
-rw-------    1 1002     1001          103 Oct 31 22:01 A9801220101031000327.CHK
-rw-------    1 1002     1001         1624 Oct 31 22:01 A9801220101031000328.AVL
-rw-------    1 1002     1001          103 Oct 31 22:01 A9801220101031000328.CHK
-rw-------    1 1002     1001         2436 Oct 31 22:01 A9801220101031000329.AVL
-rw-------    1 1002     1001          103 Oct 31 22:01 A9801220101031000329.CHK
-rw-------    1 1002     1001         2436 Oct 31 22:01 A9801220101031000330.AVL
-rw-------    1 1002     1001          103 Oct 31 22:01 A9801220101031000330.CHK
-rw-------    1 1002     1001         2639 Oct 31 22:01 A9801220101031000331.AVL
-rw-------    1 1002     1001          103 Oct 31 22:01 A9801220101031000331.CHK
-rw-------    1 1002     1001         3248 Oct 31 22:01 A9801220101031000332.AVL
-rw-------    1 1002     1001          103 Oct 31 22:01 A9801220101031000332.CHK
-rw-------    1 1002     1001         2436 Oct 31 22:01 A9801220101031000333.AVL
-rw-------    1 1002     1001          103 Oct 31 22:01 A9801220101031000333.CHK
-rw-------    1 1002     1001         2842 Oct 31 22:01 A9801220101031000334.AVL
-rw-------    1 1002     1001          103 Oct 31 22:01 A9801220101031000334.CHK
-rw-------    1 1002     1001         1624 Oct 31 22:01 A9801220101031000335.AVL
-rw-------    1 1002     1001          103 Oct 31 22:01 A9801220101031000335.CHK
-rw-------    1 1002     1001         1624 Oct 31 22:01 A9801220101031000336.AVL
-rw-------    1 1002     1001          103 Oct 31 22:01 A9801220101031000336.CHK
-rw-------    1 1002     1001         2436 Oct 31 22:01 A9801220101031000337.AVL
-rw-------    1 1002     1001          103 Oct 31 22:01 A9801220101031000337.CHK
-rw-------    1 1002     1001         1218 Oct 31 22:01 A9801220101031000338.AVL
-rw-------    1 1002     1001          103 Oct 31 22:01 A9801220101031000338.CHK
-rw-------    1 1002     1001          609 Oct 31 22:01 A9801220101031000339.AVL
-rw-------    1 1002     1001          103 Oct 31 22:01 A9801220101031000339.CHK
-rw-------    1 1002     1001         1218 Oct 31 22:01 A9801220101031000340.AVL
-rw-------    1 1002     1001          103 Oct 31 22:01 A9801220101031000340.CHK
-rw-------    1 1002     1001         1218 Oct 31 22:01 A9801220101031000341.AVL
-rw-------    1 1002     1001          103 Oct 31 22:01 A9801220101031000341.CHK
-rw-------    1 1002     1001         1015 Oct 31 22:01 A9801220101031000342.AVL
-rw-------    1 1002     1001          103 Oct 31 22:01 A9801220101031000342.CHK
-rw-------    1 1002     1001         1421 Oct 31 22:01 A9801220101031000343.AVL
-rw-------    1 1002     1001          103 Oct 31 22:01 A9801220101031000343.CHK
-rw-------    1 1002     1001         1015 Oct 31 22:01 A9801220101031000344.AVL
-rw-------    1 1002     1001          103 Oct 31 22:01 A9801220101031000344.CHK
-rw-------    1 1002     1001         1421 Oct 31 22:01 A9801220101031000345.AVL
-rw-------    1 1002     1001          103 Oct 31 22:01 A9801220101031000345.CHK
-rw-------    1 1002     1001          609 Oct 31 22:01 A9801220101031000346.AVL
-rw-------    1 1002     1001          103 Oct 31 22:01 A9801220101031000346.CHK
-rw-------    1 1002     1001          609 Oct 31 22:01 A9801220101031000347.AVL
-rw-------    1 1002     1001          103 Oct 31 22:01 A9801220101031000347.CHK
-rw-------    1 1002     1001         2030 Oct 31 22:01 A9801220101031000348.AVL
-rw-------    1 1002     1001          103 Oct 31 22:01 A9801220101031000348.CHK
-rw-------    1 1002     1001         1421 Oct 31 22:01 A9801220101031000349.AVL
-rw-------    1 1002     1001          103 Oct 31 22:01 A9801220101031000349.CHK
-rw-------    1 1002     1001          812 Oct 31 22:01 A9801220101031000350.AVL
-rw-------    1 1002     1001          103 Oct 31 22:01 A9801220101031000350.CHK
-rw-------    1 1002     1001         1421 Oct 31 22:01 A9801220101031000351.AVL
-rw-------    1 1002     1001          103 Oct 31 22:01 A9801220101031000351.CHK
-rw-------    1 1002     1001          406 Oct 31 22:01 A9801220101031000352.AVL
-rw-------    1 1002     1001          103 Oct 31 22:01 A9801220101031000352.CHK
-rw-------    1 1002     1001          812 Oct 31 22:01 A9801220101031000353.AVL
-rw-------    1 1002     1001          103 Oct 31 22:01 A9801220101031000353.CHK
-rw-------    1 1002     1001         1827 Oct 31 22:01 A9801220101031000354.AVL
-rw-------    1 1002     1001          103 Oct 31 22:01 A9801220101031000354.CHK
-rw-------    1 1002     1001          203 Oct 31 22:01 A9801220101031000355.AVL
-rw-------    1 1002     1001          103 Oct 31 22:01 A9801220101031000355.CHK
-rw-------    1 1002     1001          406 Oct 31 22:01 A9801220101031000356.AVL
-rw-------    1 1002     1001          103 Oct 31 22:01 A9801220101031000356.CHK
-rw-------    1 1002     1001         1421 Oct 31 22:01 A9801220101031000357.AVL
-rw-------    1 1002     1001          103 Oct 31 22:01 A9801220101031000357.CHK
-rw-------    1 1002     1001          609 Oct 31 22:01 A9801220101031000358.AVL
-rw-------    1 1002     1001          103 Oct 31 22:01 A9801220101031000358.CHK
-rw-------    1 1002     1001          203 Oct 31 22:01 A9801220101031000359.AVL
-rw-------    1 1002     1001          103 Oct 31 22:01 A9801220101031000359.CHK
-rw-------    1 1002     1001         1015 Oct 31 22:01 A9801220101031000360.AVL
-rw-------    1 1002     1001          103 Oct 31 22:01 A9801220101031000360.CHK
-rw-------    1 1002     1001          812 Oct 31 22:01 A9801220101031000361.AVL
-rw-------    1 1002     1001          103 Oct 31 22:01 A9801220101031000361.CHK
-rw-------    1 1002     1001         1827 Oct 31 22:01 A9801220101031000362.AVL
-rw-------    1 1002     1001          103 Oct 31 22:01 A9801220101031000362.CHK
-rw-------    1 1002     1001         1218 Oct 31 22:01 A9801220101031000363.AVL
-rw-------    1 1002     1001          103 Oct 31 22:01 A9801220101031000363.CHK
-rw-------    1 1002     1001         1015 Oct 31 22:01 A9801220101031000364.AVL
-rw-------    1 1002     1001          103 Oct 31 22:01 A9801220101031000364.CHK
-rw-------    1 1002     1001         1218 Oct 31 22:01 A9801220101031000365.AVL
-rw-------    1 1002     1001          103 Oct 31 22:01 A9801220101031000365.CHK
-rw-------    1 1002     1001         2233 Oct 31 22:01 A9801220101031000366.AVL
-rw-------    1 1002     1001          103 Oct 31 22:01 A9801220101031000366.CHK
-rw-------    1 1002     1001          406 Oct 31 22:01 A9801220101031000367.AVL
-rw-------    1 1002     1001          103 Oct 31 22:01 A9801220101031000367.CHK
-rw-------    1 1002     1001         1015 Oct 31 22:01 A9801220101031000368.AVL
-rw-------    1 1002     1001          103 Oct 31 22:01 A9801220101031000368.CHK
-rw-------    1 1002     1001         1218 Oct 31 22:01 A9801220101031000369.AVL
-rw-------    1 1002     1001          103 Oct 31 22:01 A9801220101031000369.CHK
-rw-------    1 1002     1001          406 Oct 31 22:01 A9801220101031000370.AVL
-rw-------    1 1002     1001          103 Oct 31 22:01 A9801220101031000370.CHK
-rw-------    1 1002     1001          406 Oct 31 22:01 A9801220101031000371.AVL
-rw-------    1 1002     1001          103 Oct 31 22:01 A9801220101031000371.CHK
-rw-------    1 1002     1001          203 Oct 31 22:01 A9801220101031000372.AVL
-rw-------    1 1002     1001          103 Oct 31 22:01 A9801220101031000372.CHK
-rw-------    1 1002     1001         1624 Oct 31 22:01 A9801220101031000373.AVL
-rw-------    1 1002     1001          103 Oct 31 22:01 A9801220101031000373.CHK
-rw-------    1 1002     1001          406 Oct 31 22:01 A9801220101031000374.AVL
-rw-------    1 1002     1001          103 Oct 31 22:01 A9801220101031000374.CHK
-rw-------    1 1002     1001            0 Oct 31 22:01 A9801220101031000375.AVL
-rw-------    1 1002     1001          103 Oct 31 22:01 A9801220101031000375.CHK
-rw-------    1 1002     1001          812 Oct 31 22:01 A9801220101031000376.AVL
-rw-------    1 1002     1001          103 Oct 31 22:01 A9801220101031000376.CHK
-rw-------    1 1002     1001          812 Oct 31 22:01 A9801220101031000377.AVL
-rw-------    1 1002     1001          103 Oct 31 22:01 A9801220101031000377.CHK
-rw-------    1 1002     1001          812 Oct 31 22:01 A9801220101031000378.AVL
-rw-------    1 1002     1001          103 Oct 31 22:01 A9801220101031000378.CHK
-rw-------    1 1002     1001          812 Oct 31 22:01 A9801220101031000379.AVL
-rw-------    1 1002     1001          103 Oct 31 22:01 A9801220101031000379.CHK
-rw-------    1 1002     1001          812 Oct 31 22:01 A9801220101031000380.AVL
-rw-------    1 1002     1001          103 Oct 31 22:01 A9801220101031000380.CHK
-rw-------    1 1002     1001         1015 Oct 31 22:01 A9801220101031000381.AVL
-rw-------    1 1002     1001          103 Oct 31 22:01 A9801220101031000381.CHK
-rw-------    1 1002     1001          609 Oct 31 22:01 A9801220101031000382.AVL
-rw-------    1 1002     1001          103 Oct 31 22:01 A9801220101031000382.CHK
-rw-------    1 1002     1001          609 Oct 31 22:01 A9801220101031000383.AVL
-rw-------    1 1002     1001          103 Oct 31 22:01 A9801220101031000383.CHK
-rw-------    1 1002     1001          609 Oct 31 22:01 A9801220101031000384.AVL
-rw-------    1 1002     1001          103 Oct 31 22:01 A9801220101031000384.CHK
-rw-------    1 1002     1001         1218 Oct 31 22:01 A9801220101031000385.AVL
-rw-------    1 1002     1001          103 Oct 31 22:01 A9801220101031000385.CHK
-rw-------    1 1002     1001         1218 Oct 31 22:01 A9801220101031000386.AVL
-rw-------    1 1002     1001          103 Oct 31 22:01 A9801220101031000386.CHK
-rw-------    1 1002     1001          609 Oct 31 22:01 A9801220101031000387.AVL
-rw-------    1 1002     1001          103 Oct 31 22:01 A9801220101031000387.CHK
-rw-------    1 1002     1001          812 Oct 31 22:01 A9801220101031000388.AVL
-rw-------    1 1002     1001          103 Oct 31 22:01 A9801220101031000388.CHK
-rw-------    1 1002     1001          203 Oct 31 22:01 A9801220101031000389.AVL
-rw-------    1 1002     1001          103 Oct 31 22:01 A9801220101031000389.CHK
-rw-------    1 1002     1001          203 Oct 31 22:01 A9801220101031000390.AVL
-rw-------    1 1002     1001          103 Oct 31 22:01 A9801220101031000390.CHK
-rw-------    1 1002     1001          406 Oct 31 22:01 A9801220101031000391.AVL
-rw-------    1 1002     1001          103 Oct 31 22:01 A9801220101031000391.CHK
-rw-------    1 1002     1001          812 Oct 31 22:01 A9801220101031000392.AVL
-rw-------    1 1002     1001          103 Oct 31 22:01 A9801220101031000392.CHK
-rw-------    1 1002     1001         1015 Oct 31 22:01 A9801220101031000393.AVL
-rw-------    1 1002     1001          103 Oct 31 22:01 A9801220101031000393.CHK
-rw-------    1 1002     1001          203 Oct 31 22:01 A9801220101031000394.AVL
-rw-------    1 1002     1001          103 Oct 31 22:01 A9801220101031000394.CHK
-rw-------    1 1002     1001          203 Oct 31 22:01 A9801220101031000395.AVL
-rw-------    1 1002     1001          103 Oct 31 22:01 A9801220101031000395.CHK
-rw-------    1 1002     1001         1421 Oct 31 22:01 A9801220101031000396.AVL
-rw-------    1 1002     1001          103 Oct 31 22:01 A9801220101031000396.CHK
-rw-------    1 1002     1001          609 Oct 31 22:01 A9801220101031000397.AVL
-rw-------    1 1002     1001          103 Oct 31 22:01 A9801220101031000397.CHK
-rw-------    1 1002     1001          812 Oct 31 22:01 A9801220101031000398.AVL
-rw-------    1 1002     1001          103 Oct 31 22:01 A9801220101031000398.CHK
-rw-------    1 1002     1001         1015 Oct 31 22:01 A9801220101031000399.AVL
-rw-------    1 1002     1001          103 Oct 31 22:01 A9801220101031000399.CHK
-rw-------    1 1002     1001         1421 Oct 31 22:01 A9801220101031000400.AVL
-rw-------    1 1002     1001          103 Oct 31 22:01 A9801220101031000400.CHK
-rw-------    1 1002     1001          406 Oct 31 22:01 A9801220101031000401.AVL
-rw-------    1 1002     1001          103 Oct 31 22:01 A9801220101031000401.CHK
-rw-------    1 1002     1001         1218 Oct 31 22:01 A9801220101031000402.AVL
-rw-------    1 1002     1001          103 Oct 31 22:01 A9801220101031000402.CHK
-rw-------    1 1002     1001         1218 Oct 31 22:01 A9801220101031000403.AVL
-rw-------    1 1002     1001          103 Oct 31 22:01 A9801220101031000403.CHK
-rw-------    1 1002     1001          203 Oct 31 22:01 A9801220101031000404.AVL
-rw-------    1 1002     1001          103 Oct 31 22:01 A9801220101031000404.CHK
-rw-------    1 1002     1001         1218 Oct 31 22:01 A9801220101031000405.AVL
-rw-------    1 1002     1001          103 Oct 31 22:01 A9801220101031000405.CHK
-rw-------    1 1002     1001         1421 Oct 31 22:01 A9801220101031000406.AVL
-rw-------    1 1002     1001          103 Oct 31 22:01 A9801220101031000406.CHK
-rw-------    1 1002     1001         1015 Oct 31 22:01 A9801220101031000407.AVL
-rw-------    1 1002     1001          103 Oct 31 22:01 A9801220101031000407.CHK
-rw-------    1 1002     1001          609 Oct 31 22:01 A9801220101031000408.AVL
-rw-------    1 1002     1001          103 Oct 31 22:01 A9801220101031000408.CHK
-rw-------    1 1002     1001          609 Oct 31 22:01 A9801220101031000409.AVL
-rw-------    1 1002     1001          103 Oct 31 22:01 A9801220101031000409.CHK
-rw-------    1 1002     1001          406 Oct 31 22:01 A9801220101031000410.AVL
-rw-------    1 1002     1001          103 Oct 31 22:01 A9801220101031000410.CHK
-rw-------    1 1002     1001         1421 Oct 31 22:01 A9801220101031000411.AVL
-rw-------    1 1002     1001          103 Oct 31 22:01 A9801220101031000411.CHK
-rw-------    1 1002     1001          609 Oct 31 22:01 A9801220101031000412.AVL
-rw-------    1 1002     1001          103 Oct 31 22:01 A9801220101031000412.CHK
-rw-------    1 1002     1001         1015 Oct 31 22:01 A9801220101031000413.AVL
-rw-------    1 1002     1001          103 Oct 31 22:01 A9801220101031000413.CHK
-rw-------    1 1002     1001         1421 Oct 31 22:01 A9801220101031000414.AVL
-rw-------    1 1002     1001          103 Oct 31 22:01 A9801220101031000414.CHK
-rw-------    1 1002     1001          406 Oct 31 22:01 A9801220101031000415.AVL
-rw-------    1 1002     1001          103 Oct 31 22:01 A9801220101031000415.CHK
-rw-------    1 1002     1001          812 Oct 31 22:01 A9801220101031000416.AVL
-rw-------    1 1002     1001          103 Oct 31 22:01 A9801220101031000416.CHK
-rw-------    1 1002     1001          406 Oct 31 22:01 A9801220101031000417.AVL
-rw-------    1 1002     1001          103 Oct 31 22:01 A9801220101031000417.CHK
-rw-------    1 1002     1001          406 Oct 31 22:01 A9801220101031000418.AVL
-rw-------    1 1002     1001          103 Oct 31 22:01 A9801220101031000418.CHK
-rw-------    1 1002     1001          609 Oct 31 22:01 A9801220101031000419.AVL
-rw-------    1 1002     1001          103 Oct 31 22:01 A9801220101031000419.CHK
-rw-------    1 1002     1001         1218 Oct 31 22:01 A9801220101031000420.AVL
-rw-------    1 1002     1001          103 Oct 31 22:01 A9801220101031000420.CHK
-rw-------    1 1002     1001          609 Oct 31 22:01 A9801220101031000421.AVL
-rw-------    1 1002     1001          103 Oct 31 22:01 A9801220101031000421.CHK
-rw-------    1 1002     1001         1015 Oct 31 22:01 A9801220101031000422.AVL
-rw-------    1 1002     1001          103 Oct 31 22:01 A9801220101031000422.CHK
-rw-------    1 1002     1001         1421 Oct 31 22:01 A9801220101031000423.AVL
-rw-------    1 1002     1001          103 Oct 31 22:01 A9801220101031000423.CHK
-rw-------    1 1002     1001         1218 Oct 31 22:01 A9801220101031000424.AVL
-rw-------    1 1002     1001          103 Oct 31 22:01 A9801220101031000424.CHK
-rw-------    1 1002     1001         1015 Oct 31 22:01 A9801220101031000425.AVL
-rw-------    1 1002     1001          103 Oct 31 22:01 A9801220101031000425.CHK
-rw-------    1 1002     1001         1015 Oct 31 22:01 A9801220101031000426.AVL
-rw-------    1 1002     1001          103 Oct 31 22:01 A9801220101031000426.CHK
-rw-------    1 1002     1001          609 Oct 31 22:01 A9801220101031000427.AVL
-rw-------    1 1002     1001          103 Oct 31 22:01 A9801220101031000427.CHK
-rw-------    1 1002     1001         1624 Oct 31 22:01 A9801220101031000428.AVL
-rw-------    1 1002     1001          103 Oct 31 22:01 A9801220101031000428.CHK
-rw-------    1 1002     1001          406 Oct 31 22:01 A9801220101031000429.AVL
-rw-------    1 1002     1001          103 Oct 31 22:01 A9801220101031000429.CHK
-rw-------    1 1002     1001         1015 Oct 31 22:01 A9801220101031000430.AVL
-rw-------    1 1002     1001          103 Oct 31 22:01 A9801220101031000430.CHK
-rw-------    1 1002     1001          609 Oct 31 22:01 A9801220101031000431.AVL
-rw-------    1 1002     1001          103 Oct 31 22:01 A9801220101031000431.CHK
-rw-------    1 1002     1001         2639 Oct 31 22:01 A9801220101031000432.AVL
-rw-------    1 1002     1001          103 Oct 31 22:01 A9801220101031000432.CHK
-rw-------    1 1002     1001         1015 Oct 31 22:01 A9801220101031000433.AVL
-rw-------    1 1002     1001          103 Oct 31 22:01 A9801220101031000433.CHK
-rw-------    1 1002     1001          406 Oct 31 22:01 A9801220101031000434.AVL
-rw-------    1 1002     1001          103 Oct 31 22:01 A9801220101031000434.CHK
-rw-------    1 1002     1001         1218 Oct 31 22:01 A9801220101031000435.AVL
-rw-------    1 1002     1001          103 Oct 31 22:01 A9801220101031000435.CHK
-rw-------    1 1002     1001         1218 Oct 31 22:01 A9801220101031000436.AVL
-rw-------    1 1002     1001          103 Oct 31 22:01 A9801220101031000436.CHK
-rw-------    1 1002     1001          609 Oct 31 22:01 A9801220101031000437.AVL
-rw-------    1 1002     1001          103 Oct 31 22:01 A9801220101031000437.CHK
-rw-------    1 1002     1001          812 Oct 31 22:01 A9801220101031000438.AVL
-rw-------    1 1002     1001          103 Oct 31 22:01 A9801220101031000438.CHK
-rw-------    1 1002     1001          812 Oct 31 22:01 A9801220101031000439.AVL
-rw-------    1 1002     1001          103 Oct 31 22:01 A9801220101031000439.CHK
-rw-------    1 1002     1001         1015 Oct 31 22:01 A9801220101031000440.AVL
-rw-------    1 1002     1001          103 Oct 31 22:01 A9801220101031000440.CHK
-rw-------    1 1002     1001          406 Oct 31 22:01 A9801220101031000441.AVL
-rw-------    1 1002     1001          103 Oct 31 22:01 A9801220101031000441.CHK
-rw-------    1 1002     1001         1015 Oct 31 22:01 A9801220101031000442.AVL
-rw-------    1 1002     1001          103 Oct 31 22:01 A9801220101031000442.CHK
-rw-------    1 1002     1001          609 Oct 31 22:01 A9801220101031000443.AVL
-rw-------    1 1002     1001          103 Oct 31 22:01 A9801220101031000443.CHK
-rw-------    1 1002     1001          812 Oct 31 22:01 A9801220101031000444.AVL
-rw-------    1 1002     1001          103 Oct 31 22:01 A9801220101031000444.CHK
-rw-------    1 1002     1001         1218 Oct 31 22:01 A9801220101031000445.AVL
-rw-------    1 1002     1001          103 Oct 31 22:01 A9801220101031000445.CHK
-rw-------    1 1002     1001         1421 Oct 31 22:01 A9801220101031000446.AVL
-rw-------    1 1002     1001          103 Oct 31 22:01 A9801220101031000446.CHK
-rw-------    1 1002     1001         1218 Oct 31 22:01 A9801220101031000447.AVL
-rw-------    1 1002     1001          103 Oct 31 22:01 A9801220101031000447.CHK
-rw-------    1 1002     1001          812 Oct 31 22:01 A9801220101031000448.AVL
-rw-------    1 1002     1001          103 Oct 31 22:01 A9801220101031000448.CHK
-rw-------    1 1002     1001          609 Oct 31 22:01 A9801220101031000449.AVL
-rw-------    1 1002     1001          103 Oct 31 22:01 A9801220101031000449.CHK
-rw-------    1 1002     1001         1015 Oct 31 22:01 A9801220101031000450.AVL
-rw-------    1 1002     1001          103 Oct 31 22:01 A9801220101031000450.CHK
-rw-------    1 1002     1001          609 Oct 31 22:01 A9801220101031000451.AVL
-rw-------    1 1002     1001          103 Oct 31 22:01 A9801220101031000451.CHK
-rw-------    1 1002     1001          812 Oct 31 22:01 A9801220101031000452.AVL
-rw-------    1 1002     1001          103 Oct 31 22:01 A9801220101031000452.CHK
-rw-------    1 1002     1001         1218 Oct 31 22:01 A9801220101031000453.AVL
-rw-------    1 1002     1001          103 Oct 31 22:01 A9801220101031000453.CHK
-rw-------    1 1002     1001         1015 Oct 31 22:01 A9801220101031000454.AVL
-rw-------    1 1002     1001          103 Oct 31 22:01 A9801220101031000454.CHK
-rw-------    1 1002     1001         1421 Oct 31 22:01 A9801220101031000455.AVL
-rw-------    1 1002     1001          103 Oct 31 22:01 A9801220101031000455.CHK
-rw-------    1 1002     1001         1218 Oct 31 22:01 A9801220101031000456.AVL
-rw-------    1 1002     1001          103 Oct 31 22:01 A9801220101031000456.CHK
-rw-------    1 1002     1001          406 Oct 31 22:01 A9801220101031000457.AVL
-rw-------    1 1002     1001          103 Oct 31 22:01 A9801220101031000457.CHK
-rw-------    1 1002     1001          609 Oct 31 22:01 A9801220101031000458.AVL
-rw-------    1 1002     1001          103 Oct 31 22:01 A9801220101031000458.CHK
-rw-------    1 1002     1001          609 Oct 31 22:01 A9801220101031000459.AVL
-rw-------    1 1002     1001          103 Oct 31 22:01 A9801220101031000459.CHK
-rw-------    1 1002     1001          812 Oct 31 22:01 A9801220101031000460.AVL
-rw-------    1 1002     1001          103 Oct 31 22:01 A9801220101031000460.CHK
-rw-------    1 1002     1001         1015 Oct 31 22:01 A9801220101031000461.AVL
-rw-------    1 1002     1001          103 Oct 31 22:01 A9801220101031000461.CHK
-rw-------    1 1002     1001          609 Oct 31 22:01 A9801220101031000462.AVL
-rw-------    1 1002     1001          103 Oct 31 22:01 A9801220101031000462.CHK
-rw-------    1 1002     1001          609 Oct 31 22:01 A9801220101031000463.AVL
-rw-------    1 1002     1001          103 Oct 31 22:01 A9801220101031000463.CHK
-rw-------    1 1002     1001         1827 Oct 31 22:01 A9801220101031000464.AVL
-rw-------    1 1002     1001          103 Oct 31 22:01 A9801220101031000464.CHK
-rw-------    1 1002     1001          609 Oct 31 22:01 A9801220101031000465.AVL
-rw-------    1 1002     1001          103 Oct 31 22:01 A9801220101031000465.CHK
-rw-------    1 1002     1001         1421 Oct 31 22:01 A9801220101031000466.AVL
-rw-------    1 1002     1001          103 Oct 31 22:01 A9801220101031000466.CHK
-rw-------    1 1002     1001          812 Oct 31 22:01 A9801220101031000467.AVL
-rw-------    1 1002     1001          103 Oct 31 22:01 A9801220101031000467.CHK
-rw-------    1 1002     1001         1015 Oct 31 22:01 A9801220101031000468.AVL
-rw-------    1 1002     1001          103 Oct 31 22:01 A9801220101031000468.CHK
-rw-------    1 1002     1001          609 Oct 31 22:01 A9801220101031000469.AVL
-rw-------    1 1002     1001          103 Oct 31 22:01 A9801220101031000469.CHK
-rw-------    1 1002     1001          609 Oct 31 22:01 A9801220101031000470.AVL
-rw-------    1 1002     1001          103 Oct 31 22:01 A9801220101031000470.CHK
-rw-------    1 1002     1001          609 Oct 31 22:01 A9801220101031000471.AVL
-rw-------    1 1002     1001          103 Oct 31 22:01 A9801220101031000471.CHK
-rw-------    1 1002     1001         1015 Oct 31 22:01 A9801220101031000472.AVL
-rw-------    1 1002     1001          103 Oct 31 22:01 A9801220101031000472.CHK
-rw-------    1 1002     1001          406 Oct 31 22:01 A9801220101031000473.AVL
-rw-------    1 1002     1001          103 Oct 31 22:01 A9801220101031000473.CHK
-rw-------    1 1002     1001         1827 Oct 31 22:01 A9801220101031000474.AVL
-rw-------    1 1002     1001          103 Oct 31 22:01 A9801220101031000474.CHK
-rw-------    1 1002     1001         1015 Oct 31 22:01 A9801220101031000475.AVL
-rw-------    1 1002     1001          103 Oct 31 22:01 A9801220101031000475.CHK
-rw-------    1 1002     1001            0 Oct 31 22:01 A9801220101031000476.AVL
-rw-------    1 1002     1001          103 Oct 31 22:01 A9801220101031000476.CHK
-rw-------    1 1002     1001         1218 Oct 31 22:01 A9801220101031000477.AVL
-rw-------    1 1002     1001          103 Oct 31 22:01 A9801220101031000477.CHK
-rw-------    1 1002     1001          406 Oct 31 22:01 A9801220101031000478.AVL
-rw-------    1 1002     1001          103 Oct 31 22:01 A9801220101031000478.CHK
-rw-------    1 1002     1001         1218 Oct 31 22:01 A9801220101031000479.AVL
-rw-------    1 1002     1001          103 Oct 31 22:01 A9801220101031000479.CHK
-rw-------    1 1002     1001          609 Oct 31 22:01 A9801220101031000480.AVL
-rw-------    1 1002     1001          103 Oct 31 22:01 A9801220101031000480.CHK
-rw-------    1 1002     1001          406 Oct 31 22:01 A9801220101031000481.AVL
-rw-------    1 1002     1001          103 Oct 31 22:01 A9801220101031000481.CHK
-rw-------    1 1002     1001         1421 Oct 31 22:01 A9801220101031000482.AVL
-rw-------    1 1002     1001          103 Oct 31 22:01 A9801220101031000482.CHK
-rw-------    1 1002     1001         1827 Oct 31 22:01 A9801220101031000483.AVL
-rw-------    1 1002     1001          103 Oct 31 22:01 A9801220101031000483.CHK
-rw-------    1 1002     1001         2030 Oct 31 22:01 A9801220101031000484.AVL
-rw-------    1 1002     1001          103 Oct 31 22:01 A9801220101031000484.CHK
-rw-------    1 1002     1001         1015 Oct 31 22:01 A9801220101031000485.AVL
-rw-------    1 1002     1001          103 Oct 31 22:01 A9801220101031000485.CHK
-rw-------    1 1002     1001         1218 Oct 31 22:01 A9801220101031000486.AVL
-rw-------    1 1002     1001          103 Oct 31 22:01 A9801220101031000486.CHK
-rw-------    1 1002     1001         1827 Oct 31 22:01 A9801220101031000487.AVL
-rw-------    1 1002     1001          103 Oct 31 22:01 A9801220101031000487.CHK
-rw-------    1 1002     1001         1624 Oct 31 22:01 A9801220101031000488.AVL
-rw-------    1 1002     1001          103 Oct 31 22:01 A9801220101031000488.CHK
-rw-------    1 1002     1001         1421 Oct 31 22:01 A9801220101031000489.AVL
-rw-------    1 1002     1001          103 Oct 31 22:01 A9801220101031000489.CHK
-rw-------    1 1002     1001         2030 Oct 31 22:01 A9801220101031000490.AVL
-rw-------    1 1002     1001          103 Oct 31 22:01 A9801220101031000490.CHK
-rw-------    1 1002     1001          609 Oct 31 22:01 A9801220101031000491.AVL
-rw-------    1 1002     1001          103 Oct 31 22:01 A9801220101031000491.CHK
-rw-------    1 1002     1001          609 Oct 31 22:01 A9801220101031000492.AVL
-rw-------    1 1002     1001          103 Oct 31 22:01 A9801220101031000492.CHK
-rw-------    1 1002     1001         1421 Oct 31 22:01 A9801220101031000493.AVL
-rw-------    1 1002     1001          103 Oct 31 22:01 A9801220101031000493.CHK
-rw-------    1 1002     1001          812 Oct 31 22:01 A9801220101031000494.AVL
-rw-------    1 1002     1001          103 Oct 31 22:01 A9801220101031000494.CHK
-rw-------    1 1002     1001         1827 Oct 31 22:01 A9801220101031000495.AVL
-rw-------    1 1002     1001          103 Oct 31 22:01 A9801220101031000495.CHK
-rw-------    1 1002     1001          812 Oct 31 22:01 A9801220101031000496.AVL
-rw-------    1 1002     1001          103 Oct 31 22:01 A9801220101031000496.CHK
-rw-------    1 1002     1001          609 Oct 31 22:01 A9801220101031000497.AVL
-rw-------    1 1002     1001          103 Oct 31 22:01 A9801220101031000497.CHK
-rw-------    1 1002     1001            0 Oct 31 22:01 A9801220101031000498.AVL
-rw-------    1 1002     1001          103 Oct 31 22:01 A9801220101031000498.CHK
-rw-------    1 1002     1001         1218 Oct 31 22:01 A9801220101031000499.AVL
-rw-------    1 1002     1001          103 Oct 31 22:01 A9801220101031000499.CHK
-rw-------    1 1002     1001          812 Oct 31 22:01 A9801220101031000500.AVL
-rw-------    1 1002     1001          103 Oct 31 22:01 A9801220101031000500.CHK
-rw-------    1 1002     1001         1015 Oct 31 22:01 A9801220101031000501.AVL
-rw-------    1 1002     1001          103 Oct 31 22:01 A9801220101031000501.CHK
-rw-------    1 1002     1001         1421 Oct 31 22:01 A9801220101031000502.AVL
-rw-------    1 1002     1001          103 Oct 31 22:01 A9801220101031000502.CHK
-rw-------    1 1002     1001          406 Oct 31 22:01 A9801220101031000503.AVL
-rw-------    1 1002     1001          103 Oct 31 22:01 A9801220101031000503.CHK
-rw-------    1 1002     1001         1015 Oct 31 22:01 A9801220101031000504.AVL
-rw-------    1 1002     1001          103 Oct 31 22:01 A9801220101031000504.CHK
-rw-------    1 1002     1001          812 Oct 31 22:01 A9801220101031000505.AVL
-rw-------    1 1002     1001          103 Oct 31 22:01 A9801220101031000505.CHK
