按指定周期抽取,并指定抽取配置文件名,更新配置文件中抽取周期CYCLE
A11034
20
currentTime ==================>1243
1243
2
当前时间====>2010-10-19 12:43:29.775
未配置日期替换规则,默认为前周期!
未配置owner1,owner2,无需切换用户模式
20100701
2010-10-19 12:43:29.86
jdbc:oracle:thin:@172.16.6.67:1521:crmdb1
totalcnt============>181
strDATE=================================>20101019124330
2010-10-19 12:43:30.618
按指定周期抽取,并指定抽取配置文件名,更新配置文件中抽取周期CYCLE
A11034
20
currentTime ==================>1243
1243
2
当前时间====>2010-10-19 12:43:40.058
未配置日期替换规则,默认为前周期!
未配置owner1,owner2,无需切换用户模式
20100702
2010-10-19 12:43:40.14
jdbc:oracle:thin:@172.16.6.67:1521:crmdb1
totalcnt============>2436
strDATE=================================>20101019124341
2010-10-19 12:43:41.54
按指定周期抽取,并指定抽取配置文件名,更新配置文件中抽取周期CYCLE
A11034
20
currentTime ==================>1243
1243
2
当前时间====>2010-10-19 12:43:50.427
未配置日期替换规则,默认为前周期!
未配置owner1,owner2,无需切换用户模式
20100707
2010-10-19 12:43:50.51
jdbc:oracle:thin:@172.16.6.67:1521:crmdb1
totalcnt============>1
strDATE=================================>20101019124351
2010-10-19 12:43:51.065
按指定周期抽取,并指定抽取配置文件名,更新配置文件中抽取周期CYCLE
A11034
20
currentTime ==================>1244
1244
2
当前时间====>2010-10-19 12:44:00.761
未配置日期替换规则,默认为前周期!
未配置owner1,owner2,无需切换用户模式
20100710
2010-10-19 12:44:00.845
jdbc:oracle:thin:@172.16.6.67:1521:crmdb1
totalcnt============>3
strDATE=================================>20101019124401
2010-10-19 12:44:01.414
按指定周期抽取,并指定抽取配置文件名,更新配置文件中抽取周期CYCLE
A11034
20
currentTime ==================>1244
1244
2
当前时间====>2010-10-19 12:44:11.063
未配置日期替换规则,默认为前周期!
未配置owner1,owner2,无需切换用户模式
20100717
2010-10-19 12:44:11.146
jdbc:oracle:thin:@172.16.6.67:1521:crmdb1
totalcnt============>256
strDATE=================================>20101019124411
2010-10-19 12:44:11.861
按指定周期抽取,并指定抽取配置文件名,更新配置文件中抽取周期CYCLE
A11034
20
currentTime ==================>1244
1244
2
当前时间====>2010-10-19 12:44:21.382
未配置日期替换规则,默认为前周期!
未配置owner1,owner2,无需切换用户模式
20100719
2010-10-19 12:44:21.465
jdbc:oracle:thin:@172.16.6.67:1521:crmdb1
totalcnt============>7526
strDATE=================================>20101019124423
2010-10-19 12:44:23.741
按指定周期抽取,并指定抽取配置文件名,更新配置文件中抽取周期CYCLE
A11034
20
currentTime ==================>1244
1244
2
当前时间====>2010-10-19 12:44:31.801
未配置日期替换规则,默认为前周期!
未配置owner1,owner2,无需切换用户模式
20100720
2010-10-19 12:44:31.886
jdbc:oracle:thin:@172.16.6.67:1521:crmdb1
totalcnt============>514
strDATE=================================>20101019124432
2010-10-19 12:44:32.8
按指定周期抽取,并指定抽取配置文件名,更新配置文件中抽取周期CYCLE
A11034
20
currentTime ==================>1244
1244
2
当前时间====>2010-10-19 12:44:42.127
未配置日期替换规则,默认为前周期!
未配置owner1,owner2,无需切换用户模式
20100721
2010-10-19 12:44:42.208
jdbc:oracle:thin:@172.16.6.67:1521:crmdb1
totalcnt============>3407
strDATE=================================>20101019124443
2010-10-19 12:44:43.755
按指定周期抽取,并指定抽取配置文件名,更新配置文件中抽取周期CYCLE
A11034
20
currentTime ==================>1244
1244
2
当前时间====>2010-10-19 12:44:52.449
未配置日期替换规则,默认为前周期!
未配置owner1,owner2,无需切换用户模式
20100722
2010-10-19 12:44:52.532
jdbc:oracle:thin:@172.16.6.67:1521:crmdb1
totalcnt============>5969
strDATE=================================>20101019124454
2010-10-19 12:44:54.558
按指定周期抽取,并指定抽取配置文件名,更新配置文件中抽取周期CYCLE
A11034
20
currentTime ==================>1245
1245
2
当前时间====>2010-10-19 12:45:02.848
未配置日期替换规则,默认为前周期!
未配置owner1,owner2,无需切换用户模式
20100728
2010-10-19 12:45:02.932
jdbc:oracle:thin:@172.16.6.67:1521:crmdb1
totalcnt============>16540
strDATE=================================>20101019124506
2010-10-19 12:45:06.482
按指定周期抽取,并指定抽取配置文件名,更新配置文件中抽取周期CYCLE
A11034
20
currentTime ==================>1245
1245
2
当前时间====>2010-10-19 12:45:13.352
未配置日期替换规则,默认为前周期!
未配置owner1,owner2,无需切换用户模式
20100729
2010-10-19 12:45:13.435
jdbc:oracle:thin:@172.16.6.67:1521:crmdb1
totalcnt============>15634
strDATE=================================>20101019124516
2010-10-19 12:45:16.953
按指定周期抽取,并指定抽取配置文件名,更新配置文件中抽取周期CYCLE
A11034
20
currentTime ==================>1245
1245
2
当前时间====>2010-10-19 12:45:23.817
未配置日期替换规则,默认为前周期!
未配置owner1,owner2,无需切换用户模式
20100730
2010-10-19 12:45:23.899
jdbc:oracle:thin:@172.16.6.67:1521:crmdb1
totalcnt============>18772
strDATE=================================>20101019124527
2010-10-19 12:45:27.554
按指定周期抽取,并指定抽取配置文件名,更新配置文件中抽取周期CYCLE
A11034
20
currentTime ==================>1245
1245
2
当前时间====>2010-10-19 12:45:34.337
未配置日期替换规则,默认为前周期!
未配置owner1,owner2,无需切换用户模式
20100731
2010-10-19 12:45:34.42
jdbc:oracle:thin:@172.16.6.67:1521:crmdb1
totalcnt============>14927
strDATE=================================>20101019124537
2010-10-19 12:45:37.848
按指定周期抽取,并指定抽取配置文件名,更新配置文件中抽取周期CYCLE
A11034
20
currentTime ==================>1245
1245
2
当前时间====>2010-10-19 12:45:44.826
未配置日期替换规则,默认为前周期!
未配置owner1,owner2,无需切换用户模式
20100802
2010-10-19 12:45:44.908
jdbc:oracle:thin:@172.16.6.67:1521:crmdb1
totalcnt============>3
strDATE=================================>20101019124545
2010-10-19 12:45:45.45
按指定周期抽取,并指定抽取配置文件名,更新配置文件中抽取周期CYCLE
A11034
20
currentTime ==================>1245
1245
2
当前时间====>2010-10-19 12:45:55.141
未配置日期替换规则,默认为前周期!
未配置owner1,owner2,无需切换用户模式
20100806
2010-10-19 12:45:55.228
jdbc:oracle:thin:@172.16.6.67:1521:crmdb1
totalcnt============>103
strDATE=================================>20101019124555
2010-10-19 12:45:55.884
按指定周期抽取,并指定抽取配置文件名,更新配置文件中抽取周期CYCLE
A11034
20
currentTime ==================>1246
1246
2
当前时间====>2010-10-19 12:46:05.466
未配置日期替换规则,默认为前周期!
未配置owner1,owner2,无需切换用户模式
20100817
2010-10-19 12:46:05.553
jdbc:oracle:thin:@172.16.6.67:1521:crmdb1
totalcnt============>4
strDATE=================================>20101019124606
2010-10-19 12:46:06.109
按指定周期抽取,并指定抽取配置文件名,更新配置文件中抽取周期CYCLE
A11034
20
currentTime ==================>1246
1246
2
当前时间====>2010-10-19 12:46:15.778
未配置日期替换规则,默认为前周期!
未配置owner1,owner2,无需切换用户模式
20100818
2010-10-19 12:46:15.863
jdbc:oracle:thin:@172.16.6.67:1521:crmdb1
totalcnt============>38
strDATE=================================>20101019124616
2010-10-19 12:46:16.441
按指定周期抽取,并指定抽取配置文件名,更新配置文件中抽取周期CYCLE
A11034
20
currentTime ==================>1246
1246
2
当前时间====>2010-10-19 12:46:26.092
未配置日期替换规则,默认为前周期!
未配置owner1,owner2,无需切换用户模式
20100819
2010-10-19 12:46:26.175
jdbc:oracle:thin:@172.16.6.67:1521:crmdb1
totalcnt============>7658
strDATE=================================>20101019124628
2010-10-19 12:46:28.41
按指定周期抽取,并指定抽取配置文件名,更新配置文件中抽取周期CYCLE
A11034
20
currentTime ==================>1246
1246
2
当前时间====>2010-10-19 12:46:36.525
未配置日期替换规则,默认为前周期!
未配置owner1,owner2,无需切换用户模式
20100820
2010-10-19 12:46:36.609
jdbc:oracle:thin:@172.16.6.67:1521:crmdb1
totalcnt============>6802
strDATE=================================>20101019124638
2010-10-19 12:46:38.716
按指定周期抽取,并指定抽取配置文件名,更新配置文件中抽取周期CYCLE
A11034
20
currentTime ==================>1246
1246
2
当前时间====>2010-10-19 12:46:46.906
未配置日期替换规则,默认为前周期!
未配置owner1,owner2,无需切换用户模式
20100824
2010-10-19 12:46:46.992
jdbc:oracle:thin:@172.16.6.67:1521:crmdb1
totalcnt============>13
strDATE=================================>20101019124647
2010-10-19 12:46:47.549
按指定周期抽取,并指定抽取配置文件名,更新配置文件中抽取周期CYCLE
A11034
20
currentTime ==================>1246
1246
2
当前时间====>2010-10-19 12:46:57.208
未配置日期替换规则,默认为前周期!
未配置owner1,owner2,无需切换用户模式
20100825
2010-10-19 12:46:57.3
jdbc:oracle:thin:@172.16.6.67:1521:crmdb1
totalcnt============>11301
strDATE=================================>20101019124659
2010-10-19 12:47:00.151
按指定周期抽取,并指定抽取配置文件名,更新配置文件中抽取周期CYCLE
A11034
20
currentTime ==================>1247
1247
2
当前时间====>2010-10-19 12:47:07.688
未配置日期替换规则,默认为前周期!
未配置owner1,owner2,无需切换用户模式
20100826
2010-10-19 12:47:07.77
jdbc:oracle:thin:@172.16.6.67:1521:crmdb1
totalcnt============>3550
strDATE=================================>20101019124709
2010-10-19 12:47:09.31
按指定周期抽取,并指定抽取配置文件名,更新配置文件中抽取周期CYCLE
A11034
20
currentTime ==================>1247
1247
2
当前时间====>2010-10-19 12:47:18.028
未配置日期替换规则,默认为前周期!
未配置owner1,owner2,无需切换用户模式
20100827
2010-10-19 12:47:18.111
jdbc:oracle:thin:@172.16.6.67:1521:crmdb1
totalcnt============>2532
strDATE=================================>20101019124719
2010-10-19 12:47:19.514
按指定周期抽取,并指定抽取配置文件名,更新配置文件中抽取周期CYCLE
A11034
20
currentTime ==================>1247
1247
2
当前时间====>2010-10-19 12:47:28.382
未配置日期替换规则,默认为前周期!
未配置owner1,owner2,无需切换用户模式
20100828
2010-10-19 12:47:28.464
jdbc:oracle:thin:@172.16.6.67:1521:crmdb1
totalcnt============>2
strDATE=================================>20101019124728
2010-10-19 12:47:29.0
按指定周期抽取,并指定抽取配置文件名,更新配置文件中抽取周期CYCLE
A11034
20
currentTime ==================>1247
1247
2
当前时间====>2010-10-19 12:47:38.691
未配置日期替换规则,默认为前周期!
未配置owner1,owner2,无需切换用户模式
20100829
2010-10-19 12:47:38.772
jdbc:oracle:thin:@172.16.6.67:1521:crmdb1
totalcnt============>17
strDATE=================================>20101019124739
2010-10-19 12:47:39.332
按指定周期抽取,并指定抽取配置文件名,更新配置文件中抽取周期CYCLE
A11034
20
currentTime ==================>1247
1247
2
当前时间====>2010-10-19 12:47:48.976
未配置日期替换规则,默认为前周期!
未配置owner1,owner2,无需切换用户模式
20100830
2010-10-19 12:47:49.067
jdbc:oracle:thin:@172.16.6.67:1521:crmdb1
totalcnt============>14790
strDATE=================================>20101019124752
2010-10-19 12:47:52.639
按指定周期抽取,并指定抽取配置文件名,更新配置文件中抽取周期CYCLE
A11034
20
currentTime ==================>1247
1247
2
当前时间====>2010-10-19 12:47:59.525
未配置日期替换规则,默认为前周期!
未配置owner1,owner2,无需切换用户模式
20100831
2010-10-19 12:47:59.611
jdbc:oracle:thin:@172.16.6.67:1521:crmdb1
totalcnt============>9203
strDATE=================================>20101019124801
2010-10-19 12:48:02.127
按指定周期抽取,并指定抽取配置文件名,更新配置文件中抽取周期CYCLE
A11034
20
currentTime ==================>1248
1248
2
当前时间====>2010-10-19 12:48:09.931
未配置日期替换规则,默认为前周期!
未配置owner1,owner2,无需切换用户模式
20100901
2010-10-19 12:48:10.014
jdbc:oracle:thin:@172.16.6.67:1521:crmdb1
totalcnt============>6
strDATE=================================>20101019124810
2010-10-19 12:48:10.792
按指定周期抽取,并指定抽取配置文件名,更新配置文件中抽取周期CYCLE
A11034
20
currentTime ==================>1248
1248
2
当前时间====>2010-10-19 12:48:20.236
未配置日期替换规则,默认为前周期!
未配置owner1,owner2,无需切换用户模式
20100903
2010-10-19 12:48:20.319
jdbc:oracle:thin:@172.16.6.67:1521:crmdb1
totalcnt============>38
strDATE=================================>20101019124820
2010-10-19 12:48:20.872
按指定周期抽取,并指定抽取配置文件名,更新配置文件中抽取周期CYCLE
A11034
20
currentTime ==================>1248
1248
2
当前时间====>2010-10-19 12:48:30.513
未配置日期替换规则,默认为前周期!
未配置owner1,owner2,无需切换用户模式
20100910
2010-10-19 12:48:30.603
jdbc:oracle:thin:@172.16.6.67:1521:crmdb1
totalcnt============>5831
strDATE=================================>20101019124832
2010-10-19 12:48:32.551
按指定周期抽取,并指定抽取配置文件名,更新配置文件中抽取周期CYCLE
A11034
20
currentTime ==================>1248
1248
2
当前时间====>2010-10-19 12:48:40.879
未配置日期替换规则,默认为前周期!
未配置owner1,owner2,无需切换用户模式
20100914
2010-10-19 12:48:40.966
jdbc:oracle:thin:@172.16.6.67:1521:crmdb1
totalcnt============>2399
strDATE=================================>20101019124842
2010-10-19 12:48:42.301
按指定周期抽取,并指定抽取配置文件名,更新配置文件中抽取周期CYCLE
A11034
20
currentTime ==================>1248
1248
2
当前时间====>2010-10-19 12:48:51.269
未配置日期替换规则,默认为前周期!
未配置owner1,owner2,无需切换用户模式
20100916
2010-10-19 12:48:51.353
jdbc:oracle:thin:@172.16.6.67:1521:crmdb1
totalcnt============>9289
strDATE=================================>20101019124853
2010-10-19 12:48:53.864
按指定周期抽取,并指定抽取配置文件名,更新配置文件中抽取周期CYCLE
A11034
20
currentTime ==================>1249
1249
2
当前时间====>2010-10-19 12:49:01.671
未配置日期替换规则,默认为前周期!
未配置owner1,owner2,无需切换用户模式
20100917
2010-10-19 12:49:01.753
jdbc:oracle:thin:@172.16.6.67:1521:crmdb1
totalcnt============>736
strDATE=================================>20101019124902
2010-10-19 12:49:02.69
按指定周期抽取,并指定抽取配置文件名,更新配置文件中抽取周期CYCLE
A11034
20
currentTime ==================>1249
1249
2
当前时间====>2010-10-19 12:49:12.002
未配置日期替换规则,默认为前周期!
未配置owner1,owner2,无需切换用户模式
20100925
2010-10-19 12:49:12.085
jdbc:oracle:thin:@172.16.6.67:1521:crmdb1
totalcnt============>13136
strDATE=================================>20101019124915
2010-10-19 12:49:15.231
按指定周期抽取,并指定抽取配置文件名,更新配置文件中抽取周期CYCLE
A11034
20
currentTime ==================>1249
1249
2
当前时间====>2010-10-19 12:49:22.452
未配置日期替换规则,默认为前周期!
未配置owner1,owner2,无需切换用户模式
20100926
2010-10-19 12:49:22.535
jdbc:oracle:thin:@172.16.6.67:1521:crmdb1
totalcnt============>2022
strDATE=================================>20101019124923
2010-10-19 12:49:23.789
按指定周期抽取,并指定抽取配置文件名,更新配置文件中抽取周期CYCLE
A11034
20
currentTime ==================>1249
1249
2
当前时间====>2010-10-19 12:49:32.762
未配置日期替换规则,默认为前周期!
未配置owner1,owner2,无需切换用户模式
20100927
2010-10-19 12:49:32.846
jdbc:oracle:thin:@172.16.6.67:1521:crmdb1
totalcnt============>12490
strDATE=================================>20101019124935
2010-10-19 12:49:36.026
按指定周期抽取,并指定抽取配置文件名,更新配置文件中抽取周期CYCLE
A11034
20
currentTime ==================>1249
1249
2
当前时间====>2010-10-19 12:49:43.274
未配置日期替换规则,默认为前周期!
未配置owner1,owner2,无需切换用户模式
20100928
2010-10-19 12:49:43.362
jdbc:oracle:thin:@172.16.6.67:1521:crmdb1
totalcnt============>14655
strDATE=================================>20101019124946
2010-10-19 12:49:47.03
按指定周期抽取,并指定抽取配置文件名,更新配置文件中抽取周期CYCLE
A11034
20
currentTime ==================>1249
1249
2
当前时间====>2010-10-19 12:49:53.928
未配置日期替换规则,默认为前周期!
未配置owner1,owner2,无需切换用户模式
20101002
2010-10-19 12:49:54.015
jdbc:oracle:thin:@172.16.6.67:1521:crmdb1
totalcnt============>4883
strDATE=================================>20101019124955
2010-10-19 12:49:55.819
按指定周期抽取,并指定抽取配置文件名,更新配置文件中抽取周期CYCLE
A11034
20
currentTime ==================>1250
1250
2
当前时间====>2010-10-19 12:50:04.335
未配置日期替换规则,默认为前周期!
未配置owner1,owner2,无需切换用户模式
20101011
2010-10-19 12:50:04.419
jdbc:oracle:thin:@172.16.6.67:1521:crmdb1
totalcnt============>1561
strDATE=================================>20101019125005
2010-10-19 12:50:05.536
按指定周期抽取,并指定抽取配置文件名,更新配置文件中抽取周期CYCLE
A11034
20
currentTime ==================>1250
1250
2
当前时间====>2010-10-19 12:50:14.677
未配置日期替换规则,默认为前周期!
未配置owner1,owner2,无需切换用户模式
20101012
2010-10-19 12:50:14.759
jdbc:oracle:thin:@172.16.6.67:1521:crmdb1
totalcnt============>162
strDATE=================================>20101019125015
2010-10-19 12:50:15.378
