[2012-01-11 04:12:29 pm] 启动于: 2012-1-11 16:09:54
[2012-01-11 04:12:29 pm] 结束于: 2012-1-11 16:12:29
[2012-01-11 04:12:29 pm] 持续时间: 2 分钟 35 秒
[2012-01-11 04:12:29 pm] 已传输 1 文件 (3 KB) 于 3 秒 (1.2 KB/秒)
[2012-01-11 04:12:29 pm] 0 文件 已跳过
[2012-01-11 04:12:29 pm] 0 文件 已失败
[2012-01-11 04:12:29 pm] 0 文件夹 已失败
[2012-01-12 12:37:35 pm] 启动于: 2012-1-12 12:36:04
[2012-01-12 12:37:35 pm] 结束于: 2012-1-12 12:37:35
[2012-01-12 12:37:35 pm] 持续时间: 1 分钟 31 秒
[2012-01-12 12:37:35 pm] 已传输 1 文件 (74 字节) 于 0.80 秒 (0.1 KB/秒)
[2012-01-12 12:37:35 pm] 0 文件 已跳过
[2012-01-12 12:37:35 pm] 0 文件 已失败
[2012-01-12 12:37:35 pm] 0 文件夹 已失败
[2012-01-12 04:48:58 pm] 启动于: 2012-1-12 12:36:04
[2012-01-12 04:48:58 pm] 结束于: 2012-1-12 16:48:58
[2012-01-12 04:48:58 pm] 持续时间: 4 小时 12 分钟 54 秒
[2012-01-12 04:48:58 pm] 已传输 2 文件 (1 KB) 于 4 秒 (0.4 KB/秒)
[2012-01-12 04:48:58 pm] 0 文件 已跳过
[2012-01-12 04:48:58 pm] 0 文件 已失败
[2012-01-12 04:48:58 pm] 0 文件夹 已失败
[2012-01-12 04:55:13 pm] 启动于: 2012-1-12 12:36:04
[2012-01-12 04:55:13 pm] 结束于: 2012-1-12 16:55:13
[2012-01-12 04:55:13 pm] 持续时间: 4 小时 19 分钟 9 秒
[2012-01-12 04:55:13 pm] 已传输 2 文件 (1 KB) 于 4 秒 (0.4 KB/秒)
[2012-01-12 04:55:13 pm] 0 文件 已跳过
[2012-01-12 04:55:13 pm] 0 文件 已失败
[2012-01-12 04:55:13 pm] 0 文件夹 已失败
[2012-01-12 08:42:20 pm] 启动于: 2012-1-12 12:36:04
[2012-01-12 08:42:20 pm] 结束于: 2012-1-12 20:42:20
[2012-01-12 08:42:20 pm] 持续时间: 8 小时 6 分钟 16 秒
[2012-01-12 08:42:20 pm] 已传输 1 文件 (3 KB) 于 3 秒 (1.2 KB/秒)
[2012-01-12 08:42:20 pm] 0 文件 已跳过
[2012-01-12 08:42:20 pm] 0 文件 已失败
[2012-01-12 08:42:20 pm] 0 文件夹 已失败
[2012-01-12 08:43:19 pm] 启动于: 2012-1-12 12:36:04
[2012-01-12 08:43:19 pm] 结束于: 2012-1-12 20:43:19
[2012-01-12 08:43:19 pm] 持续时间: 8 小时 7 分钟 15 秒
[2012-01-12 08:43:19 pm] 已传输 1 文件 (3 KB) 于 3 秒 (1.1 KB/秒)
[2012-01-12 08:43:19 pm] 0 文件 已跳过
[2012-01-12 08:43:19 pm] 0 文件 已失败
[2012-01-12 08:43:19 pm] 0 文件夹 已失败
[2012-01-12 08:46:14 pm] 启动于: 2012-1-12 12:36:04
[2012-01-12 08:46:14 pm] 结束于: 2012-1-12 20:46:14
[2012-01-12 08:46:14 pm] 持续时间: 8 小时 10 分钟 10 秒
[2012-01-12 08:46:14 pm] 已传输 1 文件 (3 KB) 于 33 秒 (0.1 KB/秒)
[2012-01-12 08:46:14 pm] 0 文件 已跳过
[2012-01-12 08:46:14 pm] 0 文件 已失败
[2012-01-12 08:46:14 pm] 0 文件夹 已失败
[2012-01-12 08:47:41 pm] 启动于: 2012-1-12 12:36:04
[2012-01-12 08:47:41 pm] 结束于: 2012-1-12 20:47:41
[2012-01-12 08:47:41 pm] 持续时间: 8 小时 11 分钟 37 秒
[2012-01-12 08:47:41 pm] 已传输 1 文件 (3 KB) 于 2 秒 (1.4 KB/秒)
[2012-01-12 08:47:41 pm] 0 文件 已跳过
[2012-01-12 08:47:41 pm] 0 文件 已失败
[2012-01-12 08:47:41 pm] 0 文件夹 已失败
[2012-01-12 08:48:45 pm] 启动于: 2012-1-12 12:36:04
[2012-01-12 08:48:45 pm] 结束于: 2012-1-12 20:48:45
[2012-01-12 08:48:45 pm] 持续时间: 8 小时 12 分钟 41 秒
[2012-01-12 08:48:45 pm] 已传输 1 文件 (3 KB) 于 2 秒 (1.6 KB/秒)
[2012-01-12 08:48:45 pm] 0 文件 已跳过
[2012-01-12 08:48:45 pm] 0 文件 已失败
[2012-01-12 08:48:45 pm] 0 文件夹 已失败
[2012-01-12 08:50:26 pm] 启动于: 2012-1-12 12:36:04
[2012-01-12 08:50:26 pm] 结束于: 2012-1-12 20:50:26
[2012-01-12 08:50:26 pm] 持续时间: 8 小时 14 分钟 22 秒
[2012-01-12 08:50:26 pm] 已传输 1 文件 (3 KB) 于 2 秒 (1.5 KB/秒)
[2012-01-12 08:50:26 pm] 0 文件 已跳过
[2012-01-12 08:50:26 pm] 0 文件 已失败
[2012-01-12 08:50:26 pm] 0 文件夹 已失败
[2012-01-12 08:51:20 pm] 启动于: 2012-1-12 12:36:04
[2012-01-12 08:51:20 pm] 结束于: 2012-1-12 20:51:20
[2012-01-12 08:51:20 pm] 持续时间: 8 小时 15 分钟 16 秒
[2012-01-12 08:51:20 pm] 已传输 1 文件 (3 KB) 于 2 秒 (1.5 KB/秒)
[2012-01-12 08:51:20 pm] 0 文件 已跳过
[2012-01-12 08:51:20 pm] 0 文件 已失败
[2012-01-12 08:51:20 pm] 0 文件夹 已失败
[2012-01-12 08:55:28 pm] 启动于: 2012-1-12 12:36:04
[2012-01-12 08:55:28 pm] 结束于: 2012-1-12 20:55:28
[2012-01-12 08:55:28 pm] 持续时间: 8 小时 19 分钟 24 秒
[2012-01-12 08:55:28 pm] 已传输 1 文件 (3 KB) 于 2 秒 (1.5 KB/秒)
[2012-01-12 08:55:28 pm] 0 文件 已跳过
[2012-01-12 08:55:28 pm] 0 文件 已失败
[2012-01-12 08:55:28 pm] 0 文件夹 已失败
[2012-01-12 08:55:57 pm] 启动于: 2012-1-12 12:36:04
[2012-01-12 08:55:57 pm] 结束于: 2012-1-12 20:55:57
[2012-01-12 08:55:57 pm] 持续时间: 8 小时 19 分钟 53 秒
[2012-01-12 08:55:57 pm] 已传输 1 文件 (3 KB) 于 2 秒 (1.5 KB/秒)
[2012-01-12 08:55:57 pm] 0 文件 已跳过
[2012-01-12 08:55:57 pm] 0 文件 已失败
[2012-01-12 08:55:57 pm] 0 文件夹 已失败
[2012-01-12 08:56:30 pm] 启动于: 2012-1-12 12:36:04
[2012-01-12 08:56:30 pm] 结束于: 2012-1-12 20:56:30
[2012-01-12 08:56:30 pm] 持续时间: 8 小时 20 分钟 26 秒
[2012-01-12 08:56:30 pm] 已传输 1 文件 (3 KB) 于 2 秒 (1.5 KB/秒)
[2012-01-12 08:56:30 pm] 0 文件 已跳过
[2012-01-12 08:56:30 pm] 0 文件 已失败
[2012-01-12 08:56:30 pm] 0 文件夹 已失败
[2012-01-12 08:57:24 pm] 启动于: 2012-1-12 12:36:04
[2012-01-12 08:57:24 pm] 结束于: 2012-1-12 20:57:24
[2012-01-12 08:57:24 pm] 持续时间: 8 小时 21 分钟 20 秒
[2012-01-12 08:57:24 pm] 已传输 1 文件 (3 KB) 于 2 秒 (1.6 KB/秒)
[2012-01-12 08:57:24 pm] 0 文件 已跳过
[2012-01-12 08:57:24 pm] 0 文件 已失败
[2012-01-12 08:57:24 pm] 0 文件夹 已失败
[2012-01-12 09:13:55 pm] 启动于: 2012-1-12 12:36:04
[2012-01-12 09:13:55 pm] 结束于: 2012-1-12 21:13:55
[2012-01-12 09:13:55 pm] 持续时间: 8 小时 37 分钟 51 秒
[2012-01-12 09:13:55 pm] 已传输 1 文件 (2 KB) 于 2 秒 (1.1 KB/秒)
[2012-01-12 09:13:55 pm] 0 文件 已跳过
[2012-01-12 09:13:55 pm] 0 文件 已失败
[2012-01-12 09:13:55 pm] 0 文件夹 已失败
[2012-01-12 09:14:10 pm] 启动于: 2012-1-12 12:36:04
[2012-01-12 09:14:10 pm] 结束于: 2012-1-12 21:14:10
[2012-01-12 09:14:10 pm] 持续时间: 8 小时 38 分钟 6 秒
[2012-01-12 09:14:10 pm] 已传输 1 文件 (2 KB) 于 2 秒 (1.2 KB/秒)
[2012-01-12 09:14:10 pm] 0 文件 已跳过
[2012-01-12 09:14:10 pm] 0 文件 已失败
[2012-01-12 09:14:10 pm] 0 文件夹 已失败
[2012-01-12 09:15:00 pm] 启动于: 2012-1-12 12:36:04
[2012-01-12 09:15:00 pm] 结束于: 2012-1-12 21:15:00
[2012-01-12 09:15:00 pm] 持续时间: 8 小时 38 分钟 56 秒
[2012-01-12 09:15:00 pm] 已传输 1 文件 (2 KB) 于 2 秒 (1.2 KB/秒)
[2012-01-12 09:15:00 pm] 0 文件 已跳过
[2012-01-12 09:15:00 pm] 0 文件 已失败
[2012-01-12 09:15:00 pm] 0 文件夹 已失败
[2012-01-12 09:15:40 pm] 启动于: 2012-1-12 12:36:04
[2012-01-12 09:15:40 pm] 结束于: 2012-1-12 21:15:40
[2012-01-12 09:15:40 pm] 持续时间: 8 小时 39 分钟 36 秒
[2012-01-12 09:15:40 pm] 已传输 1 文件 (2 KB) 于 2 秒 (1.2 KB/秒)
[2012-01-12 09:15:40 pm] 0 文件 已跳过
[2012-01-12 09:15:40 pm] 0 文件 已失败
[2012-01-12 09:15:40 pm] 0 文件夹 已失败
[2012-01-12 09:16:12 pm] 启动于: 2012-1-12 12:36:04
[2012-01-12 09:16:12 pm] 结束于: 2012-1-12 21:16:12
[2012-01-12 09:16:12 pm] 持续时间: 8 小时 40 分钟 8 秒
[2012-01-12 09:16:12 pm] 已传输 1 文件 (2 KB) 于 2 秒 (1.2 KB/秒)
[2012-01-12 09:16:12 pm] 0 文件 已跳过
[2012-01-12 09:16:12 pm] 0 文件 已失败
[2012-01-12 09:16:12 pm] 0 文件夹 已失败
[2012-01-12 09:27:41 pm] 启动于: 2012-1-12 12:36:04
[2012-01-12 09:27:41 pm] 结束于: 2012-1-12 21:27:41
[2012-01-12 09:27:41 pm] 持续时间: 8 小时 51 分钟 37 秒
[2012-01-12 09:27:41 pm] 已传输 1 文件 (2 KB) 于 2 秒 (1.2 KB/秒)
[2012-01-12 09:27:41 pm] 0 文件 已跳过
[2012-01-12 09:27:41 pm] 0 文件 已失败
[2012-01-12 09:27:41 pm] 0 文件夹 已失败
[2012-01-12 09:28:31 pm] 启动于: 2012-1-12 12:36:04
[2012-01-12 09:28:31 pm] 结束于: 2012-1-12 21:28:31
[2012-01-12 09:28:31 pm] 持续时间: 8 小时 52 分钟 27 秒
[2012-01-12 09:28:31 pm] 已传输 1 文件 (2 KB) 于 2 秒 (1.2 KB/秒)
[2012-01-12 09:28:31 pm] 0 文件 已跳过
[2012-01-12 09:28:31 pm] 0 文件 已失败
[2012-01-12 09:28:31 pm] 0 文件夹 已失败
[2012-01-12 09:29:30 pm] 启动于: 2012-1-12 12:36:04
[2012-01-12 09:29:30 pm] 结束于: 2012-1-12 21:29:30
[2012-01-12 09:29:30 pm] 持续时间: 8 小时 53 分钟 26 秒
[2012-01-12 09:29:30 pm] 已传输 1 文件 (2 KB) 于 3 秒 (1.0 KB/秒)
[2012-01-12 09:29:30 pm] 0 文件 已跳过
[2012-01-12 09:29:30 pm] 0 文件 已失败
[2012-01-12 09:29:30 pm] 0 文件夹 已失败
[2012-01-12 09:31:34 pm] 启动于: 2012-1-12 12:36:04
[2012-01-12 09:31:34 pm] 结束于: 2012-1-12 21:31:34
[2012-01-12 09:31:34 pm] 持续时间: 8 小时 55 分钟 30 秒
[2012-01-12 09:31:34 pm] 已传输 1 文件 (2 KB) 于 3 秒 (1.1 KB/秒)
[2012-01-12 09:31:34 pm] 0 文件 已跳过
[2012-01-12 09:31:34 pm] 0 文件 已失败
[2012-01-12 09:31:34 pm] 0 文件夹 已失败
[2012-01-12 09:32:05 pm] 启动于: 2012-1-12 12:36:04
[2012-01-12 09:32:05 pm] 结束于: 2012-1-12 21:32:05
[2012-01-12 09:32:05 pm] 持续时间: 8 小时 56 分钟
[2012-01-12 09:32:05 pm] 已传输 1 文件 (2 KB) 于 3 秒 (1.1 KB/秒)
[2012-01-12 09:32:05 pm] 0 文件 已跳过
[2012-01-12 09:32:05 pm] 0 文件 已失败
[2012-01-12 09:32:05 pm] 0 文件夹 已失败
[2012-01-12 09:41:18 pm] 启动于: 2012-1-12 12:36:04
[2012-01-12 09:41:18 pm] 结束于: 2012-1-12 21:41:18
[2012-01-12 09:41:18 pm] 持续时间: 9 小时 5 分钟 14 秒
[2012-01-12 09:41:18 pm] 已传输 1 文件 (2 KB) 于 2 秒 (1.3 KB/秒)
[2012-01-12 09:41:18 pm] 0 文件 已跳过
[2012-01-12 09:41:18 pm] 0 文件 已失败
[2012-01-12 09:41:18 pm] 0 文件夹 已失败
[2012-01-12 09:49:51 pm] 启动于: 2012-1-12 12:36:04
[2012-01-12 09:49:51 pm] 结束于: 2012-1-12 21:49:51
[2012-01-12 09:49:51 pm] 持续时间: 9 小时 13 分钟 47 秒
[2012-01-12 09:49:51 pm] 已传输 1 文件 (2 KB) 于 2 秒 (1.3 KB/秒)
[2012-01-12 09:49:51 pm] 0 文件 已跳过
[2012-01-12 09:49:51 pm] 0 文件 已失败
[2012-01-12 09:49:51 pm] 0 文件夹 已失败
