bass2
2012年05月09日 星期三 02时30分00秒 CST
0230
2012年05月09日 星期三 02时30分00秒 CST
0230
2012年05月09日 星期三 02时30分00秒 CST
0230
2012年05月09日 星期三 02时30分00秒 CST
0230
2012年05月09日 星期三 02时30分00秒 CST
0230
2012年05月09日 星期三 02时30分00秒 CST
0230

2012年05月09日 星期三 02时30分00秒 CST
0230
2012年05月09日 星期三 02时40分00秒 CST
0240
2012年05月09日 星期三 02时40分00秒 CST
0240
2012年05月09日 星期三 02时40分00秒 CST
0240
2012年05月09日 星期三 02时40分00秒 CST
0240
2012年05月09日 星期三 02时40分00秒 CST
0240
2012年05月09日 星期三 02时40分00秒 CST
0240
2012年05月09日 星期三 02时40分00秒 CST
0240

2012年05月09日 星期三 02时40分00秒 CST
0240
2012年05月09日 星期三 02时50分00秒 CST
0250
2012年05月09日 星期三 02时50分00秒 CST
0250
2012年05月09日 星期三 02时50分00秒 CST
0250
2012年05月09日 星期三 02时50分00秒 CST
0250
2012年05月09日 星期三 02时50分00秒 CST
0250
2012年05月09日 星期三 02时50分00秒 CST
0250
2012年05月09日 星期三 02时50分00秒 CST
0250

2012年05月09日 星期三 02时50分00秒 CST
0250
2012年05月09日 星期三 03时00分00秒 CST
0300
2012年05月09日 星期三 03时00分00秒 CST
0300
2012年05月09日 星期三 03时00分00秒 CST
0300
2012年05月09日 星期三 03时00分00秒 CST
0300
2012年05月09日 星期三 03时00分00秒 CST
0300
2012年05月09日 星期三 03时00分00秒 CST
0300
2012年05月09日 星期三 03时00分00秒 CST
0300

2012年05月09日 星期三 03时00分00秒 CST
0300
2012年05月09日 星期三 03时10分00秒 CST
0310
2012年05月09日 星期三 03时10分00秒 CST
0310
task_num=1
2012年05月09日 星期三 03时10分03秒 CST
0310
task_num=1
2012年05月09日 星期三 03时10分06秒 CST
0310
2012年05月09日 星期三 03时10分06秒 CST
0310
2012年05月09日 星期三 03时10分06秒 CST
0310
2012年05月09日 星期三 03时10分06秒 CST
0310

2012年05月09日 星期三 03时10分06秒 CST
0310
2012年05月09日 星期三 03时20分06秒 CST
0320
2012年05月09日 星期三 03时20分06秒 CST
0320
task_num=1
2012年05月09日 星期三 03时20分10秒 CST
0320
task_num=1
2012年05月09日 星期三 03时20分12秒 CST
0320
task_num=1
2012年05月09日 星期三 03时20分15秒 CST
0320
2012年05月09日 星期三 03时20分15秒 CST
0320
2012年05月09日 星期三 03时20分15秒 CST
0320

2012年05月09日 星期三 03时20分15秒 CST
0320
2012年05月09日 星期三 03时30分15秒 CST
0330
2012年05月09日 星期三 03时30分15秒 CST
0330
task_num=1
2012年05月09日 星期三 03时30分18秒 CST
0330
task_num=1
2012年05月09日 星期三 03时30分21秒 CST
0330
task_num=1
2012年05月09日 星期三 03时30分24秒 CST
0330
2012年05月09日 星期三 03时30分24秒 CST
0330
2012年05月09日 星期三 03时30分24秒 CST
0330

2012年05月09日 星期三 03时30分24秒 CST
0330
2012年05月09日 星期三 03时40分24秒 CST
0340
2012年05月09日 星期三 03时40分24秒 CST
0340
task_num=1
2012年05月09日 星期三 03时40分27秒 CST
0340
task_num=1
2012年05月09日 星期三 03时40分30秒 CST
0340
task_num=1
2012年05月09日 星期三 03时40分33秒 CST
0340
task_num=1
2012年05月09日 星期三 03时40分36秒 CST
0340
2012年05月09日 星期三 03时40分36秒 CST
0340

2012年05月09日 星期三 03时40分36秒 CST
0340
2012年05月09日 星期三 03时50分36秒 CST
0350
2012年05月09日 星期三 03时50分36秒 CST
0350
task_num=1
2012年05月09日 星期三 03时50分39秒 CST
0350
task_num=1
2012年05月09日 星期三 03时50分43秒 CST
0350
task_num=1
2012年05月09日 星期三 03时50分46秒 CST
0350
task_num=1
2012年05月09日 星期三 03时50分49秒 CST
0350
2012年05月09日 星期三 03时50分49秒 CST
0350

2012年05月09日 星期三 03时50分49秒 CST
0350
2012年05月09日 星期三 04时00分49秒 CST
0400
2012年05月09日 星期三 04时00分49秒 CST
0400
task_num=1
2012年05月09日 星期三 04时00分52秒 CST
0400
task_num=1
2012年05月09日 星期三 04时00分55秒 CST
0400
task_num=1
2012年05月09日 星期三 04时00分58秒 CST
0400
task_num=1
2012年05月09日 星期三 04时01分01秒 CST
0401
2012年05月09日 星期三 04时01分01秒 CST
0401

2012年05月09日 星期三 04时01分01秒 CST
0401
2012年05月09日 星期三 04时11分01秒 CST
0411
2012年05月09日 星期三 04时11分01秒 CST
0411
task_num=1
2012年05月09日 星期三 04时11分05秒 CST
0411
task_num=1
2012年05月09日 星期三 04时11分08秒 CST
0411
task_num=1
2012年05月09日 星期三 04时11分11秒 CST
0411
task_num=1
2012年05月09日 星期三 04时11分13秒 CST
0411
2012年05月09日 星期三 04时11分13秒 CST
0411

2012年05月09日 星期三 04时11分13秒 CST
0411
2012年05月09日 星期三 04时21分13秒 CST
0421
2012年05月09日 星期三 04时21分13秒 CST
0421
task_num=1
2012年05月09日 星期三 04时21分16秒 CST
0421
task_num=1
2012年05月09日 星期三 04时21分19秒 CST
0421
task_num=1
2012年05月09日 星期三 04时21分22秒 CST
0421
task_num=1
2012年05月09日 星期三 04时21分25秒 CST
0421
2012年05月09日 星期三 04时21分25秒 CST
0421

2012年05月09日 星期三 04时21分25秒 CST
0421
2012年05月09日 星期三 04时31分25秒 CST
0431
2012年05月09日 星期三 04时31分25秒 CST
0431
task_num=1
2012年05月09日 星期三 04时31分28秒 CST
0431
task_num=1
2012年05月09日 星期三 04时31分31秒 CST
0431
task_num=1
2012年05月09日 星期三 04时31分34秒 CST
0431
task_num=1
2012年05月09日 星期三 04时31分38秒 CST
0431
2012年05月09日 星期三 04时31分38秒 CST
0431
task_num=3
产品规格实例接口I11001 加载时间:2012-05-09-01.11.31.079027,加载记录条数:5412497
客户接口I11101 加载时间:2012-05-09-01.57.52.422373,加载记录条数:4799858
帐户接口I13001 加载时间:2012-05-09-02.17.18.183043,加载记录条数:5782911
产品规格实例接口I11001 加载时间:2012-05-09-01.11.31.079027,加载记录条数:5412497 客户接口I11101 加载时间:2012-05-09-01.57.52.422373,加载记录条数:4799858 帐户接口I13001 加载时间:2012-05-09-02.17.18.183043,加载记录条数:5782911
2012年05月09日 星期三 04时31分46秒 CST
0431
2012年05月09日 星期三 04时41分46秒 CST
0441
2012年05月09日 星期三 04时41分46秒 CST
0441
task_num=1
2012年05月09日 星期三 04时41分49秒 CST
0441
task_num=1
2012年05月09日 星期三 04时41分52秒 CST
0441
task_num=1
2012年05月09日 星期三 04时41分55秒 CST
0441
task_num=1
2012年05月09日 星期三 04时41分58秒 CST
0441
2012年05月09日 星期三 04时41分58秒 CST
0441
task_num=3
产品规格实例接口I11001 加载时间:2012-05-09-01.11.31.079027,加载记录条数:5412497
客户接口I11101 加载时间:2012-05-09-01.57.52.422373,加载记录条数:4799858
帐户接口I13001 加载时间:2012-05-09-02.17.18.183043,加载记录条数:5782911
产品规格实例接口I11001 加载时间:2012-05-09-01.11.31.079027,加载记录条数:5412497 客户接口I11101 加载时间:2012-05-09-01.57.52.422373,加载记录条数:4799858 帐户接口I13001 加载时间:2012-05-09-02.17.18.183043,加载记录条数:5782911
2012年05月09日 星期三 04时42分05秒 CST
0442
2012年05月09日 星期三 04时52分05秒 CST
0452
2012年05月09日 星期三 04时52分05秒 CST
0452
task_num=1
2012年05月09日 星期三 04时52分08秒 CST
0452
task_num=1
2012年05月09日 星期三 04时52分12秒 CST
0452
task_num=1
2012年05月09日 星期三 04时52分15秒 CST
0452
task_num=1
2012年05月09日 星期三 04时52分18秒 CST
0452
2012年05月09日 星期三 04时52分18秒 CST
0452
task_num=3
客户接口I11101 加载时间:2012-05-09-01.57.52.422373,加载记录条数:4799858
产品规格实例接口I11001 加载时间:2012-05-09-01.11.31.079027,加载记录条数:5412497
帐户接口I13001 加载时间:2012-05-09-02.17.18.183043,加载记录条数:5782911
客户接口I11101 加载时间:2012-05-09-01.57.52.422373,加载记录条数:4799858 产品规格实例接口I11001 加载时间:2012-05-09-01.11.31.079027,加载记录条数:5412497 帐户接口I13001 加载时间:2012-05-09-02.17.18.183043,加载记录条数:5782911
2012年05月09日 星期三 04时52分25秒 CST
0452
2012年05月09日 星期三 05时02分25秒 CST
0502
2012年05月09日 星期三 05时02分25秒 CST
0502
task_num=1
2012年05月09日 星期三 05时02分29秒 CST
0502
task_num=1
2012年05月09日 星期三 05时02分32秒 CST
0502
task_num=1
2012年05月09日 星期三 05时02分35秒 CST
0502
task_num=1
2012年05月09日 星期三 05时02分37秒 CST
0502
2012年05月09日 星期三 05时02分37秒 CST
0502
task_num=3
产品规格实例接口I11001 加载时间:2012-05-09-01.11.31.079027,加载记录条数:5412497
客户接口I11101 加载时间:2012-05-09-01.57.52.422373,加载记录条数:4799858
帐户接口I13001 加载时间:2012-05-09-02.17.18.183043,加载记录条数:5782911
产品规格实例接口I11001 加载时间:2012-05-09-01.11.31.079027,加载记录条数:5412497 客户接口I11101 加载时间:2012-05-09-01.57.52.422373,加载记录条数:4799858 帐户接口I13001 加载时间:2012-05-09-02.17.18.183043,加载记录条数:5782911
2012年05月09日 星期三 05时02分45秒 CST
0502
2012年05月09日 星期三 05时12分45秒 CST
0512
2012年05月09日 星期三 05时12分45秒 CST
0512
task_num=1
2012年05月09日 星期三 05时12分48秒 CST
0512
task_num=1
2012年05月09日 星期三 05时12分51秒 CST
0512
task_num=1
2012年05月09日 星期三 05时12分54秒 CST
0512
task_num=1
2012年05月09日 星期三 05时12分57秒 CST
0512
2012年05月09日 星期三 05时12分57秒 CST
0512
task_num=3
产品规格实例接口I11001 加载时间:2012-05-09-01.11.31.079027,加载记录条数:5412497
客户接口I11101 加载时间:2012-05-09-01.57.52.422373,加载记录条数:4799858
帐户接口I13001 加载时间:2012-05-09-02.17.18.183043,加载记录条数:5782911
产品规格实例接口I11001 加载时间:2012-05-09-01.11.31.079027,加载记录条数:5412497 客户接口I11101 加载时间:2012-05-09-01.57.52.422373,加载记录条数:4799858 帐户接口I13001 加载时间:2012-05-09-02.17.18.183043,加载记录条数:5782911
2012年05月09日 星期三 05时13分04秒 CST
0513
2012年05月09日 星期三 05时23分04秒 CST
0523
2012年05月09日 星期三 05时23分04秒 CST
0523
task_num=1
2012年05月09日 星期三 05时23分07秒 CST
0523
task_num=1
2012年05月09日 星期三 05时23分11秒 CST
0523
task_num=1
2012年05月09日 星期三 05时23分14秒 CST
0523
task_num=1
2012年05月09日 星期三 05时23分17秒 CST
0523
2012年05月09日 星期三 05时23分17秒 CST
0523
task_num=3
客户接口I11101 加载时间:2012-05-09-01.57.52.422373,加载记录条数:4799858
产品规格实例接口I11001 加载时间:2012-05-09-01.11.31.079027,加载记录条数:5412497
帐户接口I13001 加载时间:2012-05-09-02.17.18.183043,加载记录条数:5782911
客户接口I11101 加载时间:2012-05-09-01.57.52.422373,加载记录条数:4799858 产品规格实例接口I11001 加载时间:2012-05-09-01.11.31.079027,加载记录条数:5412497 帐户接口I13001 加载时间:2012-05-09-02.17.18.183043,加载记录条数:5782911
2012年05月09日 星期三 05时23分25秒 CST
0523
2012年05月09日 星期三 05时33分25秒 CST
0533
2012年05月09日 星期三 05时33分25秒 CST
0533
task_num=1
2012年05月09日 星期三 05时33分27秒 CST
0533
task_num=1
2012年05月09日 星期三 05时33分31秒 CST
0533
task_num=1
2012年05月09日 星期三 05时33分34秒 CST
0533
task_num=1
2012年05月09日 星期三 05时33分37秒 CST
0533
2012年05月09日 星期三 05时33分37秒 CST
0533
task_num=3
产品规格实例接口I11001 加载时间:2012-05-09-01.11.31.079027,加载记录条数:5412497
客户接口I11101 加载时间:2012-05-09-01.57.52.422373,加载记录条数:4799858
帐户接口I13001 加载时间:2012-05-09-02.17.18.183043,加载记录条数:5782911
产品规格实例接口I11001 加载时间:2012-05-09-01.11.31.079027,加载记录条数:5412497 客户接口I11101 加载时间:2012-05-09-01.57.52.422373,加载记录条数:4799858 帐户接口I13001 加载时间:2012-05-09-02.17.18.183043,加载记录条数:5782911
2012年05月09日 星期三 05时33分45秒 CST
0533
task_num=0
2012年05月09日 星期三 05时43分48秒 CST
0543
2012年05月09日 星期三 05时43分48秒 CST
0543
task_num=1
2012年05月09日 星期三 05时43分51秒 CST
0543
task_num=1
2012年05月09日 星期三 05时43分54秒 CST
0543
task_num=1
2012年05月09日 星期三 05时43分57秒 CST
0543
task_num=1
2012年05月09日 星期三 05时44分00秒 CST
0544
2012年05月09日 星期三 05时44分00秒 CST
0544
task_num=3
产品规格实例接口I11001 加载时间:2012-05-09-01.11.31.079027,加载记录条数:5412497
客户接口I11101 加载时间:2012-05-09-01.57.52.422373,加载记录条数:4799858
帐户接口I13001 加载时间:2012-05-09-02.17.18.183043,加载记录条数:5782911
产品规格实例接口I11001 加载时间:2012-05-09-01.11.31.079027,加载记录条数:5412497 客户接口I11101 加载时间:2012-05-09-01.57.52.422373,加载记录条数:4799858 帐户接口I13001 加载时间:2012-05-09-02.17.18.183043,加载记录条数:5782911
2012年05月09日 星期三 05时44分06秒 CST
0544
task_num=0
2012年05月09日 星期三 05时54分09秒 CST
0554
2012年05月09日 星期三 05时54分09秒 CST
0554
task_num=1
2012年05月09日 星期三 05时54分12秒 CST
0554
task_num=1
2012年05月09日 星期三 05时54分15秒 CST
0554
task_num=1
2012年05月09日 星期三 05时54分18秒 CST
0554
task_num=1
2012年05月09日 星期三 05时54分21秒 CST
0554
2012年05月09日 星期三 05时54分21秒 CST
0554
task_num=3
客户接口I11101 加载时间:2012-05-09-01.57.52.422373,加载记录条数:4799858
产品规格实例接口I11001 加载时间:2012-05-09-01.11.31.079027,加载记录条数:5412497
帐户接口I13001 加载时间:2012-05-09-02.17.18.183043,加载记录条数:5782911
客户接口I11101 加载时间:2012-05-09-01.57.52.422373,加载记录条数:4799858 产品规格实例接口I11001 加载时间:2012-05-09-01.11.31.079027,加载记录条数:5412497 帐户接口I13001 加载时间:2012-05-09-02.17.18.183043,加载记录条数:5782911
2012年05月09日 星期三 05时54分29秒 CST
0554
task_num=0
2012年05月09日 星期三 06时04分32秒 CST
0604
2012年05月09日 星期三 06时04分32秒 CST
0604
task_num=1
2012年05月09日 星期三 06时04分35秒 CST
0604
task_num=1
2012年05月09日 星期三 06时04分39秒 CST
0604
task_num=1
2012年05月09日 星期三 06时04分42秒 CST
0604
task_num=1
2012年05月09日 星期三 06时04分44秒 CST
0604
2012年05月09日 星期三 06时04分44秒 CST
0604
task_num=3
客户接口I11101 加载时间:2012-05-09-01.57.52.422373,加载记录条数:4799858
产品规格实例接口I11001 加载时间:2012-05-09-01.11.31.079027,加载记录条数:5412497
帐户接口I13001 加载时间:2012-05-09-02.17.18.183043,加载记录条数:5782911
客户接口I11101 加载时间:2012-05-09-01.57.52.422373,加载记录条数:4799858 产品规格实例接口I11001 加载时间:2012-05-09-01.11.31.079027,加载记录条数:5412497 帐户接口I13001 加载时间:2012-05-09-02.17.18.183043,加载记录条数:5782911
2012年05月09日 星期三 06时04分51秒 CST
0604
task_num=0
2012年05月09日 星期三 06时14分54秒 CST
0614
2012年05月09日 星期三 06时14分54秒 CST
0614
task_num=1
2012年05月09日 星期三 06时14分57秒 CST
0614
task_num=1
2012年05月09日 星期三 06时15分00秒 CST
0615
task_num=1
2012年05月09日 星期三 06时15分03秒 CST
0615
task_num=1
2012年05月09日 星期三 06时15分07秒 CST
0615
2012年05月09日 星期三 06时15分07秒 CST
0615
task_num=3
产品规格实例接口I11001 加载时间:2012-05-09-01.11.31.079027,加载记录条数:5412497
客户接口I11101 加载时间:2012-05-09-01.57.52.422373,加载记录条数:4799858
帐户接口I13001 加载时间:2012-05-09-02.17.18.183043,加载记录条数:5782911
产品规格实例接口I11001 加载时间:2012-05-09-01.11.31.079027,加载记录条数:5412497 客户接口I11101 加载时间:2012-05-09-01.57.52.422373,加载记录条数:4799858 帐户接口I13001 加载时间:2012-05-09-02.17.18.183043,加载记录条数:5782911
2012年05月09日 星期三 06时15分14秒 CST
0615
task_num=0
2012年05月09日 星期三 06时25分17秒 CST
0625
2012年05月09日 星期三 06时25分17秒 CST
0625
task_num=1
2012年05月09日 星期三 06时25分20秒 CST
0625
task_num=1
2012年05月09日 星期三 06时25分23秒 CST
0625
task_num=1
2012年05月09日 星期三 06时25分26秒 CST
0625
task_num=1
2012年05月09日 星期三 06时25分29秒 CST
0625
2012年05月09日 星期三 06时25分29秒 CST
0625
task_num=3
客户接口I11101 加载时间:2012-05-09-01.57.52.422373,加载记录条数:4799858
产品规格实例接口I11001 加载时间:2012-05-09-01.11.31.079027,加载记录条数:5412497
帐户接口I13001 加载时间:2012-05-09-02.17.18.183043,加载记录条数:5782911
客户接口I11101 加载时间:2012-05-09-01.57.52.422373,加载记录条数:4799858 产品规格实例接口I11001 加载时间:2012-05-09-01.11.31.079027,加载记录条数:5412497 帐户接口I13001 加载时间:2012-05-09-02.17.18.183043,加载记录条数:5782911
2012年05月09日 星期三 06时25分35秒 CST
0625
task_num=0
2012年05月09日 星期三 06时35分38秒 CST
0635
2012年05月09日 星期三 06时35分38秒 CST
0635
task_num=1
2012年05月09日 星期三 06时35分41秒 CST
0635
task_num=1
2012年05月09日 星期三 06时35分44秒 CST
0635
task_num=1
2012年05月09日 星期三 06时35分47秒 CST
0635
task_num=1
2012年05月09日 星期三 06时35分49秒 CST
0635
2012年05月09日 星期三 06时35分49秒 CST
0635
task_num=3
客户接口I11101 加载时间:2012-05-09-01.57.52.422373,加载记录条数:4799858
产品规格实例接口I11001 加载时间:2012-05-09-01.11.31.079027,加载记录条数:5412497
帐户接口I13001 加载时间:2012-05-09-02.17.18.183043,加载记录条数:5782911
客户接口I11101 加载时间:2012-05-09-01.57.52.422373,加载记录条数:4799858 产品规格实例接口I11001 加载时间:2012-05-09-01.11.31.079027,加载记录条数:5412497 帐户接口I13001 加载时间:2012-05-09-02.17.18.183043,加载记录条数:5782911
2012年05月09日 星期三 06时35分56秒 CST
0635
task_num=0
2012年05月09日 星期三 06时45分59秒 CST
0645
2012年05月09日 星期三 06时45分59秒 CST
0645
task_num=1
2012年05月09日 星期三 06时46分02秒 CST
0646
task_num=1
2012年05月09日 星期三 06时46分07秒 CST
0646
task_num=1
2012年05月09日 星期三 06时46分09秒 CST
0646
task_num=1
2012年05月09日 星期三 06时46分12秒 CST
0646
2012年05月09日 星期三 06时46分12秒 CST
0646
task_num=3
客户接口I11101 加载时间:2012-05-09-01.57.52.422373,加载记录条数:4799858
产品规格实例接口I11001 加载时间:2012-05-09-01.11.31.079027,加载记录条数:5412497
帐户接口I13001 加载时间:2012-05-09-02.17.18.183043,加载记录条数:5782911
客户接口I11101 加载时间:2012-05-09-01.57.52.422373,加载记录条数:4799858 产品规格实例接口I11001 加载时间:2012-05-09-01.11.31.079027,加载记录条数:5412497 帐户接口I13001 加载时间:2012-05-09-02.17.18.183043,加载记录条数:5782911
2012年05月09日 星期三 06时46分19秒 CST
0646
task_num=0
2012年05月09日 星期三 06时56分23秒 CST
0656
2012年05月09日 星期三 06时56分23秒 CST
0656
task_num=1
2012年05月09日 星期三 06时56分26秒 CST
0656
task_num=1
2012年05月09日 星期三 06时56分30秒 CST
0656
task_num=1
2012年05月09日 星期三 06时56分33秒 CST
0656
task_num=1
2012年05月09日 星期三 06时56分36秒 CST
0656
2012年05月09日 星期三 06时56分36秒 CST
0656
task_num=3
客户接口I11101 加载时间:2012-05-09-01.57.52.422373,加载记录条数:4799858
产品规格实例接口I11001 加载时间:2012-05-09-01.11.31.079027,加载记录条数:5412497
帐户接口I13001 加载时间:2012-05-09-02.17.18.183043,加载记录条数:5782911
客户接口I11101 加载时间:2012-05-09-01.57.52.422373,加载记录条数:4799858 产品规格实例接口I11001 加载时间:2012-05-09-01.11.31.079027,加载记录条数:5412497 帐户接口I13001 加载时间:2012-05-09-02.17.18.183043,加载记录条数:5782911
2012年05月09日 星期三 06时56分44秒 CST
0656
task_num=0
2012年05月09日 星期三 07时06分47秒 CST
0706
2012年05月09日 星期三 07时06分47秒 CST
0706

   Database Connection Information

 Database server        = DB2/SUN64 9.1.8
 SQL authorization ID   = BASS2
 Local database alias   = BASSDB

DB20000I  The SQL command completed successfully.
DB20000I  The SQL command completed successfully.
DB20000I  The TERMINATE command completed successfully.
程序正常结束！
