按指定周期抽取,并指定抽取配置文件名,更新配置文件中抽取周期CYCLE
A11034
20
currentTime ==================>0958
958
2
当前时间====>2010-10-19 09:58:45.681
未配置日期替换规则,默认为前周期!
未配置owner1,owner2,无需切换用户模式
20100701
2010-10-19 09:58:45.769
jdbc:oracle:thin:@172.16.6.67:1521:crmdb1
totalcnt============>181
strDATE=================================>20101019095848
2010-10-19 09:58:48.712
A11035
20
currentTime ==================>0958
958
2
当前时间====>2010-10-19 09:58:55.682
未配置日期替换规则,默认为前周期!
未配置owner1,owner2,无需切换用户模式
20100701
2010-10-19 09:58:55.706
jdbc:oracle:thin:@172.16.6.67:1521:crmdb1
totalcnt============>1
strDATE=================================>20101019095856
2010-10-19 09:58:56.238
按指定周期抽取,并指定抽取配置文件名,更新配置文件中抽取周期CYCLE
A11034
20
currentTime ==================>0959
959
2
当前时间====>2010-10-19 09:59:05.98
未配置日期替换规则,默认为前周期!
未配置owner1,owner2,无需切换用户模式
20100702
2010-10-19 09:59:06.063
jdbc:oracle:thin:@172.16.6.67:1521:crmdb1
totalcnt============>2436
strDATE=================================>20101019095908
2010-10-19 09:59:08.362
A11035
20
currentTime ==================>0959
959
2
当前时间====>2010-10-19 09:59:15.982
未配置日期替换规则,默认为前周期!
未配置owner1,owner2,无需切换用户模式
20100702
2010-10-19 09:59:15.992
jdbc:oracle:thin:@172.16.6.67:1521:crmdb1
totalcnt============>47
strDATE=================================>20101019095916
2010-10-19 09:59:16.229
按指定周期抽取,并指定抽取配置文件名,更新配置文件中抽取周期CYCLE
A11034
20
currentTime ==================>0959
959
2
当前时间====>2010-10-19 09:59:26.438
未配置日期替换规则,默认为前周期!
未配置owner1,owner2,无需切换用户模式
20100703
2010-10-19 09:59:26.52
jdbc:oracle:thin:@172.16.6.67:1521:crmdb1
totalcnt============>0
strDATE=================================>20101019095927
2010-10-19 09:59:27.043
A11035
20
currentTime ==================>0959
959
2
当前时间====>2010-10-19 09:59:36.439
未配置日期替换规则,默认为前周期!
未配置owner1,owner2,无需切换用户模式
20100703
2010-10-19 09:59:36.453
jdbc:oracle:thin:@172.16.6.67:1521:crmdb1
totalcnt============>66
strDATE=================================>20101019095936
2010-10-19 09:59:36.705
按指定周期抽取,并指定抽取配置文件名,更新配置文件中抽取周期CYCLE
A11034
20
currentTime ==================>0959
959
2
当前时间====>2010-10-19 09:59:46.757
未配置日期替换规则,默认为前周期!
未配置owner1,owner2,无需切换用户模式
20100704
2010-10-19 09:59:46.842
jdbc:oracle:thin:@172.16.6.67:1521:crmdb1
totalcnt============>0
strDATE=================================>20101019095947
2010-10-19 09:59:47.392
A11035
20
currentTime ==================>0959
959
2
当前时间====>2010-10-19 09:59:56.759
未配置日期替换规则,默认为前周期!
未配置owner1,owner2,无需切换用户模式
20100704
2010-10-19 09:59:56.773
jdbc:oracle:thin:@172.16.6.67:1521:crmdb1
totalcnt============>218
strDATE=================================>20101019095957
2010-10-19 09:59:57.17
按指定周期抽取,并指定抽取配置文件名,更新配置文件中抽取周期CYCLE
A11034
20
currentTime ==================>1000
1000
2
当前时间====>2010-10-19 10:00:07.102
未配置日期替换规则,默认为前周期!
未配置owner1,owner2,无需切换用户模式
20100705
2010-10-19 10:00:07.188
jdbc:oracle:thin:@172.16.6.67:1521:crmdb1
totalcnt============>0
strDATE=================================>20101019100007
2010-10-19 10:00:07.728
A11035
20
currentTime ==================>1000
1000
2
当前时间====>2010-10-19 10:00:17.105
未配置日期替换规则,默认为前周期!
未配置owner1,owner2,无需切换用户模式
20100705
2010-10-19 10:00:17.119
jdbc:oracle:thin:@172.16.6.67:1521:crmdb1
totalcnt============>157
strDATE=================================>20101019100017
2010-10-19 10:00:17.432
按指定周期抽取,并指定抽取配置文件名,更新配置文件中抽取周期CYCLE
A11034
20
currentTime ==================>1000
1000
2
当前时间====>2010-10-19 10:00:27.411
未配置日期替换规则,默认为前周期!
未配置owner1,owner2,无需切换用户模式
20100706
2010-10-19 10:00:27.507
jdbc:oracle:thin:@172.16.6.67:1521:crmdb1
totalcnt============>0
strDATE=================================>20101019100028
2010-10-19 10:00:28.088
A11035
20
currentTime ==================>1000
1000
2
当前时间====>2010-10-19 10:00:37.413
未配置日期替换规则,默认为前周期!
未配置owner1,owner2,无需切换用户模式
20100706
2010-10-19 10:00:37.427
jdbc:oracle:thin:@172.16.6.67:1521:crmdb1
totalcnt============>82
strDATE=================================>20101019100037
2010-10-19 10:00:37.707
按指定周期抽取,并指定抽取配置文件名,更新配置文件中抽取周期CYCLE
A11034
20
currentTime ==================>1000
1000
2
当前时间====>2010-10-19 10:00:47.713
未配置日期替换规则,默认为前周期!
未配置owner1,owner2,无需切换用户模式
20100707
2010-10-19 10:00:47.802
jdbc:oracle:thin:@172.16.6.67:1521:crmdb1
totalcnt============>1
strDATE=================================>20101019100048
2010-10-19 10:00:48.369
A11035
20
currentTime ==================>1000
1000
2
当前时间====>2010-10-19 10:00:57.716
未配置日期替换规则,默认为前周期!
未配置owner1,owner2,无需切换用户模式
20100707
2010-10-19 10:00:57.73
jdbc:oracle:thin:@172.16.6.67:1521:crmdb1
totalcnt============>164
strDATE=================================>20101019100057
2010-10-19 10:00:58.059
按指定周期抽取,并指定抽取配置文件名,更新配置文件中抽取周期CYCLE
A11034
20
currentTime ==================>1001
1001
2
当前时间====>2010-10-19 10:01:08.011
未配置日期替换规则,默认为前周期!
未配置owner1,owner2,无需切换用户模式
20100708
2010-10-19 10:01:08.139
jdbc:oracle:thin:@172.16.6.67:1521:crmdb1
totalcnt============>0
strDATE=================================>20101019100108
2010-10-19 10:01:08.669
A11035
20
currentTime ==================>1001
1001
2
当前时间====>2010-10-19 10:01:18.013
未配置日期替换规则,默认为前周期!
未配置owner1,owner2,无需切换用户模式
20100708
2010-10-19 10:01:18.027
jdbc:oracle:thin:@172.16.6.67:1521:crmdb1
totalcnt============>144
strDATE=================================>20101019100118
2010-10-19 10:01:18.368
按指定周期抽取,并指定抽取配置文件名,更新配置文件中抽取周期CYCLE
A11034
20
currentTime ==================>1001
1001
2
当前时间====>2010-10-19 10:01:28.308
未配置日期替换规则,默认为前周期!
未配置owner1,owner2,无需切换用户模式
20100709
2010-10-19 10:01:28.39
jdbc:oracle:thin:@172.16.6.67:1521:crmdb1
totalcnt============>0
strDATE=================================>20101019100128
2010-10-19 10:01:28.961
A11035
20
currentTime ==================>1001
1001
2
当前时间====>2010-10-19 10:01:38.31
未配置日期替换规则,默认为前周期!
未配置owner1,owner2,无需切换用户模式
20100709
2010-10-19 10:01:38.324
jdbc:oracle:thin:@172.16.6.67:1521:crmdb1
totalcnt============>107
strDATE=================================>20101019100138
2010-10-19 10:01:38.631
按指定周期抽取,并指定抽取配置文件名,更新配置文件中抽取周期CYCLE
A11034
20
currentTime ==================>1001
1001
2
当前时间====>2010-10-19 10:01:48.592
未配置日期替换规则,默认为前周期!
未配置owner1,owner2,无需切换用户模式
20100710
2010-10-19 10:01:48.682
jdbc:oracle:thin:@172.16.6.67:1521:crmdb1
totalcnt============>3
strDATE=================================>20101019100149
2010-10-19 10:01:49.261
A11035
20
currentTime ==================>1001
1001
2
当前时间====>2010-10-19 10:01:58.593
未配置日期替换规则,默认为前周期!
未配置owner1,owner2,无需切换用户模式
20100710
2010-10-19 10:01:58.606
jdbc:oracle:thin:@172.16.6.67:1521:crmdb1
totalcnt============>35
strDATE=================================>20101019100158
2010-10-19 10:01:58.807
按指定周期抽取,并指定抽取配置文件名,更新配置文件中抽取周期CYCLE
A11034
20
currentTime ==================>1002
1002
2
当前时间====>2010-10-19 10:02:08.903
未配置日期替换规则,默认为前周期!
未配置owner1,owner2,无需切换用户模式
20100711
2010-10-19 10:02:08.993
jdbc:oracle:thin:@172.16.6.67:1521:crmdb1
totalcnt============>0
strDATE=================================>20101019100209
2010-10-19 10:02:09.545
A11035
20
currentTime ==================>1002
1002
2
当前时间====>2010-10-19 10:02:18.904
未配置日期替换规则,默认为前周期!
未配置owner1,owner2,无需切换用户模式
20100711
2010-10-19 10:02:18.919
jdbc:oracle:thin:@172.16.6.67:1521:crmdb1
totalcnt============>18
strDATE=================================>20101019100219
2010-10-19 10:02:19.19
按指定周期抽取,并指定抽取配置文件名,更新配置文件中抽取周期CYCLE
A11034
20
currentTime ==================>1002
1002
2
当前时间====>2010-10-19 10:02:29.209
未配置日期替换规则,默认为前周期!
未配置owner1,owner2,无需切换用户模式
20100712
2010-10-19 10:02:29.298
jdbc:oracle:thin:@172.16.6.67:1521:crmdb1
totalcnt============>3
strDATE=================================>20101019100229
2010-10-19 10:02:29.911
A11035
20
currentTime ==================>1002
1002
2
当前时间====>2010-10-19 10:02:39.21
未配置日期替换规则,默认为前周期!
未配置owner1,owner2,无需切换用户模式
20100712
2010-10-19 10:02:39.231
jdbc:oracle:thin:@172.16.6.67:1521:crmdb1
totalcnt============>36
strDATE=================================>20101019100239
2010-10-19 10:02:39.462
按指定周期抽取,并指定抽取配置文件名,更新配置文件中抽取周期CYCLE
A11034
20
currentTime ==================>1002
1002
2
当前时间====>2010-10-19 10:02:49.482
未配置日期替换规则,默认为前周期!
未配置owner1,owner2,无需切换用户模式
20100713
2010-10-19 10:02:49.563
jdbc:oracle:thin:@172.16.6.67:1521:crmdb1
totalcnt============>0
strDATE=================================>20101019100250
2010-10-19 10:02:50.109
A11035
20
currentTime ==================>1002
1002
2
当前时间====>2010-10-19 10:02:59.484
未配置日期替换规则,默认为前周期!
未配置owner1,owner2,无需切换用户模式
20100713
2010-10-19 10:02:59.497
jdbc:oracle:thin:@172.16.6.67:1521:crmdb1
totalcnt============>24
strDATE=================================>20101019100259
2010-10-19 10:02:59.707
按指定周期抽取,并指定抽取配置文件名,更新配置文件中抽取周期CYCLE
A11034
20
currentTime ==================>1003
1003
2
当前时间====>2010-10-19 10:03:09.77
未配置日期替换规则,默认为前周期!
未配置owner1,owner2,无需切换用户模式
20100714
2010-10-19 10:03:09.854
jdbc:oracle:thin:@172.16.6.67:1521:crmdb1
totalcnt============>6
strDATE=================================>20101019100310
2010-10-19 10:03:10.45
A11035
20
currentTime ==================>1003
1003
2
当前时间====>2010-10-19 10:03:19.771
未配置日期替换规则,默认为前周期!
未配置owner1,owner2,无需切换用户模式
20100714
2010-10-19 10:03:19.784
jdbc:oracle:thin:@172.16.6.67:1521:crmdb1
totalcnt============>76
strDATE=================================>20101019100319
2010-10-19 10:03:20.048
按指定周期抽取,并指定抽取配置文件名,更新配置文件中抽取周期CYCLE
A11034
20
currentTime ==================>1003
1003
2
当前时间====>2010-10-19 10:03:30.097
未配置日期替换规则,默认为前周期!
未配置owner1,owner2,无需切换用户模式
20100715
2010-10-19 10:03:30.178
jdbc:oracle:thin:@172.16.6.67:1521:crmdb1
totalcnt============>202
strDATE=================================>20101019100330
2010-10-19 10:03:30.9
A11035
20
currentTime ==================>1003
1003
2
当前时间====>2010-10-19 10:03:40.098
未配置日期替换规则,默认为前周期!
未配置owner1,owner2,无需切换用户模式
20100715
2010-10-19 10:03:40.115
jdbc:oracle:thin:@172.16.6.67:1521:crmdb1
totalcnt============>91
strDATE=================================>20101019100340
2010-10-19 10:03:40.404
按指定周期抽取,并指定抽取配置文件名,更新配置文件中抽取周期CYCLE
A11034
20
currentTime ==================>1003
1003
2
当前时间====>2010-10-19 10:03:50.417
未配置日期替换规则,默认为前周期!
未配置owner1,owner2,无需切换用户模式
20100716
2010-10-19 10:03:50.506
jdbc:oracle:thin:@172.16.6.67:1521:crmdb1
totalcnt============>6312
strDATE=================================>20101019100352
2010-10-19 10:03:52.685
A11035
20
currentTime ==================>1004
1004
2
当前时间====>2010-10-19 10:04:00.419
未配置日期替换规则,默认为前周期!
未配置owner1,owner2,无需切换用户模式
20100716
2010-10-19 10:04:00.431
jdbc:oracle:thin:@172.16.6.67:1521:crmdb1
totalcnt============>160
strDATE=================================>20101019100400
2010-10-19 10:04:00.686
按指定周期抽取,并指定抽取配置文件名,更新配置文件中抽取周期CYCLE
A11034
20
currentTime ==================>1004
1004
2
当前时间====>2010-10-19 10:04:10.84
未配置日期替换规则,默认为前周期!
未配置owner1,owner2,无需切换用户模式
20100717
2010-10-19 10:04:10.928
jdbc:oracle:thin:@172.16.6.67:1521:crmdb1
totalcnt============>256
strDATE=================================>20101019100411
2010-10-19 10:04:11.694
A11035
20
currentTime ==================>1004
1004
2
当前时间====>2010-10-19 10:04:20.841
未配置日期替换规则,默认为前周期!
未配置owner1,owner2,无需切换用户模式
20100717
2010-10-19 10:04:20.855
jdbc:oracle:thin:@172.16.6.67:1521:crmdb1
totalcnt============>270
strDATE=================================>20101019100421
2010-10-19 10:04:21.152
按指定周期抽取,并指定抽取配置文件名,更新配置文件中抽取周期CYCLE
A11034
20
currentTime ==================>1004
1004
2
当前时间====>2010-10-19 10:04:31.19
未配置日期替换规则,默认为前周期!
未配置owner1,owner2,无需切换用户模式
20100718
2010-10-19 10:04:31.288
jdbc:oracle:thin:@172.16.6.67:1521:crmdb1
totalcnt============>0
strDATE=================================>20101019100431
2010-10-19 10:04:31.888
A11035
20
currentTime ==================>1004
1004
2
当前时间====>2010-10-19 10:04:41.192
未配置日期替换规则,默认为前周期!
未配置owner1,owner2,无需切换用户模式
20100718
2010-10-19 10:04:41.206
jdbc:oracle:thin:@172.16.6.67:1521:crmdb1
totalcnt============>65
strDATE=================================>20101019100441
2010-10-19 10:04:41.474
按指定周期抽取,并指定抽取配置文件名,更新配置文件中抽取周期CYCLE
A11034
20
currentTime ==================>1004
1004
2
当前时间====>2010-10-19 10:04:51.51
未配置日期替换规则,默认为前周期!
未配置owner1,owner2,无需切换用户模式
20100719
2010-10-19 10:04:51.595
jdbc:oracle:thin:@172.16.6.67:1521:crmdb1
totalcnt============>7526
strDATE=================================>20101019100453
2010-10-19 10:04:53.9
A11035
20
currentTime ==================>1005
1005
2
当前时间====>2010-10-19 10:05:01.512
未配置日期替换规则,默认为前周期!
未配置owner1,owner2,无需切换用户模式
20100719
2010-10-19 10:05:01.524
jdbc:oracle:thin:@172.16.6.67:1521:crmdb1
totalcnt============>12
strDATE=================================>20101019100501
2010-10-19 10:05:01.762
按指定周期抽取,并指定抽取配置文件名,更新配置文件中抽取周期CYCLE
A11034
20
currentTime ==================>1005
1005
2
当前时间====>2010-10-19 10:05:11.909
未配置日期替换规则,默认为前周期!
未配置owner1,owner2,无需切换用户模式
20100720
2010-10-19 10:05:11.992
jdbc:oracle:thin:@172.16.6.67:1521:crmdb1
totalcnt============>514
strDATE=================================>20101019100512
2010-10-19 10:05:12.896
A11035
20
currentTime ==================>1005
1005
2
当前时间====>2010-10-19 10:05:21.91
未配置日期替换规则,默认为前周期!
未配置owner1,owner2,无需切换用户模式
20100720
2010-10-19 10:05:21.923
jdbc:oracle:thin:@172.16.6.67:1521:crmdb1
totalcnt============>39
strDATE=================================>20101019100522
2010-10-19 10:05:22.134
按指定周期抽取,并指定抽取配置文件名,更新配置文件中抽取周期CYCLE
A11034
20
currentTime ==================>1005
1005
2
当前时间====>2010-10-19 10:05:32.21
未配置日期替换规则,默认为前周期!
未配置owner1,owner2,无需切换用户模式
20100721
2010-10-19 10:05:32.292
jdbc:oracle:thin:@172.16.6.67:1521:crmdb1
totalcnt============>3407
strDATE=================================>20101019100533
2010-10-19 10:05:33.828
A11035
20
currentTime ==================>1005
1005
2
当前时间====>2010-10-19 10:05:42.212
未配置日期替换规则,默认为前周期!
未配置owner1,owner2,无需切换用户模式
20100721
2010-10-19 10:05:42.224
jdbc:oracle:thin:@172.16.6.67:1521:crmdb1
totalcnt============>105
strDATE=================================>20101019100542
2010-10-19 10:05:42.462
按指定周期抽取,并指定抽取配置文件名,更新配置文件中抽取周期CYCLE
A11034
20
currentTime ==================>1005
1005
2
当前时间====>2010-10-19 10:05:52.58
未配置日期替换规则,默认为前周期!
未配置owner1,owner2,无需切换用户模式
20100722
2010-10-19 10:05:52.672
jdbc:oracle:thin:@172.16.6.67:1521:crmdb1
totalcnt============>5969
strDATE=================================>20101019100554
2010-10-19 10:05:54.74
A11035
20
currentTime ==================>1006
1006
2
当前时间====>2010-10-19 10:06:02.581
未配置日期替换规则,默认为前周期!
未配置owner1,owner2,无需切换用户模式
20100722
2010-10-19 10:06:02.595
jdbc:oracle:thin:@172.16.6.67:1521:crmdb1
totalcnt============>349
strDATE=================================>20101019100602
2010-10-19 10:06:02.899
按指定周期抽取,并指定抽取配置文件名,更新配置文件中抽取周期CYCLE
A11034
20
currentTime ==================>1006
1006
2
当前时间====>2010-10-19 10:06:13.001
未配置日期替换规则,默认为前周期!
未配置owner1,owner2,无需切换用户模式
20100723
2010-10-19 10:06:13.084
jdbc:oracle:thin:@172.16.6.67:1521:crmdb1
totalcnt============>2
strDATE=================================>20101019100613
2010-10-19 10:06:13.739
A11035
20
currentTime ==================>1006
1006
2
当前时间====>2010-10-19 10:06:23.003
未配置日期替换规则,默认为前周期!
未配置owner1,owner2,无需切换用户模式
20100723
2010-10-19 10:06:23.016
jdbc:oracle:thin:@172.16.6.67:1521:crmdb1
totalcnt============>11
strDATE=================================>20101019100623
2010-10-19 10:06:23.207
按指定周期抽取,并指定抽取配置文件名,更新配置文件中抽取周期CYCLE
A11034
20
currentTime ==================>1006
1006
2
当前时间====>2010-10-19 10:06:33.324
未配置日期替换规则,默认为前周期!
未配置owner1,owner2,无需切换用户模式
20100724
2010-10-19 10:06:33.408
jdbc:oracle:thin:@172.16.6.67:1521:crmdb1
totalcnt============>0
strDATE=================================>20101019100633
2010-10-19 10:06:33.955
A11035
20
currentTime ==================>1006
1006
2
当前时间====>2010-10-19 10:06:43.327
未配置日期替换规则,默认为前周期!
未配置owner1,owner2,无需切换用户模式
20100724
2010-10-19 10:06:43.341
jdbc:oracle:thin:@172.16.6.67:1521:crmdb1
totalcnt============>30
strDATE=================================>20101019100643
2010-10-19 10:06:43.561
按指定周期抽取,并指定抽取配置文件名,更新配置文件中抽取周期CYCLE
A11034
20
currentTime ==================>1006
1006
2
当前时间====>2010-10-19 10:06:53.648
未配置日期替换规则,默认为前周期!
未配置owner1,owner2,无需切换用户模式
20100725
2010-10-19 10:06:53.734
jdbc:oracle:thin:@172.16.6.67:1521:crmdb1
totalcnt============>0
strDATE=================================>20101019100654
2010-10-19 10:06:54.267
A11035
20
currentTime ==================>1007
1007
2
当前时间====>2010-10-19 10:07:03.649
未配置日期替换规则,默认为前周期!
未配置owner1,owner2,无需切换用户模式
20100725
2010-10-19 10:07:03.663
jdbc:oracle:thin:@172.16.6.67:1521:crmdb1
totalcnt============>14
strDATE=================================>20101019100703
2010-10-19 10:07:03.869
按指定周期抽取,并指定抽取配置文件名,更新配置文件中抽取周期CYCLE
A11034
20
currentTime ==================>1007
1007
2
当前时间====>2010-10-19 10:07:13.927
未配置日期替换规则,默认为前周期!
未配置owner1,owner2,无需切换用户模式
20100726
2010-10-19 10:07:14.009
jdbc:oracle:thin:@172.16.6.67:1521:crmdb1
totalcnt============>474
strDATE=================================>20101019100714
2010-10-19 10:07:14.937
A11035
20
currentTime ==================>1007
1007
2
当前时间====>2010-10-19 10:07:23.929
未配置日期替换规则,默认为前周期!
未配置owner1,owner2,无需切换用户模式
20100726
2010-10-19 10:07:23.941
jdbc:oracle:thin:@172.16.6.67:1521:crmdb1
totalcnt============>3
strDATE=================================>20101019100724
2010-10-19 10:07:24.166
按指定周期抽取,并指定抽取配置文件名,更新配置文件中抽取周期CYCLE
A11034
20
currentTime ==================>1007
1007
2
当前时间====>2010-10-19 10:07:34.271
未配置日期替换规则,默认为前周期!
未配置owner1,owner2,无需切换用户模式
20100727
2010-10-19 10:07:34.354
jdbc:oracle:thin:@172.16.6.67:1521:crmdb1
totalcnt============>2611
strDATE=================================>20101019100735
2010-10-19 10:07:35.716
A11035
20
currentTime ==================>1007
1007
2
当前时间====>2010-10-19 10:07:44.274
未配置日期替换规则,默认为前周期!
未配置owner1,owner2,无需切换用户模式
20100727
2010-10-19 10:07:44.287
jdbc:oracle:thin:@172.16.6.67:1521:crmdb1
totalcnt============>24
strDATE=================================>20101019100744
2010-10-19 10:07:44.496
按指定周期抽取,并指定抽取配置文件名,更新配置文件中抽取周期CYCLE
A11034
20
currentTime ==================>1007
1007
2
当前时间====>2010-10-19 10:07:54.607
未配置日期替换规则,默认为前周期!
未配置owner1,owner2,无需切换用户模式
20100728
2010-10-19 10:07:54.69
jdbc:oracle:thin:@172.16.6.67:1521:crmdb1
totalcnt============>16540
strDATE=================================>20101019100758
2010-10-19 10:07:58.333
A11035
20
currentTime ==================>1008
1008
2
当前时间====>2010-10-19 10:08:04.608
未配置日期替换规则,默认为前周期!
未配置owner1,owner2,无需切换用户模式
20100728
2010-10-19 10:08:04.619
jdbc:oracle:thin:@172.16.6.67:1521:crmdb1
totalcnt============>78
strDATE=================================>20101019100804
2010-10-19 10:08:04.84
按指定周期抽取,并指定抽取配置文件名,更新配置文件中抽取周期CYCLE
A11034
20
currentTime ==================>1008
1008
2
当前时间====>2010-10-19 10:08:15.079
未配置日期替换规则,默认为前周期!
未配置owner1,owner2,无需切换用户模式
20100729
2010-10-19 10:08:15.162
jdbc:oracle:thin:@172.16.6.67:1521:crmdb1
totalcnt============>15634
strDATE=================================>20101019100818
2010-10-19 10:08:18.674
A11035
20
currentTime ==================>1008
1008
2
当前时间====>2010-10-19 10:08:25.08
未配置日期替换规则,默认为前周期!
未配置owner1,owner2,无需切换用户模式
20100729
2010-10-19 10:08:25.092
jdbc:oracle:thin:@172.16.6.67:1521:crmdb1
totalcnt============>16
strDATE=================================>20101019100825
2010-10-19 10:08:25.327
按指定周期抽取,并指定抽取配置文件名,更新配置文件中抽取周期CYCLE
A11034
20
currentTime ==================>1008
1008
2
当前时间====>2010-10-19 10:08:35.591
未配置日期替换规则,默认为前周期!
未配置owner1,owner2,无需切换用户模式
20100730
2010-10-19 10:08:35.674
jdbc:oracle:thin:@172.16.6.67:1521:crmdb1
totalcnt============>18772
strDATE=================================>20101019100840
2010-10-19 10:08:41.73
A11035
20
currentTime ==================>1008
1008
2
当前时间====>2010-10-19 10:08:45.593
未配置日期替换规则,默认为前周期!
未配置owner1,owner2,无需切换用户模式
20100730
2010-10-19 10:08:45.604
jdbc:oracle:thin:@172.16.6.67:1521:crmdb1
totalcnt============>112
strDATE=================================>20101019100845
2010-10-19 10:08:45.86
按指定周期抽取,并指定抽取配置文件名,更新配置文件中抽取周期CYCLE
A11034
20
currentTime ==================>1008
1008
2
当前时间====>2010-10-19 10:08:56.112
未配置日期替换规则,默认为前周期!
未配置owner1,owner2,无需切换用户模式
20100731
2010-10-19 10:08:56.198
jdbc:oracle:thin:@172.16.6.67:1521:crmdb1
totalcnt============>14927
strDATE=================================>20101019100859
2010-10-19 10:09:00.24
A11035
20
currentTime ==================>1009
1009
2
当前时间====>2010-10-19 10:09:06.114
未配置日期替换规则,默认为前周期!
未配置owner1,owner2,无需切换用户模式
20100731
2010-10-19 10:09:06.126
jdbc:oracle:thin:@172.16.6.67:1521:crmdb1
totalcnt============>0
strDATE=================================>20101019100906
2010-10-19 10:09:06.365
按指定周期抽取,并指定抽取配置文件名,更新配置文件中抽取周期CYCLE
A11034
20
currentTime ==================>1009
1009
2
当前时间====>2010-10-19 10:09:16.594
未配置日期替换规则,默认为前周期!
未配置owner1,owner2,无需切换用户模式
20100801
2010-10-19 10:09:16.684
jdbc:oracle:thin:@172.16.6.67:1521:crmdb1
totalcnt============>0
strDATE=================================>20101019100918
2010-10-19 10:09:18.833
A11035
20
currentTime ==================>1009
1009
2
当前时间====>2010-10-19 10:09:26.595
未配置日期替换规则,默认为前周期!
未配置owner1,owner2,无需切换用户模式
20100801
2010-10-19 10:09:26.609
jdbc:oracle:thin:@172.16.6.67:1521:crmdb1
totalcnt============>1
strDATE=================================>20101019100926
2010-10-19 10:09:26.807
按指定周期抽取,并指定抽取配置文件名,更新配置文件中抽取周期CYCLE
A11034
20
currentTime ==================>1009
1009
2
当前时间====>2010-10-19 10:09:36.886
未配置日期替换规则,默认为前周期!
未配置owner1,owner2,无需切换用户模式
20100802
2010-10-19 10:09:36.972
jdbc:oracle:thin:@172.16.6.67:1521:crmdb1
totalcnt============>3
strDATE=================================>20101019100937
2010-10-19 10:09:37.551
A11035
20
currentTime ==================>1009
1009
2
当前时间====>2010-10-19 10:09:46.887
未配置日期替换规则,默认为前周期!
未配置owner1,owner2,无需切换用户模式
20100802
2010-10-19 10:09:46.9
jdbc:oracle:thin:@172.16.6.67:1521:crmdb1
totalcnt============>2
strDATE=================================>20101019100947
2010-10-19 10:09:47.086
按指定周期抽取,并指定抽取配置文件名,更新配置文件中抽取周期CYCLE
A11034
20
currentTime ==================>1009
1009
2
当前时间====>2010-10-19 10:09:57.202
未配置日期替换规则,默认为前周期!
未配置owner1,owner2,无需切换用户模式
20100803
2010-10-19 10:09:57.284
jdbc:oracle:thin:@172.16.6.67:1521:crmdb1
totalcnt============>11
strDATE=================================>20101019100957
2010-10-19 10:09:57.833
A11035
20
currentTime ==================>1010
1010
2
当前时间====>2010-10-19 10:10:07.204
未配置日期替换规则,默认为前周期!
未配置owner1,owner2,无需切换用户模式
20100803
2010-10-19 10:10:07.221
jdbc:oracle:thin:@172.16.6.67:1521:crmdb1
totalcnt============>0
strDATE=================================>20101019101007
2010-10-19 10:10:07.397
按指定周期抽取,并指定抽取配置文件名,更新配置文件中抽取周期CYCLE
A11034
20
currentTime ==================>1010
1010
2
当前时间====>2010-10-19 10:10:17.48
未配置日期替换规则,默认为前周期!
未配置owner1,owner2,无需切换用户模式
20100804
2010-10-19 10:10:17.563
jdbc:oracle:thin:@172.16.6.67:1521:crmdb1
totalcnt============>1
strDATE=================================>20101019101018
2010-10-19 10:10:18.13
A11035
20
currentTime ==================>1010
1010
2
当前时间====>2010-10-19 10:10:27.482
未配置日期替换规则,默认为前周期!
未配置owner1,owner2,无需切换用户模式
20100804
2010-10-19 10:10:27.495
jdbc:oracle:thin:@172.16.6.67:1521:crmdb1
totalcnt============>67
strDATE=================================>20101019101027
2010-10-19 10:10:27.733
按指定周期抽取,并指定抽取配置文件名,更新配置文件中抽取周期CYCLE
A11034
20
currentTime ==================>1010
1010
2
当前时间====>2010-10-19 10:10:37.826
未配置日期替换规则,默认为前周期!
未配置owner1,owner2,无需切换用户模式
20100805
2010-10-19 10:10:37.909
jdbc:oracle:thin:@172.16.6.67:1521:crmdb1
totalcnt============>18
strDATE=================================>20101019101038
2010-10-19 10:10:38.455
A11035
20
currentTime ==================>1010
1010
2
当前时间====>2010-10-19 10:10:47.828
未配置日期替换规则,默认为前周期!
未配置owner1,owner2,无需切换用户模式
20100805
2010-10-19 10:10:47.841
jdbc:oracle:thin:@172.16.6.67:1521:crmdb1
totalcnt============>88
strDATE=================================>20101019101048
2010-10-19 10:10:48.105
按指定周期抽取,并指定抽取配置文件名,更新配置文件中抽取周期CYCLE
A11034
20
currentTime ==================>1010
1010
2
当前时间====>2010-10-19 10:10:58.12
未配置日期替换规则,默认为前周期!
未配置owner1,owner2,无需切换用户模式
20100806
2010-10-19 10:10:58.21
jdbc:oracle:thin:@172.16.6.67:1521:crmdb1
totalcnt============>103
strDATE=================================>20101019101058
2010-10-19 10:10:58.856
A11035
20
currentTime ==================>1011
1011
2
当前时间====>2010-10-19 10:11:08.122
未配置日期替换规则,默认为前周期!
未配置owner1,owner2,无需切换用户模式
20100806
2010-10-19 10:11:08.134
jdbc:oracle:thin:@172.16.6.67:1521:crmdb1
totalcnt============>3475
strDATE=================================>20101019101109
2010-10-19 10:11:09.258
按指定周期抽取,并指定抽取配置文件名,更新配置文件中抽取周期CYCLE
A11034
20
currentTime ==================>1011
1011
2
当前时间====>2010-10-19 10:11:18.485
未配置日期替换规则,默认为前周期!
未配置owner1,owner2,无需切换用户模式
20100807
2010-10-19 10:11:18.568
jdbc:oracle:thin:@172.16.6.67:1521:crmdb1
totalcnt============>0
strDATE=================================>20101019101119
2010-10-19 10:11:19.092
A11035
20
currentTime ==================>1011
1011
2
当前时间====>2010-10-19 10:11:28.487
未配置日期替换规则,默认为前周期!
未配置owner1,owner2,无需切换用户模式
20100807
2010-10-19 10:11:28.502
jdbc:oracle:thin:@172.16.6.67:1521:crmdb1
totalcnt============>0
strDATE=================================>20101019101128
2010-10-19 10:11:28.683
按指定周期抽取,并指定抽取配置文件名,更新配置文件中抽取周期CYCLE
A11034
20
currentTime ==================>1011
1011
2
当前时间====>2010-10-19 10:11:38.805
未配置日期替换规则,默认为前周期!
未配置owner1,owner2,无需切换用户模式
20100808
2010-10-19 10:11:38.887
jdbc:oracle:thin:@172.16.6.67:1521:crmdb1
totalcnt============>0
strDATE=================================>20101019101139
2010-10-19 10:11:39.403
A11035
20
currentTime ==================>1011
1011
2
当前时间====>2010-10-19 10:11:48.808
未配置日期替换规则,默认为前周期!
未配置owner1,owner2,无需切换用户模式
20100808
2010-10-19 10:11:48.822
jdbc:oracle:thin:@172.16.6.67:1521:crmdb1
totalcnt============>189
strDATE=================================>20101019101149
2010-10-19 10:11:49.194
按指定周期抽取,并指定抽取配置文件名,更新配置文件中抽取周期CYCLE
A11034
20
currentTime ==================>1011
1011
2
当前时间====>2010-10-19 10:11:59.152
未配置日期替换规则,默认为前周期!
未配置owner1,owner2,无需切换用户模式
20100809
2010-10-19 10:11:59.242
jdbc:oracle:thin:@172.16.6.67:1521:crmdb1
totalcnt============>0
strDATE=================================>20101019101159
2010-10-19 10:11:59.787
A11035
20
currentTime ==================>1012
1012
2
当前时间====>2010-10-19 10:12:09.154
未配置日期替换规则,默认为前周期!
未配置owner1,owner2,无需切换用户模式
20100809
2010-10-19 10:12:09.169
jdbc:oracle:thin:@172.16.6.67:1521:crmdb1
totalcnt============>119
strDATE=================================>20101019101209
2010-10-19 10:12:09.482
按指定周期抽取,并指定抽取配置文件名,更新配置文件中抽取周期CYCLE
A11034
20
currentTime ==================>1012
1012
2
当前时间====>2010-10-19 10:12:19.451
未配置日期替换规则,默认为前周期!
未配置owner1,owner2,无需切换用户模式
20100810
2010-10-19 10:12:19.578
jdbc:oracle:thin:@172.16.6.67:1521:crmdb1
totalcnt============>0
strDATE=================================>20101019101220
2010-10-19 10:12:20.105
A11035
20
currentTime ==================>1012
1012
2
当前时间====>2010-10-19 10:12:29.454
未配置日期替换规则,默认为前周期!
未配置owner1,owner2,无需切换用户模式
20100810
2010-10-19 10:12:29.468
jdbc:oracle:thin:@172.16.6.67:1521:crmdb1
totalcnt============>142
strDATE=================================>20101019101229
2010-10-19 10:12:29.813
按指定周期抽取,并指定抽取配置文件名,更新配置文件中抽取周期CYCLE
A11034
20
currentTime ==================>1012
1012
2
当前时间====>2010-10-19 10:12:39.775
未配置日期替换规则,默认为前周期!
未配置owner1,owner2,无需切换用户模式
20100811
2010-10-19 10:12:39.862
jdbc:oracle:thin:@172.16.6.67:1521:crmdb1
totalcnt============>1
strDATE=================================>20101019101240
2010-10-19 10:12:40.406
A11035
20
currentTime ==================>1012
1012
2
当前时间====>2010-10-19 10:12:49.776
未配置日期替换规则,默认为前周期!
未配置owner1,owner2,无需切换用户模式
20100811
2010-10-19 10:12:49.789
jdbc:oracle:thin:@172.16.6.67:1521:crmdb1
totalcnt============>231
strDATE=================================>20101019101250
2010-10-19 10:12:50.157
按指定周期抽取,并指定抽取配置文件名,更新配置文件中抽取周期CYCLE
A11034
20
currentTime ==================>1013
1013
2
当前时间====>2010-10-19 10:13:00.128
未配置日期替换规则,默认为前周期!
未配置owner1,owner2,无需切换用户模式
20100812
2010-10-19 10:13:00.213
jdbc:oracle:thin:@172.16.6.67:1521:crmdb1
totalcnt============>0
strDATE=================================>20101019101300
2010-10-19 10:13:00.758
A11035
20
currentTime ==================>1013
1013
2
当前时间====>2010-10-19 10:13:10.13
未配置日期替换规则,默认为前周期!
未配置owner1,owner2,无需切换用户模式
20100812
2010-10-19 10:13:10.144
jdbc:oracle:thin:@172.16.6.67:1521:crmdb1
totalcnt============>84
strDATE=================================>20101019101310
2010-10-19 10:13:10.437
按指定周期抽取,并指定抽取配置文件名,更新配置文件中抽取周期CYCLE
A11034
20
currentTime ==================>1013
1013
2
当前时间====>2010-10-19 10:13:20.435
未配置日期替换规则,默认为前周期!
未配置owner1,owner2,无需切换用户模式
20100813
2010-10-19 10:13:20.519
jdbc:oracle:thin:@172.16.6.67:1521:crmdb1
totalcnt============>0
strDATE=================================>20101019101320
2010-10-19 10:13:21.041
A11035
20
currentTime ==================>1013
1013
2
当前时间====>2010-10-19 10:13:30.437
未配置日期替换规则,默认为前周期!
未配置owner1,owner2,无需切换用户模式
20100813
2010-10-19 10:13:30.451
jdbc:oracle:thin:@172.16.6.67:1521:crmdb1
totalcnt============>57
strDATE=================================>20101019101330
2010-10-19 10:13:30.688
按指定周期抽取,并指定抽取配置文件名,更新配置文件中抽取周期CYCLE
A11034
20
currentTime ==================>1013
1013
2
当前时间====>2010-10-19 10:13:40.758
未配置日期替换规则,默认为前周期!
未配置owner1,owner2,无需切换用户模式
20100814
2010-10-19 10:13:40.84
jdbc:oracle:thin:@172.16.6.67:1521:crmdb1
totalcnt============>0
strDATE=================================>20101019101341
2010-10-19 10:13:41.37
A11035
20
currentTime ==================>1013
1013
2
当前时间====>2010-10-19 10:13:50.76
未配置日期替换规则,默认为前周期!
未配置owner1,owner2,无需切换用户模式
20100814
2010-10-19 10:13:50.773
jdbc:oracle:thin:@172.16.6.67:1521:crmdb1
totalcnt============>39
strDATE=================================>20101019101350
2010-10-19 10:13:51.021
按指定周期抽取,并指定抽取配置文件名,更新配置文件中抽取周期CYCLE
A11034
20
currentTime ==================>1014
1014
2
当前时间====>2010-10-19 10:14:01.082
未配置日期替换规则,默认为前周期!
未配置owner1,owner2,无需切换用户模式
20100815
2010-10-19 10:14:01.165
jdbc:oracle:thin:@172.16.6.67:1521:crmdb1
totalcnt============>0
strDATE=================================>20101019101401
2010-10-19 10:14:01.684
A11035
20
currentTime ==================>1014
1014
2
当前时间====>2010-10-19 10:14:11.085
未配置日期替换规则,默认为前周期!
未配置owner1,owner2,无需切换用户模式
20100815
2010-10-19 10:14:11.099
jdbc:oracle:thin:@172.16.6.67:1521:crmdb1
totalcnt============>153
strDATE=================================>20101019101411
2010-10-19 10:14:11.439
按指定周期抽取,并指定抽取配置文件名,更新配置文件中抽取周期CYCLE
A11034
20
currentTime ==================>1014
1014
2
当前时间====>2010-10-19 10:14:21.414
未配置日期替换规则,默认为前周期!
未配置owner1,owner2,无需切换用户模式
20100816
2010-10-19 10:14:21.498
jdbc:oracle:thin:@172.16.6.67:1521:crmdb1
totalcnt============>0
strDATE=================================>20101019101421
2010-10-19 10:14:22.031
A11035
20
currentTime ==================>1014
1014
2
当前时间====>2010-10-19 10:14:31.415
未配置日期替换规则,默认为前周期!
未配置owner1,owner2,无需切换用户模式
20100816
2010-10-19 10:14:31.43
jdbc:oracle:thin:@172.16.6.67:1521:crmdb1
totalcnt============>80
strDATE=================================>20101019101431
2010-10-19 10:14:31.751
按指定周期抽取,并指定抽取配置文件名,更新配置文件中抽取周期CYCLE
A11034
20
currentTime ==================>1014
1014
2
当前时间====>2010-10-19 10:14:41.737
未配置日期替换规则,默认为前周期!
未配置owner1,owner2,无需切换用户模式
20100817
2010-10-19 10:14:41.821
jdbc:oracle:thin:@172.16.6.67:1521:crmdb1
totalcnt============>4
strDATE=================================>20101019101442
2010-10-19 10:14:42.36
A11035
20
currentTime ==================>1014
1014
2
当前时间====>2010-10-19 10:14:51.739
未配置日期替换规则,默认为前周期!
未配置owner1,owner2,无需切换用户模式
20100817
2010-10-19 10:14:51.752
jdbc:oracle:thin:@172.16.6.67:1521:crmdb1
totalcnt============>205
strDATE=================================>20101019101452
2010-10-19 10:14:52.131
按指定周期抽取,并指定抽取配置文件名,更新配置文件中抽取周期CYCLE
A11034
20
currentTime ==================>1015
1015
2
当前时间====>2010-10-19 10:15:02.049
未配置日期替换规则,默认为前周期!
未配置owner1,owner2,无需切换用户模式
20100818
2010-10-19 10:15:02.138
jdbc:oracle:thin:@172.16.6.67:1521:crmdb1
totalcnt============>38
strDATE=================================>20101019101502
2010-10-19 10:15:02.762
A11035
20
currentTime ==================>1015
1015
2
当前时间====>2010-10-19 10:15:12.05
未配置日期替换规则,默认为前周期!
未配置owner1,owner2,无需切换用户模式
20100818
2010-10-19 10:15:12.064
jdbc:oracle:thin:@172.16.6.67:1521:crmdb1
totalcnt============>0
strDATE=================================>20101019101512
2010-10-19 10:15:12.281
按指定周期抽取,并指定抽取配置文件名,更新配置文件中抽取周期CYCLE
A11034
20
currentTime ==================>1015
1015
2
当前时间====>2010-10-19 10:15:22.364
未配置日期替换规则,默认为前周期!
未配置owner1,owner2,无需切换用户模式
20100819
2010-10-19 10:15:22.452
jdbc:oracle:thin:@172.16.6.67:1521:crmdb1
totalcnt============>7658
strDATE=================================>20101019101524
2010-10-19 10:15:24.899
A11035
20
currentTime ==================>1015
1015
2
当前时间====>2010-10-19 10:15:32.365
未配置日期替换规则,默认为前周期!
未配置owner1,owner2,无需切换用户模式
20100819
2010-10-19 10:15:32.379
jdbc:oracle:thin:@172.16.6.67:1521:crmdb1
totalcnt============>340
strDATE=================================>20101019101532
2010-10-19 10:15:32.661
按指定周期抽取,并指定抽取配置文件名,更新配置文件中抽取周期CYCLE
A11034
20
currentTime ==================>1015
1015
2
当前时间====>2010-10-19 10:15:42.81
未配置日期替换规则,默认为前周期!
未配置owner1,owner2,无需切换用户模式
20100820
2010-10-19 10:15:42.9
jdbc:oracle:thin:@172.16.6.67:1521:crmdb1
totalcnt============>6802
strDATE=================================>20101019101545
2010-10-19 10:15:45.184
A11035
20
currentTime ==================>1015
1015
2
当前时间====>2010-10-19 10:15:52.811
未配置日期替换规则,默认为前周期!
未配置owner1,owner2,无需切换用户模式
20100820
2010-10-19 10:15:52.824
jdbc:oracle:thin:@172.16.6.67:1521:crmdb1
totalcnt============>33
strDATE=================================>20101019101552
2010-10-19 10:15:53.052
按指定周期抽取,并指定抽取配置文件名,更新配置文件中抽取周期CYCLE
A11034
20
currentTime ==================>1016
1016
2
当前时间====>2010-10-19 10:16:03.199
未配置日期替换规则,默认为前周期!
未配置owner1,owner2,无需切换用户模式
20100821
2010-10-19 10:16:03.283
jdbc:oracle:thin:@172.16.6.67:1521:crmdb1
totalcnt============>0
strDATE=================================>20101019101603
2010-10-19 10:16:03.808
A11035
20
currentTime ==================>1016
1016
2
当前时间====>2010-10-19 10:16:13.2
未配置日期替换规则,默认为前周期!
未配置owner1,owner2,无需切换用户模式
20100821
2010-10-19 10:16:13.213
jdbc:oracle:thin:@172.16.6.67:1521:crmdb1
totalcnt============>36
strDATE=================================>20101019101613
2010-10-19 10:16:13.443
按指定周期抽取,并指定抽取配置文件名,更新配置文件中抽取周期CYCLE
A11034
20
currentTime ==================>1016
1016
2
当前时间====>2010-10-19 10:16:23.523
未配置日期替换规则,默认为前周期!
未配置owner1,owner2,无需切换用户模式
20100822
2010-10-19 10:16:23.606
jdbc:oracle:thin:@172.16.6.67:1521:crmdb1
totalcnt============>0
strDATE=================================>20101019101624
2010-10-19 10:16:24.13
A11035
20
currentTime ==================>1016
1016
2
当前时间====>2010-10-19 10:16:33.524
未配置日期替换规则,默认为前周期!
未配置owner1,owner2,无需切换用户模式
20100822
2010-10-19 10:16:33.538
jdbc:oracle:thin:@172.16.6.67:1521:crmdb1
totalcnt============>0
strDATE=================================>20101019101633
2010-10-19 10:16:33.715
按指定周期抽取,并指定抽取配置文件名,更新配置文件中抽取周期CYCLE
A11034
20
currentTime ==================>1016
1016
2
当前时间====>2010-10-19 10:16:43.819
未配置日期替换规则,默认为前周期!
未配置owner1,owner2,无需切换用户模式
20100823
2010-10-19 10:16:43.904
jdbc:oracle:thin:@172.16.6.67:1521:crmdb1
totalcnt============>33
strDATE=================================>20101019101644
2010-10-19 10:16:44.515
A11035
20
currentTime ==================>1016
1016
2
当前时间====>2010-10-19 10:16:53.82
未配置日期替换规则,默认为前周期!
未配置owner1,owner2,无需切换用户模式
20100823
2010-10-19 10:16:53.833
jdbc:oracle:thin:@172.16.6.67:1521:crmdb1
totalcnt============>22
strDATE=================================>20101019101653
2010-10-19 10:16:54.054
按指定周期抽取,并指定抽取配置文件名,更新配置文件中抽取周期CYCLE
A11034
20
currentTime ==================>1017
1017
2
当前时间====>2010-10-19 10:17:04.146
未配置日期替换规则,默认为前周期!
未配置owner1,owner2,无需切换用户模式
20100824
2010-10-19 10:17:04.23
jdbc:oracle:thin:@172.16.6.67:1521:crmdb1
totalcnt============>13
strDATE=================================>20101019101704
2010-10-19 10:17:04.778
A11035
20
currentTime ==================>1017
1017
2
当前时间====>2010-10-19 10:17:14.148
未配置日期替换规则,默认为前周期!
未配置owner1,owner2,无需切换用户模式
20100824
2010-10-19 10:17:14.161
jdbc:oracle:thin:@172.16.6.67:1521:crmdb1
totalcnt============>44
strDATE=================================>20101019101714
2010-10-19 10:17:14.371
按指定周期抽取,并指定抽取配置文件名,更新配置文件中抽取周期CYCLE
A11034
20
currentTime ==================>1017
1017
2
当前时间====>2010-10-19 10:17:24.433
未配置日期替换规则,默认为前周期!
未配置owner1,owner2,无需切换用户模式
20100825
2010-10-19 10:17:24.517
jdbc:oracle:thin:@172.16.6.67:1521:crmdb1
totalcnt============>11301
strDATE=================================>20101019101727
2010-10-19 10:17:27.354
A11035
20
currentTime ==================>1017
1017
2
当前时间====>2010-10-19 10:17:34.434
未配置日期替换规则,默认为前周期!
未配置owner1,owner2,无需切换用户模式
20100825
2010-10-19 10:17:34.445
jdbc:oracle:thin:@172.16.6.67:1521:crmdb1
totalcnt============>19
strDATE=================================>20101019101734
2010-10-19 10:17:34.679
按指定周期抽取,并指定抽取配置文件名,更新配置文件中抽取周期CYCLE
A11034
20
currentTime ==================>1017
1017
2
当前时间====>2010-10-19 10:17:44.899
未配置日期替换规则,默认为前周期!
未配置owner1,owner2,无需切换用户模式
20100826
2010-10-19 10:17:44.985
jdbc:oracle:thin:@172.16.6.67:1521:crmdb1
totalcnt============>3550
strDATE=================================>20101019101746
2010-10-19 10:17:46.546
A11035
20
currentTime ==================>1017
1017
2
当前时间====>2010-10-19 10:17:54.901
未配置日期替换规则,默认为前周期!
未配置owner1,owner2,无需切换用户模式
20100826
2010-10-19 10:17:54.914
jdbc:oracle:thin:@172.16.6.67:1521:crmdb1
totalcnt============>1839
strDATE=================================>20101019101755
2010-10-19 10:17:55.52
按指定周期抽取,并指定抽取配置文件名,更新配置文件中抽取周期CYCLE
A11034
20
currentTime ==================>1018
1018
2
当前时间====>2010-10-19 10:18:05.298
未配置日期替换规则,默认为前周期!
未配置owner1,owner2,无需切换用户模式
20100827
2010-10-19 10:18:05.381
jdbc:oracle:thin:@172.16.6.67:1521:crmdb1
totalcnt============>2532
strDATE=================================>20101019101807
2010-10-19 10:18:07.96
A11035
20
currentTime ==================>1018
1018
2
当前时间====>2010-10-19 10:18:15.3
未配置日期替换规则,默认为前周期!
未配置owner1,owner2,无需切换用户模式
20100827
2010-10-19 10:18:15.311
jdbc:oracle:thin:@172.16.6.67:1521:crmdb1
totalcnt============>2558
strDATE=================================>20101019101815
2010-10-19 10:18:15.953
按指定周期抽取,并指定抽取配置文件名,更新配置文件中抽取周期CYCLE
A11034
20
currentTime ==================>1018
1018
2
当前时间====>2010-10-19 10:18:25.805
未配置日期替换规则,默认为前周期!
未配置owner1,owner2,无需切换用户模式
20100828
2010-10-19 10:18:25.886
jdbc:oracle:thin:@172.16.6.67:1521:crmdb1
totalcnt============>2
strDATE=================================>20101019101826
2010-10-19 10:18:26.433
A11035
20
currentTime ==================>1018
1018
2
当前时间====>2010-10-19 10:18:35.807
未配置日期替换规则,默认为前周期!
未配置owner1,owner2,无需切换用户模式
20100828
2010-10-19 10:18:35.819
jdbc:oracle:thin:@172.16.6.67:1521:crmdb1
totalcnt============>143
strDATE=================================>20101019101836
2010-10-19 10:18:36.115
按指定周期抽取,并指定抽取配置文件名,更新配置文件中抽取周期CYCLE
A11034
20
currentTime ==================>1018
1018
2
当前时间====>2010-10-19 10:18:46.087
未配置日期替换规则,默认为前周期!
未配置owner1,owner2,无需切换用户模式
20100829
2010-10-19 10:18:46.171
jdbc:oracle:thin:@172.16.6.67:1521:crmdb1
totalcnt============>17
strDATE=================================>20101019101846
2010-10-19 10:18:46.733
A11035
20
currentTime ==================>1018
1018
2
当前时间====>2010-10-19 10:18:56.089
未配置日期替换规则,默认为前周期!
未配置owner1,owner2,无需切换用户模式
20100829
2010-10-19 10:18:56.101
jdbc:oracle:thin:@172.16.6.67:1521:crmdb1
totalcnt============>211
strDATE=================================>20101019101856
2010-10-19 10:18:56.468
按指定周期抽取,并指定抽取配置文件名,更新配置文件中抽取周期CYCLE
A11034
20
currentTime ==================>1019
1019
2
当前时间====>2010-10-19 10:19:06.422
未配置日期替换规则,默认为前周期!
未配置owner1,owner2,无需切换用户模式
20100830
2010-10-19 10:19:06.505
jdbc:oracle:thin:@172.16.6.67:1521:crmdb1
totalcnt============>14790
strDATE=================================>20101019101910
2010-10-19 10:19:11.736
A11035
20
currentTime ==================>1019
1019
2
当前时间====>2010-10-19 10:19:16.423
未配置日期替换规则,默认为前周期!
未配置owner1,owner2,无需切换用户模式
20100830
2010-10-19 10:19:16.434
jdbc:oracle:thin:@172.16.6.67:1521:crmdb1
totalcnt============>39
strDATE=================================>20101019101916
2010-10-19 10:19:16.691
按指定周期抽取,并指定抽取配置文件名,更新配置文件中抽取周期CYCLE
A11034
20
currentTime ==================>1019
1019
2
当前时间====>2010-10-19 10:19:26.908
未配置日期替换规则,默认为前周期!
未配置owner1,owner2,无需切换用户模式
20100831
2010-10-19 10:19:26.989
jdbc:oracle:thin:@172.16.6.67:1521:crmdb1
totalcnt============>9203
strDATE=================================>20101019101929
2010-10-19 10:19:29.585
A11035
20
currentTime ==================>1019
1019
2
当前时间====>2010-10-19 10:19:36.91
未配置日期替换规则,默认为前周期!
未配置owner1,owner2,无需切换用户模式
20100831
2010-10-19 10:19:36.922
jdbc:oracle:thin:@172.16.6.67:1521:crmdb1
totalcnt============>149
strDATE=================================>20101019101937
2010-10-19 10:19:37.166
按指定周期抽取,并指定抽取配置文件名,更新配置文件中抽取周期CYCLE
A11034
20
currentTime ==================>1019
1019
2
当前时间====>2010-10-19 10:19:47.362
未配置日期替换规则,默认为前周期!
未配置owner1,owner2,无需切换用户模式
20101001
2010-10-19 10:19:47.444
jdbc:oracle:thin:@172.16.6.67:1521:crmdb1
totalcnt============>0
strDATE=================================>20101019101948
2010-10-19 10:19:48.2
A11035
20
currentTime ==================>1019
1019
2
当前时间====>2010-10-19 10:19:57.363
未配置日期替换规则,默认为前周期!
未配置owner1,owner2,无需切换用户模式
20101001
2010-10-19 10:19:57.376
jdbc:oracle:thin:@172.16.6.67:1521:crmdb1
totalcnt============>250
strDATE=================================>20101019101957
2010-10-19 10:19:57.789
按指定周期抽取,并指定抽取配置文件名,更新配置文件中抽取周期CYCLE
A11034
20
currentTime ==================>1020
1020
2
当前时间====>2010-10-19 10:20:07.66
未配置日期替换规则,默认为前周期!
未配置owner1,owner2,无需切换用户模式
20101002
2010-10-19 10:20:07.745
jdbc:oracle:thin:@172.16.6.67:1521:crmdb1
totalcnt============>4883
strDATE=================================>20101019102009
2010-10-19 10:20:09.674
A11035
20
currentTime ==================>1020
1020
2
当前时间====>2010-10-19 10:20:17.661
未配置日期替换规则,默认为前周期!
未配置owner1,owner2,无需切换用户模式
20101002
2010-10-19 10:20:17.673
jdbc:oracle:thin:@172.16.6.67:1521:crmdb1
totalcnt============>50
strDATE=================================>20101019102017
2010-10-19 10:20:17.896
按指定周期抽取,并指定抽取配置文件名,更新配置文件中抽取周期CYCLE
A11034
20
currentTime ==================>1020
1020
2
当前时间====>2010-10-19 10:20:28.074
未配置日期替换规则,默认为前周期!
未配置owner1,owner2,无需切换用户模式
20101003
2010-10-19 10:20:28.164
jdbc:oracle:thin:@172.16.6.67:1521:crmdb1
totalcnt============>0
strDATE=================================>20101019102028
2010-10-19 10:20:28.666
A11035
20
currentTime ==================>1020
1020
2
当前时间====>2010-10-19 10:20:38.076
未配置日期替换规则,默认为前周期!
未配置owner1,owner2,无需切换用户模式
20101003
2010-10-19 10:20:38.091
jdbc:oracle:thin:@172.16.6.67:1521:crmdb1
totalcnt============>231
strDATE=================================>20101019102038
2010-10-19 10:20:38.534
按指定周期抽取,并指定抽取配置文件名,更新配置文件中抽取周期CYCLE
A11034
20
currentTime ==================>1020
1020
2
当前时间====>2010-10-19 10:20:48.374
未配置日期替换规则,默认为前周期!
未配置owner1,owner2,无需切换用户模式
20101004
2010-10-19 10:20:48.457
jdbc:oracle:thin:@172.16.6.67:1521:crmdb1
totalcnt============>0
strDATE=================================>20101019102048
2010-10-19 10:20:48.95
A11035
20
currentTime ==================>1020
1020
2
当前时间====>2010-10-19 10:20:58.376
未配置日期替换规则,默认为前周期!
未配置owner1,owner2,无需切换用户模式
20101004
2010-10-19 10:20:58.389
jdbc:oracle:thin:@172.16.6.67:1521:crmdb1
totalcnt============>128
strDATE=================================>20101019102058
2010-10-19 10:20:58.682
按指定周期抽取,并指定抽取配置文件名,更新配置文件中抽取周期CYCLE
A11034
20
currentTime ==================>1021
1021
2
当前时间====>2010-10-19 10:21:08.666
未配置日期替换规则,默认为前周期!
未配置owner1,owner2,无需切换用户模式
20101005
2010-10-19 10:21:08.746
jdbc:oracle:thin:@172.16.6.67:1521:crmdb1
totalcnt============>0
strDATE=================================>20101019102109
2010-10-19 10:21:09.235
A11035
20
currentTime ==================>1021
1021
2
当前时间====>2010-10-19 10:21:18.667
未配置日期替换规则,默认为前周期!
未配置owner1,owner2,无需切换用户模式
20101005
2010-10-19 10:21:18.681
jdbc:oracle:thin:@172.16.6.67:1521:crmdb1
totalcnt============>81
strDATE=================================>20101019102118
2010-10-19 10:21:18.969
按指定周期抽取,并指定抽取配置文件名,更新配置文件中抽取周期CYCLE
A11034
20
currentTime ==================>1021
1021
2
当前时间====>2010-10-19 10:21:28.951
未配置日期替换规则,默认为前周期!
未配置owner1,owner2,无需切换用户模式
20101006
2010-10-19 10:21:29.042
jdbc:oracle:thin:@172.16.6.67:1521:crmdb1
totalcnt============>0
strDATE=================================>20101019102129
2010-10-19 10:21:29.545
A11035
20
currentTime ==================>1021
1021
2
当前时间====>2010-10-19 10:21:38.953
未配置日期替换规则,默认为前周期!
未配置owner1,owner2,无需切换用户模式
20101006
2010-10-19 10:21:38.968
jdbc:oracle:thin:@172.16.6.67:1521:crmdb1
totalcnt============>0
strDATE=================================>20101019102139
2010-10-19 10:21:39.15
按指定周期抽取,并指定抽取配置文件名,更新配置文件中抽取周期CYCLE
A11034
20
currentTime ==================>1021
1021
2
当前时间====>2010-10-19 10:21:49.232
未配置日期替换规则,默认为前周期!
未配置owner1,owner2,无需切换用户模式
20101007
2010-10-19 10:21:49.314
jdbc:oracle:thin:@172.16.6.67:1521:crmdb1
totalcnt============>0
strDATE=================================>20101019102149
2010-10-19 10:21:49.801
A11035
20
currentTime ==================>1021
1021
2
当前时间====>2010-10-19 10:21:59.234
未配置日期替换规则,默认为前周期!
未配置owner1,owner2,无需切换用户模式
20101007
2010-10-19 10:21:59.249
jdbc:oracle:thin:@172.16.6.67:1521:crmdb1
totalcnt============>0
strDATE=================================>20101019102159
2010-10-19 10:21:59.425
按指定周期抽取,并指定抽取配置文件名,更新配置文件中抽取周期CYCLE
A11034
20
currentTime ==================>1022
1022
2
当前时间====>2010-10-19 10:22:09.522
未配置日期替换规则,默认为前周期!
未配置owner1,owner2,无需切换用户模式
20101008
2010-10-19 10:22:09.607
jdbc:oracle:thin:@172.16.6.67:1521:crmdb1
totalcnt============>0
strDATE=================================>20101019102210
2010-10-19 10:22:10.103
A11035
20
currentTime ==================>1022
1022
2
当前时间====>2010-10-19 10:22:19.524
未配置日期替换规则,默认为前周期!
未配置owner1,owner2,无需切换用户模式
20101008
2010-10-19 10:22:19.539
jdbc:oracle:thin:@172.16.6.67:1521:crmdb1
totalcnt============>280
strDATE=================================>20101019102219
2010-10-19 10:22:20.013
按指定周期抽取,并指定抽取配置文件名,更新配置文件中抽取周期CYCLE
A11034
20
currentTime ==================>1022
1022
2
当前时间====>2010-10-19 10:22:29.823
未配置日期替换规则,默认为前周期!
未配置owner1,owner2,无需切换用户模式
20101009
2010-10-19 10:22:29.91
jdbc:oracle:thin:@172.16.6.67:1521:crmdb1
totalcnt============>0
strDATE=================================>20101019102230
2010-10-19 10:22:30.406
A11035
20
currentTime ==================>1022
1022
2
当前时间====>2010-10-19 10:22:39.825
未配置日期替换规则,默认为前周期!
未配置owner1,owner2,无需切换用户模式
20101009
2010-10-19 10:22:39.84
jdbc:oracle:thin:@172.16.6.67:1521:crmdb1
totalcnt============>281
strDATE=================================>20101019102240
2010-10-19 10:22:40.286
按指定周期抽取,并指定抽取配置文件名,更新配置文件中抽取周期CYCLE
A11034
20
currentTime ==================>1022
1022
2
当前时间====>2010-10-19 10:22:50.153
未配置日期替换规则,默认为前周期!
未配置owner1,owner2,无需切换用户模式
20101010
2010-10-19 10:22:50.239
jdbc:oracle:thin:@172.16.6.67:1521:crmdb1
totalcnt============>0
strDATE=================================>20101019102250
2010-10-19 10:22:50.74
A11035
20
currentTime ==================>1023
1023
2
当前时间====>2010-10-19 10:23:00.155
未配置日期替换规则,默认为前周期!
未配置owner1,owner2,无需切换用户模式
20101010
2010-10-19 10:23:00.169
jdbc:oracle:thin:@172.16.6.67:1521:crmdb1
totalcnt============>10
strDATE=================================>20101019102300
2010-10-19 10:23:00.389
按指定周期抽取,并指定抽取配置文件名,更新配置文件中抽取周期CYCLE
A11034
20
currentTime ==================>1023
1023
2
当前时间====>2010-10-19 10:23:10.438
未配置日期替换规则,默认为前周期!
未配置owner1,owner2,无需切换用户模式
20101011
2010-10-19 10:23:10.523
jdbc:oracle:thin:@172.16.6.67:1521:crmdb1
totalcnt============>1561
strDATE=================================>20101019102311
2010-10-19 10:23:11.72
A11035
20
currentTime ==================>1023
1023
2
当前时间====>2010-10-19 10:23:20.44
未配置日期替换规则,默认为前周期!
未配置owner1,owner2,无需切换用户模式
20101011
2010-10-19 10:23:20.453
jdbc:oracle:thin:@172.16.6.67:1521:crmdb1
totalcnt============>0
strDATE=================================>20101019102320
2010-10-19 10:23:20.671
按指定周期抽取,并指定抽取配置文件名,更新配置文件中抽取周期CYCLE
A11034
20
currentTime ==================>1023
1023
2
当前时间====>2010-10-19 10:23:30.802
未配置日期替换规则,默认为前周期!
未配置owner1,owner2,无需切换用户模式
20101012
2010-10-19 10:23:30.886
jdbc:oracle:thin:@172.16.6.67:1521:crmdb1
totalcnt============>162
strDATE=================================>20101019102331
2010-10-19 10:23:31.59
A11035
20
currentTime ==================>1023
1023
2
当前时间====>2010-10-19 10:23:40.803
未配置日期替换规则,默认为前周期!
未配置owner1,owner2,无需切换用户模式
20101012
2010-10-19 10:23:40.816
jdbc:oracle:thin:@172.16.6.67:1521:crmdb1
totalcnt============>0
strDATE=================================>20101019102340
2010-10-19 10:23:41.045
按指定周期抽取,并指定抽取配置文件名,更新配置文件中抽取周期CYCLE
A11034
20
currentTime ==================>1023
1023
2
当前时间====>2010-10-19 10:23:51.127
未配置日期替换规则,默认为前周期!
未配置owner1,owner2,无需切换用户模式
20101013
2010-10-19 10:23:51.214
jdbc:oracle:thin:@172.16.6.67:1521:crmdb1
totalcnt============>0
strDATE=================================>20101019102351
2010-10-19 10:23:51.701
A11035
20
currentTime ==================>1024
1024
2
当前时间====>2010-10-19 10:24:01.129
未配置日期替换规则,默认为前周期!
未配置owner1,owner2,无需切换用户模式
20101013
2010-10-19 10:24:01.143
jdbc:oracle:thin:@172.16.6.67:1521:crmdb1
totalcnt============>55
strDATE=================================>20101019102401
2010-10-19 10:24:01.38
按指定周期抽取,并指定抽取配置文件名,更新配置文件中抽取周期CYCLE
A11034
20
currentTime ==================>1024
1024
2
当前时间====>2010-10-19 10:24:11.455
未配置日期替换规则,默认为前周期!
未配置owner1,owner2,无需切换用户模式
20101014
2010-10-19 10:24:11.538
jdbc:oracle:thin:@172.16.6.67:1521:crmdb1
totalcnt============>2
strDATE=================================>20101019102411
2010-10-19 10:24:12.043
A11035
20
currentTime ==================>1024
1024
2
当前时间====>2010-10-19 10:24:21.457
未配置日期替换规则,默认为前周期!
未配置owner1,owner2,无需切换用户模式
20101014
2010-10-19 10:24:21.47
jdbc:oracle:thin:@172.16.6.67:1521:crmdb1
totalcnt============>75
strDATE=================================>20101019102421
2010-10-19 10:24:21.733
按指定周期抽取,并指定抽取配置文件名,更新配置文件中抽取周期CYCLE
A11034
20
currentTime ==================>1024
1024
2
当前时间====>2010-10-19 10:24:31.804
未配置日期替换规则,默认为前周期!
未配置owner1,owner2,无需切换用户模式
20101015
2010-10-19 10:24:31.888
jdbc:oracle:thin:@172.16.6.67:1521:crmdb1
totalcnt============>21
strDATE=================================>20101019102432
2010-10-19 10:24:32.399
A11035
20
currentTime ==================>1024
1024
2
当前时间====>2010-10-19 10:24:41.807
未配置日期替换规则,默认为前周期!
未配置owner1,owner2,无需切换用户模式
20101015
2010-10-19 10:24:41.82
jdbc:oracle:thin:@172.16.6.67:1521:crmdb1
totalcnt============>0
strDATE=================================>20101019102441
2010-10-19 10:24:42.005
按指定周期抽取,并指定抽取配置文件名,更新配置文件中抽取周期CYCLE
A11034
20
currentTime ==================>1024
1024
2
当前时间====>2010-10-19 10:24:52.127
未配置日期替换规则,默认为前周期!
未配置owner1,owner2,无需切换用户模式
20101016
2010-10-19 10:24:52.209
jdbc:oracle:thin:@172.16.6.67:1521:crmdb1
totalcnt============>0
strDATE=================================>20101019102452
2010-10-19 10:24:52.686
A11035
20
currentTime ==================>1025
1025
2
当前时间====>2010-10-19 10:25:02.129
未配置日期替换规则,默认为前周期!
未配置owner1,owner2,无需切换用户模式
20101016
2010-10-19 10:25:02.143
jdbc:oracle:thin:@172.16.6.67:1521:crmdb1
totalcnt============>101
strDATE=================================>20101019102502
2010-10-19 10:25:02.439
按指定周期抽取,并指定抽取配置文件名,更新配置文件中抽取周期CYCLE
A11034
20
currentTime ==================>1025
1025
2
当前时间====>2010-10-19 10:25:12.45
未配置日期替换规则,默认为前周期!
未配置owner1,owner2,无需切换用户模式
20101017
2010-10-19 10:25:12.533
jdbc:oracle:thin:@172.16.6.67:1521:crmdb1
totalcnt============>0
strDATE=================================>20101019102512
2010-10-19 10:25:13.021
A11035
20
currentTime ==================>1025
1025
2
当前时间====>2010-10-19 10:25:22.452
未配置日期替换规则,默认为前周期!
未配置owner1,owner2,无需切换用户模式
20101017
2010-10-19 10:25:22.466
jdbc:oracle:thin:@172.16.6.67:1521:crmdb1
totalcnt============>35
strDATE=================================>20101019102522
2010-10-19 10:25:22.682
按指定周期抽取,并指定抽取配置文件名,更新配置文件中抽取周期CYCLE
A11034
20
currentTime ==================>1025
1025
2
当前时间====>2010-10-19 10:25:32.769
未配置日期替换规则,默认为前周期!
未配置owner1,owner2,无需切换用户模式
20101018
2010-10-19 10:25:32.854
jdbc:oracle:thin:@172.16.6.67:1521:crmdb1
totalcnt============>0
strDATE=================================>20101019102533
2010-10-19 10:25:33.347
A11035
20
currentTime ==================>1025
1025
2
当前时间====>2010-10-19 10:25:42.77
未配置日期替换规则,默认为前周期!
未配置owner1,owner2,无需切换用户模式
20101018
2010-10-19 10:25:42.784
jdbc:oracle:thin:@172.16.6.67:1521:crmdb1
totalcnt============>0
strDATE=================================>20101019102542
2010-10-19 10:25:42.98
